[2019-04-26 08:07:27] laravel.EMERGENCY: Unable to create configured logger. Using emergency logger. {"exception":"[object] (InvalidArgumentException(code: 0): Log [] is not defined. at C:\\dd\\crmlaraveltest\\vendor\\laravel\\framework\\src\\Illuminate\\Log\\LogManager.php:168)
[stacktrace]
#0 C:\\dd\\crmlaraveltest\\vendor\\laravel\\framework\\src\\Illuminate\\Log\\LogManager.php(102): Illuminate\\Log\\LogManager->resolve(NULL)
#1 C:\\dd\\crmlaraveltest\\vendor\\laravel\\framework\\src\\Illuminate\\Log\\LogManager.php(90): Illuminate\\Log\\LogManager->get(NULL)
#2 C:\\dd\\crmlaraveltest\\vendor\\laravel\\framework\\src\\Illuminate\\Log\\LogManager.php(500): Illuminate\\Log\\LogManager->driver()
#3 C:\\dd\\crmlaraveltest\\vendor\\laravel\\framework\\src\\Illuminate\\Foundation\\Exceptions\\Handler.php(114): Illuminate\\Log\\LogManager->error('Class 'Auth' no...', Array)
#4 C:\\dd\\crmlaraveltest\\app\\Exceptions\\Handler.php(37): Illuminate\\Foundation\\Exceptions\\Handler->report(Object(Symfony\\Component\\Debug\\Exception\\FatalThrowableError))
#5 C:\\dd\\crmlaraveltest\\vendor\\laravel\\framework\\src\\Illuminate\\Foundation\\Http\\Kernel.php(314): App\\Exceptions\\Handler->report(Object(Symfony\\Component\\Debug\\Exception\\FatalThrowableError))
#6 C:\\dd\\crmlaraveltest\\vendor\\laravel\\framework\\src\\Illuminate\\Foundation\\Http\\Kernel.php(122): Illuminate\\Foundation\\Http\\Kernel->reportException(Object(Symfony\\Component\\Debug\\Exception\\FatalThrowableError))
#7 C:\\dd\\crmlaraveltest\\public\\index.php(55): Illuminate\\Foundation\\Http\\Kernel->handle(Object(Illuminate\\Http\\Request))
#8 C:\\dd\\crmlaraveltest\\server.php(21): require_once('C:\\\\dd\\\\crmlarave...')
#9 {main}
"} 
[2019-04-26 08:07:27] laravel.ERROR: Class 'Auth' not found {"exception":"[object] (Symfony\\Component\\Debug\\Exception\\FatalThrowableError(code: 0): Class 'Auth' not found at C:\\dd\\crmlaraveltest\\vendor\\laravel\\framework\\src\\Illuminate\\Foundation\\helpers.php:117)
[stacktrace]
#0 C:\\dd\\crmlaraveltest\\vendor\\laravel\\framework\\src\\Illuminate\\Foundation\\helpers.php(286): app('config')
#1 C:\\dd\\crmlaraveltest\\config\\backup.php(11): config('app.name')
#2 C:\\dd\\crmlaraveltest\\vendor\\laravel\\framework\\src\\Illuminate\\Foundation\\Bootstrap\\LoadConfiguration.php(72): require('C:\\\\dd\\\\crmlarave...')
#3 C:\\dd\\crmlaraveltest\\vendor\\laravel\\framework\\src\\Illuminate\\Foundation\\Bootstrap\\LoadConfiguration.php(39): Illuminate\\Foundation\\Bootstrap\\LoadConfiguration->loadConfigurationFiles(Object(Illuminate\\Foundation\\Application), Object(Illuminate\\Config\\Repository))
#4 C:\\dd\\crmlaraveltest\\vendor\\laravel\\framework\\src\\Illuminate\\Foundation\\Application.php(210): Illuminate\\Foundation\\Bootstrap\\LoadConfiguration->bootstrap(Object(Illuminate\\Foundation\\Application))
#5 C:\\dd\\crmlaraveltest\\vendor\\laravel\\framework\\src\\Illuminate\\Foundation\\Http\\Kernel.php(162): Illuminate\\Foundation\\Application->bootstrapWith(Array)
#6 C:\\dd\\crmlaraveltest\\vendor\\laravel\\framework\\src\\Illuminate\\Foundation\\Http\\Kernel.php(146): Illuminate\\Foundation\\Http\\Kernel->bootstrap()
#7 C:\\dd\\crmlaraveltest\\vendor\\laravel\\framework\\src\\Illuminate\\Foundation\\Http\\Kernel.php(116): Illuminate\\Foundation\\Http\\Kernel->sendRequestThroughRouter(Object(Illuminate\\Http\\Request))
#8 C:\\dd\\crmlaraveltest\\public\\index.php(55): Illuminate\\Foundation\\Http\\Kernel->handle(Object(Illuminate\\Http\\Request))
#9 C:\\dd\\crmlaraveltest\\server.php(21): require_once('C:\\\\dd\\\\crmlarave...')
#10 {main}
"} 
[2019-04-26 08:07:46] laravel.EMERGENCY: Unable to create configured logger. Using emergency logger. {"exception":"[object] (InvalidArgumentException(code: 0): Log [] is not defined. at C:\\dd\\crmlaraveltest\\vendor\\laravel\\framework\\src\\Illuminate\\Log\\LogManager.php:168)
[stacktrace]
#0 C:\\dd\\crmlaraveltest\\vendor\\laravel\\framework\\src\\Illuminate\\Log\\LogManager.php(102): Illuminate\\Log\\LogManager->resolve(NULL)
#1 C:\\dd\\crmlaraveltest\\vendor\\laravel\\framework\\src\\Illuminate\\Log\\LogManager.php(90): Illuminate\\Log\\LogManager->get(NULL)
#2 C:\\dd\\crmlaraveltest\\vendor\\laravel\\framework\\src\\Illuminate\\Log\\LogManager.php(500): Illuminate\\Log\\LogManager->driver()
#3 C:\\dd\\crmlaraveltest\\vendor\\laravel\\framework\\src\\Illuminate\\Foundation\\Exceptions\\Handler.php(114): Illuminate\\Log\\LogManager->error('A facade root h...', Array)
#4 C:\\dd\\crmlaraveltest\\app\\Exceptions\\Handler.php(37): Illuminate\\Foundation\\Exceptions\\Handler->report(Object(RuntimeException))
#5 C:\\dd\\crmlaraveltest\\vendor\\laravel\\framework\\src\\Illuminate\\Foundation\\Http\\Kernel.php(314): App\\Exceptions\\Handler->report(Object(RuntimeException))
#6 C:\\dd\\crmlaraveltest\\vendor\\laravel\\framework\\src\\Illuminate\\Foundation\\Http\\Kernel.php(118): Illuminate\\Foundation\\Http\\Kernel->reportException(Object(RuntimeException))
#7 C:\\dd\\crmlaraveltest\\public\\index.php(55): Illuminate\\Foundation\\Http\\Kernel->handle(Object(Illuminate\\Http\\Request))
#8 C:\\dd\\crmlaraveltest\\server.php(21): require_once('C:\\\\dd\\\\crmlarave...')
#9 {main}
"} 
[2019-04-26 08:07:46] laravel.ERROR: A facade root has not been set. {"exception":"[object] (RuntimeException(code: 0): A facade root has not been set. at C:\\dd\\crmlaraveltest\\vendor\\laravel\\framework\\src\\Illuminate\\Support\\Facades\\Facade.php:234)
[stacktrace]
#0 C:\\dd\\crmlaraveltest\\vendor\\laravel\\framework\\src\\Illuminate\\Foundation\\helpers.php(117): Illuminate\\Support\\Facades\\Facade::__callStatic('user', Array)
#1 C:\\dd\\crmlaraveltest\\vendor\\laravel\\framework\\src\\Illuminate\\Foundation\\helpers.php(286): app('config')
#2 C:\\dd\\crmlaraveltest\\config\\backup.php(11): config('app.name')
#3 C:\\dd\\crmlaraveltest\\vendor\\laravel\\framework\\src\\Illuminate\\Foundation\\Bootstrap\\LoadConfiguration.php(72): require('C:\\\\dd\\\\crmlarave...')
#4 C:\\dd\\crmlaraveltest\\vendor\\laravel\\framework\\src\\Illuminate\\Foundation\\Bootstrap\\LoadConfiguration.php(39): Illuminate\\Foundation\\Bootstrap\\LoadConfiguration->loadConfigurationFiles(Object(Illuminate\\Foundation\\Application), Object(Illuminate\\Config\\Repository))
#5 C:\\dd\\crmlaraveltest\\vendor\\laravel\\framework\\src\\Illuminate\\Foundation\\Application.php(210): Illuminate\\Foundation\\Bootstrap\\LoadConfiguration->bootstrap(Object(Illuminate\\Foundation\\Application))
#6 C:\\dd\\crmlaraveltest\\vendor\\laravel\\framework\\src\\Illuminate\\Foundation\\Http\\Kernel.php(162): Illuminate\\Foundation\\Application->bootstrapWith(Array)
#7 C:\\dd\\crmlaraveltest\\vendor\\laravel\\framework\\src\\Illuminate\\Foundation\\Http\\Kernel.php(146): Illuminate\\Foundation\\Http\\Kernel->bootstrap()
#8 C:\\dd\\crmlaraveltest\\vendor\\laravel\\framework\\src\\Illuminate\\Foundation\\Http\\Kernel.php(116): Illuminate\\Foundation\\Http\\Kernel->sendRequestThroughRouter(Object(Illuminate\\Http\\Request))
#9 C:\\dd\\crmlaraveltest\\public\\index.php(55): Illuminate\\Foundation\\Http\\Kernel->handle(Object(Illuminate\\Http\\Request))
#10 C:\\dd\\crmlaraveltest\\server.php(21): require_once('C:\\\\dd\\\\crmlarave...')
#11 {main}
"} 
[2019-04-26 08:07:47] laravel.EMERGENCY: Unable to create configured logger. Using emergency logger. {"exception":"[object] (InvalidArgumentException(code: 0): Log [] is not defined. at C:\\dd\\crmlaraveltest\\vendor\\laravel\\framework\\src\\Illuminate\\Log\\LogManager.php:168)
[stacktrace]
#0 C:\\dd\\crmlaraveltest\\vendor\\laravel\\framework\\src\\Illuminate\\Log\\LogManager.php(102): Illuminate\\Log\\LogManager->resolve(NULL)
#1 C:\\dd\\crmlaraveltest\\vendor\\laravel\\framework\\src\\Illuminate\\Log\\LogManager.php(90): Illuminate\\Log\\LogManager->get(NULL)
#2 C:\\dd\\crmlaraveltest\\vendor\\laravel\\framework\\src\\Illuminate\\Log\\LogManager.php(500): Illuminate\\Log\\LogManager->driver()
#3 C:\\dd\\crmlaraveltest\\vendor\\laravel\\framework\\src\\Illuminate\\Foundation\\Exceptions\\Handler.php(114): Illuminate\\Log\\LogManager->error('A facade root h...', Array)
#4 C:\\dd\\crmlaraveltest\\app\\Exceptions\\Handler.php(37): Illuminate\\Foundation\\Exceptions\\Handler->report(Object(RuntimeException))
#5 C:\\dd\\crmlaraveltest\\vendor\\laravel\\framework\\src\\Illuminate\\Foundation\\Http\\Kernel.php(314): App\\Exceptions\\Handler->report(Object(RuntimeException))
#6 C:\\dd\\crmlaraveltest\\vendor\\laravel\\framework\\src\\Illuminate\\Foundation\\Http\\Kernel.php(118): Illuminate\\Foundation\\Http\\Kernel->reportException(Object(RuntimeException))
#7 C:\\dd\\crmlaraveltest\\public\\index.php(55): Illuminate\\Foundation\\Http\\Kernel->handle(Object(Illuminate\\Http\\Request))
#8 C:\\dd\\crmlaraveltest\\server.php(21): require_once('C:\\\\dd\\\\crmlarave...')
#9 {main}
"} 
[2019-04-26 08:07:47] laravel.ERROR: A facade root has not been set. {"exception":"[object] (RuntimeException(code: 0): A facade root has not been set. at C:\\dd\\crmlaraveltest\\vendor\\laravel\\framework\\src\\Illuminate\\Support\\Facades\\Facade.php:234)
[stacktrace]
#0 C:\\dd\\crmlaraveltest\\vendor\\laravel\\framework\\src\\Illuminate\\Foundation\\helpers.php(117): Illuminate\\Support\\Facades\\Facade::__callStatic('user', Array)
#1 C:\\dd\\crmlaraveltest\\vendor\\laravel\\framework\\src\\Illuminate\\Foundation\\helpers.php(286): app('config')
#2 C:\\dd\\crmlaraveltest\\config\\backup.php(11): config('app.name')
#3 C:\\dd\\crmlaraveltest\\vendor\\laravel\\framework\\src\\Illuminate\\Foundation\\Bootstrap\\LoadConfiguration.php(72): require('C:\\\\dd\\\\crmlarave...')
#4 C:\\dd\\crmlaraveltest\\vendor\\laravel\\framework\\src\\Illuminate\\Foundation\\Bootstrap\\LoadConfiguration.php(39): Illuminate\\Foundation\\Bootstrap\\LoadConfiguration->loadConfigurationFiles(Object(Illuminate\\Foundation\\Application), Object(Illuminate\\Config\\Repository))
#5 C:\\dd\\crmlaraveltest\\vendor\\laravel\\framework\\src\\Illuminate\\Foundation\\Application.php(210): Illuminate\\Foundation\\Bootstrap\\LoadConfiguration->bootstrap(Object(Illuminate\\Foundation\\Application))
#6 C:\\dd\\crmlaraveltest\\vendor\\laravel\\framework\\src\\Illuminate\\Foundation\\Http\\Kernel.php(162): Illuminate\\Foundation\\Application->bootstrapWith(Array)
#7 C:\\dd\\crmlaraveltest\\vendor\\laravel\\framework\\src\\Illuminate\\Foundation\\Http\\Kernel.php(146): Illuminate\\Foundation\\Http\\Kernel->bootstrap()
#8 C:\\dd\\crmlaraveltest\\vendor\\laravel\\framework\\src\\Illuminate\\Foundation\\Http\\Kernel.php(116): Illuminate\\Foundation\\Http\\Kernel->sendRequestThroughRouter(Object(Illuminate\\Http\\Request))
#9 C:\\dd\\crmlaraveltest\\public\\index.php(55): Illuminate\\Foundation\\Http\\Kernel->handle(Object(Illuminate\\Http\\Request))
#10 C:\\dd\\crmlaraveltest\\server.php(21): require_once('C:\\\\dd\\\\crmlarave...')
#11 {main}
"} 
