[2020-10-04 12:02:52] local.ERROR: Trying to access array offset on value of type bool {"userId":1,"exception":"[object] (ErrorException(code: 0): Trying to access array offset on value of type bool at /home/eritqaaa/public_html/crmold.eritqaa.com.tr/vendor/mpdf/mpdf/src/Mpdf.php:10918)
[stacktrace]
#0 /home/eritqaaa/public_html/crmold.eritqaa.com.tr/vendor/mpdf/mpdf/src/Mpdf.php(10918): Illuminate\\Foundation\\Bootstrap\\HandleExceptions->handleError(8, 'Trying to acces...', '/home/eritqaaa/...', 10918, Array)
#1 /home/eritqaaa/public_html/crmold.eritqaa.com.tr/vendor/mpdf/mpdf/src/Mpdf.php(10976): Mpdf\\Mpdf->_setLineYpos(3.8805555555556, Array, '5.6444444444444...')
#2 /home/eritqaaa/public_html/crmold.eritqaa.com.tr/vendor/mpdf/mpdf/src/Mpdf.php(6384): Mpdf\\Mpdf->_setInlineBlockHeights(Array, 5.6444444444444, Array, Array, true)
#3 /home/eritqaaa/public_html/crmold.eritqaa.com.tr/vendor/mpdf/mpdf/src/Mpdf.php(16280): Mpdf\\Mpdf->finishFlowingBlock(true)
#4 /home/eritqaaa/public_html/crmold.eritqaa.com.tr/vendor/mpdf/mpdf/src/Mpdf.php(20186): Mpdf\\Mpdf->printbuffer(Array, '', true, true)
#5 /home/eritqaaa/public_html/crmold.eritqaa.com.tr/vendor/mpdf/mpdf/src/Tag/Table.php(855): Mpdf\\Mpdf->_tableHeight(Array)
#6 /home/eritqaaa/public_html/crmold.eritqaa.com.tr/vendor/mpdf/mpdf/src/Tag.php(250): Mpdf\\Tag\\Table->close(Array, 91)
#7 /home/eritqaaa/public_html/crmold.eritqaa.com.tr/vendor/mpdf/mpdf/src/Mpdf.php(13505): Mpdf\\Tag->CloseTag('TABLE', Array, 91)
#8 /home/eritqaaa/public_html/crmold.eritqaa.com.tr/app/Http/Controllers/Accounting/Invoice_cont.php(444): Mpdf\\Mpdf->WriteHTML(' <div class=\"in...')
#9 [internal function]: App\\Http\\Controllers\\Accounting\\Invoice_cont->printinvoice('206', 'd')
#10 /home/eritqaaa/public_html/crmold.eritqaa.com.tr/vendor/laravel/framework/src/Illuminate/Routing/Controller.php(54): call_user_func_array(Array, Array)
#11 /home/eritqaaa/public_html/crmold.eritqaa.com.tr/vendor/laravel/framework/src/Illuminate/Routing/ControllerDispatcher.php(45): Illuminate\\Routing\\Controller->callAction('printinvoice', Array)
#12 /home/eritqaaa/public_html/crmold.eritqaa.com.tr/vendor/laravel/framework/src/Illuminate/Routing/Route.php(219): Illuminate\\Routing\\ControllerDispatcher->dispatch(Object(Illuminate\\Routing\\Route), Object(App\\Http\\Controllers\\Accounting\\Invoice_cont), 'printinvoice')
#13 /home/eritqaaa/public_html/crmold.eritqaa.com.tr/vendor/laravel/framework/src/Illuminate/Routing/Route.php(176): Illuminate\\Routing\\Route->runController()
#14 /home/eritqaaa/public_html/crmold.eritqaa.com.tr/vendor/laravel/framework/src/Illuminate/Routing/Router.php(680): Illuminate\\Routing\\Route->run()
#15 /home/eritqaaa/public_html/crmold.eritqaa.com.tr/vendor/laravel/framework/src/Illuminate/Routing/Pipeline.php(30): Illuminate\\Routing\\Router->Illuminate\\Routing\\{closure}(Object(Illuminate\\Http\\Request))
#16 /home/eritqaaa/public_html/crmold.eritqaa.com.tr/app/Http/Middleware/UserIsLogin.php(24): Illuminate\\Routing\\Pipeline->Illuminate\\Routing\\{closure}(Object(Illuminate\\Http\\Request))
#17 /home/eritqaaa/public_html/crmold.eritqaa.com.tr/vendor/laravel/framework/src/Illuminate/Pipeline/Pipeline.php(163): App\\Http\\Middleware\\UserIsLogin->handle(Object(Illuminate\\Http\\Request), Object(Closure))
#18 /home/eritqaaa/public_html/crmold.eritqaa.com.tr/vendor/laravel/framework/src/Illuminate/Routing/Pipeline.php(53): Illuminate\\Pipeline\\Pipeline->Illuminate\\Pipeline\\{closure}(Object(Illuminate\\Http\\Request))
#19 /home/eritqaaa/public_html/crmold.eritqaa.com.tr/app/Http/Middleware/Localization.php(23): Illuminate\\Routing\\Pipeline->Illuminate\\Routing\\{closure}(Object(Illuminate\\Http\\Request))
#20 /home/eritqaaa/public_html/crmold.eritqaa.com.tr/vendor/laravel/framework/src/Illuminate/Pipeline/Pipeline.php(163): App\\Http\\Middleware\\Localization->handle(Object(Illuminate\\Http\\Request), Object(Closure))
#21 /home/eritqaaa/public_html/crmold.eritqaa.com.tr/vendor/laravel/framework/src/Illuminate/Routing/Pipeline.php(53): Illuminate\\Pipeline\\Pipeline->Illuminate\\Pipeline\\{closure}(Object(Illuminate\\Http\\Request))
#22 /home/eritqaaa/public_html/crmold.eritqaa.com.tr/vendor/laravel/framework/src/Illuminate/Routing/Middleware/SubstituteBindings.php(41): Illuminate\\Routing\\Pipeline->Illuminate\\Routing\\{closure}(Object(Illuminate\\Http\\Request))
#23 /home/eritqaaa/public_html/crmold.eritqaa.com.tr/vendor/laravel/framework/src/Illuminate/Pipeline/Pipeline.php(163): Illuminate\\Routing\\Middleware\\SubstituteBindings->handle(Object(Illuminate\\Http\\Request), Object(Closure))
#24 /home/eritqaaa/public_html/crmold.eritqaa.com.tr/vendor/laravel/framework/src/Illuminate/Routing/Pipeline.php(53): Illuminate\\Pipeline\\Pipeline->Illuminate\\Pipeline\\{closure}(Object(Illuminate\\Http\\Request))
#25 /home/eritqaaa/public_html/crmold.eritqaa.com.tr/vendor/laravel/framework/src/Illuminate/Foundation/Http/Middleware/VerifyCsrfToken.php(75): Illuminate\\Routing\\Pipeline->Illuminate\\Routing\\{closure}(Object(Illuminate\\Http\\Request))
#26 /home/eritqaaa/public_html/crmold.eritqaa.com.tr/vendor/laravel/framework/src/Illuminate/Pipeline/Pipeline.php(163): Illuminate\\Foundation\\Http\\Middleware\\VerifyCsrfToken->handle(Object(Illuminate\\Http\\Request), Object(Closure))
#27 /home/eritqaaa/public_html/crmold.eritqaa.com.tr/vendor/laravel/framework/src/Illuminate/Routing/Pipeline.php(53): Illuminate\\Pipeline\\Pipeline->Illuminate\\Pipeline\\{closure}(Object(Illuminate\\Http\\Request))
#28 /home/eritqaaa/public_html/crmold.eritqaa.com.tr/vendor/laravel/framework/src/Illuminate/View/Middleware/ShareErrorsFromSession.php(49): Illuminate\\Routing\\Pipeline->Illuminate\\Routing\\{closure}(Object(Illuminate\\Http\\Request))
#29 /home/eritqaaa/public_html/crmold.eritqaa.com.tr/vendor/laravel/framework/src/Illuminate/Pipeline/Pipeline.php(163): Illuminate\\View\\Middleware\\ShareErrorsFromSession->handle(Object(Illuminate\\Http\\Request), Object(Closure))
#30 /home/eritqaaa/public_html/crmold.eritqaa.com.tr/vendor/laravel/framework/src/Illuminate/Routing/Pipeline.php(53): Illuminate\\Pipeline\\Pipeline->Illuminate\\Pipeline\\{closure}(Object(Illuminate\\Http\\Request))
#31 /home/eritqaaa/public_html/crmold.eritqaa.com.tr/vendor/laravel/framework/src/Illuminate/Session/Middleware/StartSession.php(56): Illuminate\\Routing\\Pipeline->Illuminate\\Routing\\{closure}(Object(Illuminate\\Http\\Request))
#32 /home/eritqaaa/public_html/crmold.eritqaa.com.tr/vendor/laravel/framework/src/Illuminate/Pipeline/Pipeline.php(163): Illuminate\\Session\\Middleware\\StartSession->handle(Object(Illuminate\\Http\\Request), Object(Closure))
#33 /home/eritqaaa/public_html/crmold.eritqaa.com.tr/vendor/laravel/framework/src/Illuminate/Routing/Pipeline.php(53): Illuminate\\Pipeline\\Pipeline->Illuminate\\Pipeline\\{closure}(Object(Illuminate\\Http\\Request))
#34 /home/eritqaaa/public_html/crmold.eritqaa.com.tr/vendor/laravel/framework/src/Illuminate/Cookie/Middleware/AddQueuedCookiesToResponse.php(37): Illuminate\\Routing\\Pipeline->Illuminate\\Routing\\{closure}(Object(Illuminate\\Http\\Request))
#35 /home/eritqaaa/public_html/crmold.eritqaa.com.tr/vendor/laravel/framework/src/Illuminate/Pipeline/Pipeline.php(163): Illuminate\\Cookie\\Middleware\\AddQueuedCookiesToResponse->handle(Object(Illuminate\\Http\\Request), Object(Closure))
#36 /home/eritqaaa/public_html/crmold.eritqaa.com.tr/vendor/laravel/framework/src/Illuminate/Routing/Pipeline.php(53): Illuminate\\Pipeline\\Pipeline->Illuminate\\Pipeline\\{closure}(Object(Illuminate\\Http\\Request))
#37 /home/eritqaaa/public_html/crmold.eritqaa.com.tr/vendor/laravel/framework/src/Illuminate/Cookie/Middleware/EncryptCookies.php(66): Illuminate\\Routing\\Pipeline->Illuminate\\Routing\\{closure}(Object(Illuminate\\Http\\Request))
#38 /home/eritqaaa/public_html/crmold.eritqaa.com.tr/vendor/laravel/framework/src/Illuminate/Pipeline/Pipeline.php(163): Illuminate\\Cookie\\Middleware\\EncryptCookies->handle(Object(Illuminate\\Http\\Request), Object(Closure))
#39 /home/eritqaaa/public_html/crmold.eritqaa.com.tr/vendor/laravel/framework/src/Illuminate/Routing/Pipeline.php(53): Illuminate\\Pipeline\\Pipeline->Illuminate\\Pipeline\\{closure}(Object(Illuminate\\Http\\Request))
#40 /home/eritqaaa/public_html/crmold.eritqaa.com.tr/vendor/laravel/framework/src/Illuminate/Pipeline/Pipeline.php(104): Illuminate\\Routing\\Pipeline->Illuminate\\Routing\\{closure}(Object(Illuminate\\Http\\Request))
#41 /home/eritqaaa/public_html/crmold.eritqaa.com.tr/vendor/laravel/framework/src/Illuminate/Routing/Router.php(682): Illuminate\\Pipeline\\Pipeline->then(Object(Closure))
#42 /home/eritqaaa/public_html/crmold.eritqaa.com.tr/vendor/laravel/framework/src/Illuminate/Routing/Router.php(657): Illuminate\\Routing\\Router->runRouteWithinStack(Object(Illuminate\\Routing\\Route), Object(Illuminate\\Http\\Request))
#43 /home/eritqaaa/public_html/crmold.eritqaa.com.tr/vendor/laravel/framework/src/Illuminate/Routing/Router.php(623): Illuminate\\Routing\\Router->runRoute(Object(Illuminate\\Http\\Request), Object(Illuminate\\Routing\\Route))
#44 /home/eritqaaa/public_html/crmold.eritqaa.com.tr/vendor/laravel/framework/src/Illuminate/Routing/Router.php(612): Illuminate\\Routing\\Router->dispatchToRoute(Object(Illuminate\\Http\\Request))
#45 /home/eritqaaa/public_html/crmold.eritqaa.com.tr/vendor/laravel/framework/src/Illuminate/Foundation/Http/Kernel.php(176): Illuminate\\Routing\\Router->dispatch(Object(Illuminate\\Http\\Request))
#46 /home/eritqaaa/public_html/crmold.eritqaa.com.tr/vendor/laravel/framework/src/Illuminate/Routing/Pipeline.php(30): Illuminate\\Foundation\\Http\\Kernel->Illuminate\\Foundation\\Http\\{closure}(Object(Illuminate\\Http\\Request))
#47 /home/eritqaaa/public_html/crmold.eritqaa.com.tr/vendor/fideloper/proxy/src/TrustProxies.php(57): Illuminate\\Routing\\Pipeline->Illuminate\\Routing\\{closure}(Object(Illuminate\\Http\\Request))
#48 /home/eritqaaa/public_html/crmold.eritqaa.com.tr/vendor/laravel/framework/src/Illuminate/Pipeline/Pipeline.php(163): Fideloper\\Proxy\\TrustProxies->handle(Object(Illuminate\\Http\\Request), Object(Closure))
#49 /home/eritqaaa/public_html/crmold.eritqaa.com.tr/vendor/laravel/framework/src/Illuminate/Routing/Pipeline.php(53): Illuminate\\Pipeline\\Pipeline->Illuminate\\Pipeline\\{closure}(Object(Illuminate\\Http\\Request))
#50 /home/eritqaaa/public_html/crmold.eritqaa.com.tr/vendor/laravel/framework/src/Illuminate/Foundation/Http/Middleware/TransformsRequest.php(21): Illuminate\\Routing\\Pipeline->Illuminate\\Routing\\{closure}(Object(Illuminate\\Http\\Request))
#51 /home/eritqaaa/public_html/crmold.eritqaa.com.tr/vendor/laravel/framework/src/Illuminate/Pipeline/Pipeline.php(163): Illuminate\\Foundation\\Http\\Middleware\\TransformsRequest->handle(Object(Illuminate\\Http\\Request), Object(Closure))
#52 /home/eritqaaa/public_html/crmold.eritqaa.com.tr/vendor/laravel/framework/src/Illuminate/Routing/Pipeline.php(53): Illuminate\\Pipeline\\Pipeline->Illuminate\\Pipeline\\{closure}(Object(Illuminate\\Http\\Request))
#53 /home/eritqaaa/public_html/crmold.eritqaa.com.tr/vendor/laravel/framework/src/Illuminate/Foundation/Http/Middleware/TransformsRequest.php(21): Illuminate\\Routing\\Pipeline->Illuminate\\Routing\\{closure}(Object(Illuminate\\Http\\Request))
#54 /home/eritqaaa/public_html/crmold.eritqaa.com.tr/vendor/laravel/framework/src/Illuminate/Pipeline/Pipeline.php(163): Illuminate\\Foundation\\Http\\Middleware\\TransformsRequest->handle(Object(Illuminate\\Http\\Request), Object(Closure))
#55 /home/eritqaaa/public_html/crmold.eritqaa.com.tr/vendor/laravel/framework/src/Illuminate/Routing/Pipeline.php(53): Illuminate\\Pipeline\\Pipeline->Illuminate\\Pipeline\\{closure}(Object(Illuminate\\Http\\Request))
#56 /home/eritqaaa/public_html/crmold.eritqaa.com.tr/vendor/laravel/framework/src/Illuminate/Foundation/Http/Middleware/ValidatePostSize.php(27): Illuminate\\Routing\\Pipeline->Illuminate\\Routing\\{closure}(Object(Illuminate\\Http\\Request))
#57 /home/eritqaaa/public_html/crmold.eritqaa.com.tr/vendor/laravel/framework/src/Illuminate/Pipeline/Pipeline.php(163): Illuminate\\Foundation\\Http\\Middleware\\ValidatePostSize->handle(Object(Illuminate\\Http\\Request), Object(Closure))
#58 /home/eritqaaa/public_html/crmold.eritqaa.com.tr/vendor/laravel/framework/src/Illuminate/Routing/Pipeline.php(53): Illuminate\\Pipeline\\Pipeline->Illuminate\\Pipeline\\{closure}(Object(Illuminate\\Http\\Request))
#59 /home/eritqaaa/public_html/crmold.eritqaa.com.tr/vendor/laravel/framework/src/Illuminate/Foundation/Http/Middleware/CheckForMaintenanceMode.php(62): Illuminate\\Routing\\Pipeline->Illuminate\\Routing\\{closure}(Object(Illuminate\\Http\\Request))
#60 /home/eritqaaa/public_html/crmold.eritqaa.com.tr/vendor/laravel/framework/src/Illuminate/Pipeline/Pipeline.php(163): Illuminate\\Foundation\\Http\\Middleware\\CheckForMaintenanceMode->handle(Object(Illuminate\\Http\\Request), Object(Closure))
#61 /home/eritqaaa/public_html/crmold.eritqaa.com.tr/vendor/laravel/framework/src/Illuminate/Routing/Pipeline.php(53): Illuminate\\Pipeline\\Pipeline->Illuminate\\Pipeline\\{closure}(Object(Illuminate\\Http\\Request))
#62 /home/eritqaaa/public_html/crmold.eritqaa.com.tr/vendor/laravel/framework/src/Illuminate/Pipeline/Pipeline.php(104): Illuminate\\Routing\\Pipeline->Illuminate\\Routing\\{closure}(Object(Illuminate\\Http\\Request))
#63 /home/eritqaaa/public_html/crmold.eritqaa.com.tr/vendor/laravel/framework/src/Illuminate/Foundation/Http/Kernel.php(151): Illuminate\\Pipeline\\Pipeline->then(Object(Closure))
#64 /home/eritqaaa/public_html/crmold.eritqaa.com.tr/vendor/laravel/framework/src/Illuminate/Foundation/Http/Kernel.php(116): Illuminate\\Foundation\\Http\\Kernel->sendRequestThroughRouter(Object(Illuminate\\Http\\Request))
#65 /home/eritqaaa/public_html/crmold.eritqaa.com.tr/public/index.php(55): Illuminate\\Foundation\\Http\\Kernel->handle(Object(Illuminate\\Http\\Request))
#66 {main}
"} 
[2020-10-04 12:03:05] local.ERROR: Trying to access array offset on value of type bool {"userId":1,"exception":"[object] (ErrorException(code: 0): Trying to access array offset on value of type bool at /home/eritqaaa/public_html/crmold.eritqaa.com.tr/vendor/mpdf/mpdf/src/Mpdf.php:10918)
[stacktrace]
#0 /home/eritqaaa/public_html/crmold.eritqaa.com.tr/vendor/mpdf/mpdf/src/Mpdf.php(10918): Illuminate\\Foundation\\Bootstrap\\HandleExceptions->handleError(8, 'Trying to acces...', '/home/eritqaaa/...', 10918, Array)
#1 /home/eritqaaa/public_html/crmold.eritqaa.com.tr/vendor/mpdf/mpdf/src/Mpdf.php(10976): Mpdf\\Mpdf->_setLineYpos(3.8805555555556, Array, '5.6444444444444...')
#2 /home/eritqaaa/public_html/crmold.eritqaa.com.tr/vendor/mpdf/mpdf/src/Mpdf.php(6384): Mpdf\\Mpdf->_setInlineBlockHeights(Array, 5.6444444444444, Array, Array, true)
#3 /home/eritqaaa/public_html/crmold.eritqaa.com.tr/vendor/mpdf/mpdf/src/Mpdf.php(16280): Mpdf\\Mpdf->finishFlowingBlock(true)
#4 /home/eritqaaa/public_html/crmold.eritqaa.com.tr/vendor/mpdf/mpdf/src/Mpdf.php(20186): Mpdf\\Mpdf->printbuffer(Array, '', true, true)
#5 /home/eritqaaa/public_html/crmold.eritqaa.com.tr/vendor/mpdf/mpdf/src/Tag/Table.php(855): Mpdf\\Mpdf->_tableHeight(Array)
#6 /home/eritqaaa/public_html/crmold.eritqaa.com.tr/vendor/mpdf/mpdf/src/Tag.php(250): Mpdf\\Tag\\Table->close(Array, 91)
#7 /home/eritqaaa/public_html/crmold.eritqaa.com.tr/vendor/mpdf/mpdf/src/Mpdf.php(13505): Mpdf\\Tag->CloseTag('TABLE', Array, 91)
#8 /home/eritqaaa/public_html/crmold.eritqaa.com.tr/app/Http/Controllers/Accounting/Invoice_cont.php(444): Mpdf\\Mpdf->WriteHTML(' <div class=\"in...')
#9 [internal function]: App\\Http\\Controllers\\Accounting\\Invoice_cont->printinvoice('206', 'I')
#10 /home/eritqaaa/public_html/crmold.eritqaa.com.tr/vendor/laravel/framework/src/Illuminate/Routing/Controller.php(54): call_user_func_array(Array, Array)
#11 /home/eritqaaa/public_html/crmold.eritqaa.com.tr/vendor/laravel/framework/src/Illuminate/Routing/ControllerDispatcher.php(45): Illuminate\\Routing\\Controller->callAction('printinvoice', Array)
#12 /home/eritqaaa/public_html/crmold.eritqaa.com.tr/vendor/laravel/framework/src/Illuminate/Routing/Route.php(219): Illuminate\\Routing\\ControllerDispatcher->dispatch(Object(Illuminate\\Routing\\Route), Object(App\\Http\\Controllers\\Accounting\\Invoice_cont), 'printinvoice')
#13 /home/eritqaaa/public_html/crmold.eritqaa.com.tr/vendor/laravel/framework/src/Illuminate/Routing/Route.php(176): Illuminate\\Routing\\Route->runController()
#14 /home/eritqaaa/public_html/crmold.eritqaa.com.tr/vendor/laravel/framework/src/Illuminate/Routing/Router.php(680): Illuminate\\Routing\\Route->run()
#15 /home/eritqaaa/public_html/crmold.eritqaa.com.tr/vendor/laravel/framework/src/Illuminate/Routing/Pipeline.php(30): Illuminate\\Routing\\Router->Illuminate\\Routing\\{closure}(Object(Illuminate\\Http\\Request))
#16 /home/eritqaaa/public_html/crmold.eritqaa.com.tr/app/Http/Middleware/UserIsLogin.php(24): Illuminate\\Routing\\Pipeline->Illuminate\\Routing\\{closure}(Object(Illuminate\\Http\\Request))
#17 /home/eritqaaa/public_html/crmold.eritqaa.com.tr/vendor/laravel/framework/src/Illuminate/Pipeline/Pipeline.php(163): App\\Http\\Middleware\\UserIsLogin->handle(Object(Illuminate\\Http\\Request), Object(Closure))
#18 /home/eritqaaa/public_html/crmold.eritqaa.com.tr/vendor/laravel/framework/src/Illuminate/Routing/Pipeline.php(53): Illuminate\\Pipeline\\Pipeline->Illuminate\\Pipeline\\{closure}(Object(Illuminate\\Http\\Request))
#19 /home/eritqaaa/public_html/crmold.eritqaa.com.tr/app/Http/Middleware/Localization.php(23): Illuminate\\Routing\\Pipeline->Illuminate\\Routing\\{closure}(Object(Illuminate\\Http\\Request))
#20 /home/eritqaaa/public_html/crmold.eritqaa.com.tr/vendor/laravel/framework/src/Illuminate/Pipeline/Pipeline.php(163): App\\Http\\Middleware\\Localization->handle(Object(Illuminate\\Http\\Request), Object(Closure))
#21 /home/eritqaaa/public_html/crmold.eritqaa.com.tr/vendor/laravel/framework/src/Illuminate/Routing/Pipeline.php(53): Illuminate\\Pipeline\\Pipeline->Illuminate\\Pipeline\\{closure}(Object(Illuminate\\Http\\Request))
#22 /home/eritqaaa/public_html/crmold.eritqaa.com.tr/vendor/laravel/framework/src/Illuminate/Routing/Middleware/SubstituteBindings.php(41): Illuminate\\Routing\\Pipeline->Illuminate\\Routing\\{closure}(Object(Illuminate\\Http\\Request))
#23 /home/eritqaaa/public_html/crmold.eritqaa.com.tr/vendor/laravel/framework/src/Illuminate/Pipeline/Pipeline.php(163): Illuminate\\Routing\\Middleware\\SubstituteBindings->handle(Object(Illuminate\\Http\\Request), Object(Closure))
#24 /home/eritqaaa/public_html/crmold.eritqaa.com.tr/vendor/laravel/framework/src/Illuminate/Routing/Pipeline.php(53): Illuminate\\Pipeline\\Pipeline->Illuminate\\Pipeline\\{closure}(Object(Illuminate\\Http\\Request))
#25 /home/eritqaaa/public_html/crmold.eritqaa.com.tr/vendor/laravel/framework/src/Illuminate/Foundation/Http/Middleware/VerifyCsrfToken.php(75): Illuminate\\Routing\\Pipeline->Illuminate\\Routing\\{closure}(Object(Illuminate\\Http\\Request))
#26 /home/eritqaaa/public_html/crmold.eritqaa.com.tr/vendor/laravel/framework/src/Illuminate/Pipeline/Pipeline.php(163): Illuminate\\Foundation\\Http\\Middleware\\VerifyCsrfToken->handle(Object(Illuminate\\Http\\Request), Object(Closure))
#27 /home/eritqaaa/public_html/crmold.eritqaa.com.tr/vendor/laravel/framework/src/Illuminate/Routing/Pipeline.php(53): Illuminate\\Pipeline\\Pipeline->Illuminate\\Pipeline\\{closure}(Object(Illuminate\\Http\\Request))
#28 /home/eritqaaa/public_html/crmold.eritqaa.com.tr/vendor/laravel/framework/src/Illuminate/View/Middleware/ShareErrorsFromSession.php(49): Illuminate\\Routing\\Pipeline->Illuminate\\Routing\\{closure}(Object(Illuminate\\Http\\Request))
#29 /home/eritqaaa/public_html/crmold.eritqaa.com.tr/vendor/laravel/framework/src/Illuminate/Pipeline/Pipeline.php(163): Illuminate\\View\\Middleware\\ShareErrorsFromSession->handle(Object(Illuminate\\Http\\Request), Object(Closure))
#30 /home/eritqaaa/public_html/crmold.eritqaa.com.tr/vendor/laravel/framework/src/Illuminate/Routing/Pipeline.php(53): Illuminate\\Pipeline\\Pipeline->Illuminate\\Pipeline\\{closure}(Object(Illuminate\\Http\\Request))
#31 /home/eritqaaa/public_html/crmold.eritqaa.com.tr/vendor/laravel/framework/src/Illuminate/Session/Middleware/StartSession.php(56): Illuminate\\Routing\\Pipeline->Illuminate\\Routing\\{closure}(Object(Illuminate\\Http\\Request))
#32 /home/eritqaaa/public_html/crmold.eritqaa.com.tr/vendor/laravel/framework/src/Illuminate/Pipeline/Pipeline.php(163): Illuminate\\Session\\Middleware\\StartSession->handle(Object(Illuminate\\Http\\Request), Object(Closure))
#33 /home/eritqaaa/public_html/crmold.eritqaa.com.tr/vendor/laravel/framework/src/Illuminate/Routing/Pipeline.php(53): Illuminate\\Pipeline\\Pipeline->Illuminate\\Pipeline\\{closure}(Object(Illuminate\\Http\\Request))
#34 /home/eritqaaa/public_html/crmold.eritqaa.com.tr/vendor/laravel/framework/src/Illuminate/Cookie/Middleware/AddQueuedCookiesToResponse.php(37): Illuminate\\Routing\\Pipeline->Illuminate\\Routing\\{closure}(Object(Illuminate\\Http\\Request))
#35 /home/eritqaaa/public_html/crmold.eritqaa.com.tr/vendor/laravel/framework/src/Illuminate/Pipeline/Pipeline.php(163): Illuminate\\Cookie\\Middleware\\AddQueuedCookiesToResponse->handle(Object(Illuminate\\Http\\Request), Object(Closure))
#36 /home/eritqaaa/public_html/crmold.eritqaa.com.tr/vendor/laravel/framework/src/Illuminate/Routing/Pipeline.php(53): Illuminate\\Pipeline\\Pipeline->Illuminate\\Pipeline\\{closure}(Object(Illuminate\\Http\\Request))
#37 /home/eritqaaa/public_html/crmold.eritqaa.com.tr/vendor/laravel/framework/src/Illuminate/Cookie/Middleware/EncryptCookies.php(66): Illuminate\\Routing\\Pipeline->Illuminate\\Routing\\{closure}(Object(Illuminate\\Http\\Request))
#38 /home/eritqaaa/public_html/crmold.eritqaa.com.tr/vendor/laravel/framework/src/Illuminate/Pipeline/Pipeline.php(163): Illuminate\\Cookie\\Middleware\\EncryptCookies->handle(Object(Illuminate\\Http\\Request), Object(Closure))
#39 /home/eritqaaa/public_html/crmold.eritqaa.com.tr/vendor/laravel/framework/src/Illuminate/Routing/Pipeline.php(53): Illuminate\\Pipeline\\Pipeline->Illuminate\\Pipeline\\{closure}(Object(Illuminate\\Http\\Request))
#40 /home/eritqaaa/public_html/crmold.eritqaa.com.tr/vendor/laravel/framework/src/Illuminate/Pipeline/Pipeline.php(104): Illuminate\\Routing\\Pipeline->Illuminate\\Routing\\{closure}(Object(Illuminate\\Http\\Request))
#41 /home/eritqaaa/public_html/crmold.eritqaa.com.tr/vendor/laravel/framework/src/Illuminate/Routing/Router.php(682): Illuminate\\Pipeline\\Pipeline->then(Object(Closure))
#42 /home/eritqaaa/public_html/crmold.eritqaa.com.tr/vendor/laravel/framework/src/Illuminate/Routing/Router.php(657): Illuminate\\Routing\\Router->runRouteWithinStack(Object(Illuminate\\Routing\\Route), Object(Illuminate\\Http\\Request))
#43 /home/eritqaaa/public_html/crmold.eritqaa.com.tr/vendor/laravel/framework/src/Illuminate/Routing/Router.php(623): Illuminate\\Routing\\Router->runRoute(Object(Illuminate\\Http\\Request), Object(Illuminate\\Routing\\Route))
#44 /home/eritqaaa/public_html/crmold.eritqaa.com.tr/vendor/laravel/framework/src/Illuminate/Routing/Router.php(612): Illuminate\\Routing\\Router->dispatchToRoute(Object(Illuminate\\Http\\Request))
#45 /home/eritqaaa/public_html/crmold.eritqaa.com.tr/vendor/laravel/framework/src/Illuminate/Foundation/Http/Kernel.php(176): Illuminate\\Routing\\Router->dispatch(Object(Illuminate\\Http\\Request))
#46 /home/eritqaaa/public_html/crmold.eritqaa.com.tr/vendor/laravel/framework/src/Illuminate/Routing/Pipeline.php(30): Illuminate\\Foundation\\Http\\Kernel->Illuminate\\Foundation\\Http\\{closure}(Object(Illuminate\\Http\\Request))
#47 /home/eritqaaa/public_html/crmold.eritqaa.com.tr/vendor/fideloper/proxy/src/TrustProxies.php(57): Illuminate\\Routing\\Pipeline->Illuminate\\Routing\\{closure}(Object(Illuminate\\Http\\Request))
#48 /home/eritqaaa/public_html/crmold.eritqaa.com.tr/vendor/laravel/framework/src/Illuminate/Pipeline/Pipeline.php(163): Fideloper\\Proxy\\TrustProxies->handle(Object(Illuminate\\Http\\Request), Object(Closure))
#49 /home/eritqaaa/public_html/crmold.eritqaa.com.tr/vendor/laravel/framework/src/Illuminate/Routing/Pipeline.php(53): Illuminate\\Pipeline\\Pipeline->Illuminate\\Pipeline\\{closure}(Object(Illuminate\\Http\\Request))
#50 /home/eritqaaa/public_html/crmold.eritqaa.com.tr/vendor/laravel/framework/src/Illuminate/Foundation/Http/Middleware/TransformsRequest.php(21): Illuminate\\Routing\\Pipeline->Illuminate\\Routing\\{closure}(Object(Illuminate\\Http\\Request))
#51 /home/eritqaaa/public_html/crmold.eritqaa.com.tr/vendor/laravel/framework/src/Illuminate/Pipeline/Pipeline.php(163): Illuminate\\Foundation\\Http\\Middleware\\TransformsRequest->handle(Object(Illuminate\\Http\\Request), Object(Closure))
#52 /home/eritqaaa/public_html/crmold.eritqaa.com.tr/vendor/laravel/framework/src/Illuminate/Routing/Pipeline.php(53): Illuminate\\Pipeline\\Pipeline->Illuminate\\Pipeline\\{closure}(Object(Illuminate\\Http\\Request))
#53 /home/eritqaaa/public_html/crmold.eritqaa.com.tr/vendor/laravel/framework/src/Illuminate/Foundation/Http/Middleware/TransformsRequest.php(21): Illuminate\\Routing\\Pipeline->Illuminate\\Routing\\{closure}(Object(Illuminate\\Http\\Request))
#54 /home/eritqaaa/public_html/crmold.eritqaa.com.tr/vendor/laravel/framework/src/Illuminate/Pipeline/Pipeline.php(163): Illuminate\\Foundation\\Http\\Middleware\\TransformsRequest->handle(Object(Illuminate\\Http\\Request), Object(Closure))
#55 /home/eritqaaa/public_html/crmold.eritqaa.com.tr/vendor/laravel/framework/src/Illuminate/Routing/Pipeline.php(53): Illuminate\\Pipeline\\Pipeline->Illuminate\\Pipeline\\{closure}(Object(Illuminate\\Http\\Request))
#56 /home/eritqaaa/public_html/crmold.eritqaa.com.tr/vendor/laravel/framework/src/Illuminate/Foundation/Http/Middleware/ValidatePostSize.php(27): Illuminate\\Routing\\Pipeline->Illuminate\\Routing\\{closure}(Object(Illuminate\\Http\\Request))
#57 /home/eritqaaa/public_html/crmold.eritqaa.com.tr/vendor/laravel/framework/src/Illuminate/Pipeline/Pipeline.php(163): Illuminate\\Foundation\\Http\\Middleware\\ValidatePostSize->handle(Object(Illuminate\\Http\\Request), Object(Closure))
#58 /home/eritqaaa/public_html/crmold.eritqaa.com.tr/vendor/laravel/framework/src/Illuminate/Routing/Pipeline.php(53): Illuminate\\Pipeline\\Pipeline->Illuminate\\Pipeline\\{closure}(Object(Illuminate\\Http\\Request))
#59 /home/eritqaaa/public_html/crmold.eritqaa.com.tr/vendor/laravel/framework/src/Illuminate/Foundation/Http/Middleware/CheckForMaintenanceMode.php(62): Illuminate\\Routing\\Pipeline->Illuminate\\Routing\\{closure}(Object(Illuminate\\Http\\Request))
#60 /home/eritqaaa/public_html/crmold.eritqaa.com.tr/vendor/laravel/framework/src/Illuminate/Pipeline/Pipeline.php(163): Illuminate\\Foundation\\Http\\Middleware\\CheckForMaintenanceMode->handle(Object(Illuminate\\Http\\Request), Object(Closure))
#61 /home/eritqaaa/public_html/crmold.eritqaa.com.tr/vendor/laravel/framework/src/Illuminate/Routing/Pipeline.php(53): Illuminate\\Pipeline\\Pipeline->Illuminate\\Pipeline\\{closure}(Object(Illuminate\\Http\\Request))
#62 /home/eritqaaa/public_html/crmold.eritqaa.com.tr/vendor/laravel/framework/src/Illuminate/Pipeline/Pipeline.php(104): Illuminate\\Routing\\Pipeline->Illuminate\\Routing\\{closure}(Object(Illuminate\\Http\\Request))
#63 /home/eritqaaa/public_html/crmold.eritqaa.com.tr/vendor/laravel/framework/src/Illuminate/Foundation/Http/Kernel.php(151): Illuminate\\Pipeline\\Pipeline->then(Object(Closure))
#64 /home/eritqaaa/public_html/crmold.eritqaa.com.tr/vendor/laravel/framework/src/Illuminate/Foundation/Http/Kernel.php(116): Illuminate\\Foundation\\Http\\Kernel->sendRequestThroughRouter(Object(Illuminate\\Http\\Request))
#65 /home/eritqaaa/public_html/crmold.eritqaa.com.tr/public/index.php(55): Illuminate\\Foundation\\Http\\Kernel->handle(Object(Illuminate\\Http\\Request))
#66 {main}
"} 
[2020-10-04 12:03:10] local.ERROR: Trying to access array offset on value of type bool {"userId":1,"exception":"[object] (ErrorException(code: 0): Trying to access array offset on value of type bool at /home/eritqaaa/public_html/crmold.eritqaa.com.tr/vendor/mpdf/mpdf/src/Mpdf.php:10918)
[stacktrace]
#0 /home/eritqaaa/public_html/crmold.eritqaa.com.tr/vendor/mpdf/mpdf/src/Mpdf.php(10918): Illuminate\\Foundation\\Bootstrap\\HandleExceptions->handleError(8, 'Trying to acces...', '/home/eritqaaa/...', 10918, Array)
#1 /home/eritqaaa/public_html/crmold.eritqaa.com.tr/vendor/mpdf/mpdf/src/Mpdf.php(10976): Mpdf\\Mpdf->_setLineYpos(3.8805555555556, Array, '5.6444444444444...')
#2 /home/eritqaaa/public_html/crmold.eritqaa.com.tr/vendor/mpdf/mpdf/src/Mpdf.php(6384): Mpdf\\Mpdf->_setInlineBlockHeights(Array, 5.6444444444444, Array, Array, true)
#3 /home/eritqaaa/public_html/crmold.eritqaa.com.tr/vendor/mpdf/mpdf/src/Mpdf.php(16280): Mpdf\\Mpdf->finishFlowingBlock(true)
#4 /home/eritqaaa/public_html/crmold.eritqaa.com.tr/vendor/mpdf/mpdf/src/Mpdf.php(20186): Mpdf\\Mpdf->printbuffer(Array, '', true, true)
#5 /home/eritqaaa/public_html/crmold.eritqaa.com.tr/vendor/mpdf/mpdf/src/Tag/Table.php(855): Mpdf\\Mpdf->_tableHeight(Array)
#6 /home/eritqaaa/public_html/crmold.eritqaa.com.tr/vendor/mpdf/mpdf/src/Tag.php(250): Mpdf\\Tag\\Table->close(Array, 91)
#7 /home/eritqaaa/public_html/crmold.eritqaa.com.tr/vendor/mpdf/mpdf/src/Mpdf.php(13505): Mpdf\\Tag->CloseTag('TABLE', Array, 91)
#8 /home/eritqaaa/public_html/crmold.eritqaa.com.tr/app/Http/Controllers/Accounting/Invoice_cont.php(444): Mpdf\\Mpdf->WriteHTML(' <div class=\"in...')
#9 [internal function]: App\\Http\\Controllers\\Accounting\\Invoice_cont->printinvoice('206', 'd')
#10 /home/eritqaaa/public_html/crmold.eritqaa.com.tr/vendor/laravel/framework/src/Illuminate/Routing/Controller.php(54): call_user_func_array(Array, Array)
#11 /home/eritqaaa/public_html/crmold.eritqaa.com.tr/vendor/laravel/framework/src/Illuminate/Routing/ControllerDispatcher.php(45): Illuminate\\Routing\\Controller->callAction('printinvoice', Array)
#12 /home/eritqaaa/public_html/crmold.eritqaa.com.tr/vendor/laravel/framework/src/Illuminate/Routing/Route.php(219): Illuminate\\Routing\\ControllerDispatcher->dispatch(Object(Illuminate\\Routing\\Route), Object(App\\Http\\Controllers\\Accounting\\Invoice_cont), 'printinvoice')
#13 /home/eritqaaa/public_html/crmold.eritqaa.com.tr/vendor/laravel/framework/src/Illuminate/Routing/Route.php(176): Illuminate\\Routing\\Route->runController()
#14 /home/eritqaaa/public_html/crmold.eritqaa.com.tr/vendor/laravel/framework/src/Illuminate/Routing/Router.php(680): Illuminate\\Routing\\Route->run()
#15 /home/eritqaaa/public_html/crmold.eritqaa.com.tr/vendor/laravel/framework/src/Illuminate/Routing/Pipeline.php(30): Illuminate\\Routing\\Router->Illuminate\\Routing\\{closure}(Object(Illuminate\\Http\\Request))
#16 /home/eritqaaa/public_html/crmold.eritqaa.com.tr/app/Http/Middleware/UserIsLogin.php(24): Illuminate\\Routing\\Pipeline->Illuminate\\Routing\\{closure}(Object(Illuminate\\Http\\Request))
#17 /home/eritqaaa/public_html/crmold.eritqaa.com.tr/vendor/laravel/framework/src/Illuminate/Pipeline/Pipeline.php(163): App\\Http\\Middleware\\UserIsLogin->handle(Object(Illuminate\\Http\\Request), Object(Closure))
#18 /home/eritqaaa/public_html/crmold.eritqaa.com.tr/vendor/laravel/framework/src/Illuminate/Routing/Pipeline.php(53): Illuminate\\Pipeline\\Pipeline->Illuminate\\Pipeline\\{closure}(Object(Illuminate\\Http\\Request))
#19 /home/eritqaaa/public_html/crmold.eritqaa.com.tr/app/Http/Middleware/Localization.php(23): Illuminate\\Routing\\Pipeline->Illuminate\\Routing\\{closure}(Object(Illuminate\\Http\\Request))
#20 /home/eritqaaa/public_html/crmold.eritqaa.com.tr/vendor/laravel/framework/src/Illuminate/Pipeline/Pipeline.php(163): App\\Http\\Middleware\\Localization->handle(Object(Illuminate\\Http\\Request), Object(Closure))
#21 /home/eritqaaa/public_html/crmold.eritqaa.com.tr/vendor/laravel/framework/src/Illuminate/Routing/Pipeline.php(53): Illuminate\\Pipeline\\Pipeline->Illuminate\\Pipeline\\{closure}(Object(Illuminate\\Http\\Request))
#22 /home/eritqaaa/public_html/crmold.eritqaa.com.tr/vendor/laravel/framework/src/Illuminate/Routing/Middleware/SubstituteBindings.php(41): Illuminate\\Routing\\Pipeline->Illuminate\\Routing\\{closure}(Object(Illuminate\\Http\\Request))
#23 /home/eritqaaa/public_html/crmold.eritqaa.com.tr/vendor/laravel/framework/src/Illuminate/Pipeline/Pipeline.php(163): Illuminate\\Routing\\Middleware\\SubstituteBindings->handle(Object(Illuminate\\Http\\Request), Object(Closure))
#24 /home/eritqaaa/public_html/crmold.eritqaa.com.tr/vendor/laravel/framework/src/Illuminate/Routing/Pipeline.php(53): Illuminate\\Pipeline\\Pipeline->Illuminate\\Pipeline\\{closure}(Object(Illuminate\\Http\\Request))
#25 /home/eritqaaa/public_html/crmold.eritqaa.com.tr/vendor/laravel/framework/src/Illuminate/Foundation/Http/Middleware/VerifyCsrfToken.php(75): Illuminate\\Routing\\Pipeline->Illuminate\\Routing\\{closure}(Object(Illuminate\\Http\\Request))
#26 /home/eritqaaa/public_html/crmold.eritqaa.com.tr/vendor/laravel/framework/src/Illuminate/Pipeline/Pipeline.php(163): Illuminate\\Foundation\\Http\\Middleware\\VerifyCsrfToken->handle(Object(Illuminate\\Http\\Request), Object(Closure))
#27 /home/eritqaaa/public_html/crmold.eritqaa.com.tr/vendor/laravel/framework/src/Illuminate/Routing/Pipeline.php(53): Illuminate\\Pipeline\\Pipeline->Illuminate\\Pipeline\\{closure}(Object(Illuminate\\Http\\Request))
#28 /home/eritqaaa/public_html/crmold.eritqaa.com.tr/vendor/laravel/framework/src/Illuminate/View/Middleware/ShareErrorsFromSession.php(49): Illuminate\\Routing\\Pipeline->Illuminate\\Routing\\{closure}(Object(Illuminate\\Http\\Request))
#29 /home/eritqaaa/public_html/crmold.eritqaa.com.tr/vendor/laravel/framework/src/Illuminate/Pipeline/Pipeline.php(163): Illuminate\\View\\Middleware\\ShareErrorsFromSession->handle(Object(Illuminate\\Http\\Request), Object(Closure))
#30 /home/eritqaaa/public_html/crmold.eritqaa.com.tr/vendor/laravel/framework/src/Illuminate/Routing/Pipeline.php(53): Illuminate\\Pipeline\\Pipeline->Illuminate\\Pipeline\\{closure}(Object(Illuminate\\Http\\Request))
#31 /home/eritqaaa/public_html/crmold.eritqaa.com.tr/vendor/laravel/framework/src/Illuminate/Session/Middleware/StartSession.php(56): Illuminate\\Routing\\Pipeline->Illuminate\\Routing\\{closure}(Object(Illuminate\\Http\\Request))
#32 /home/eritqaaa/public_html/crmold.eritqaa.com.tr/vendor/laravel/framework/src/Illuminate/Pipeline/Pipeline.php(163): Illuminate\\Session\\Middleware\\StartSession->handle(Object(Illuminate\\Http\\Request), Object(Closure))
#33 /home/eritqaaa/public_html/crmold.eritqaa.com.tr/vendor/laravel/framework/src/Illuminate/Routing/Pipeline.php(53): Illuminate\\Pipeline\\Pipeline->Illuminate\\Pipeline\\{closure}(Object(Illuminate\\Http\\Request))
#34 /home/eritqaaa/public_html/crmold.eritqaa.com.tr/vendor/laravel/framework/src/Illuminate/Cookie/Middleware/AddQueuedCookiesToResponse.php(37): Illuminate\\Routing\\Pipeline->Illuminate\\Routing\\{closure}(Object(Illuminate\\Http\\Request))
#35 /home/eritqaaa/public_html/crmold.eritqaa.com.tr/vendor/laravel/framework/src/Illuminate/Pipeline/Pipeline.php(163): Illuminate\\Cookie\\Middleware\\AddQueuedCookiesToResponse->handle(Object(Illuminate\\Http\\Request), Object(Closure))
#36 /home/eritqaaa/public_html/crmold.eritqaa.com.tr/vendor/laravel/framework/src/Illuminate/Routing/Pipeline.php(53): Illuminate\\Pipeline\\Pipeline->Illuminate\\Pipeline\\{closure}(Object(Illuminate\\Http\\Request))
#37 /home/eritqaaa/public_html/crmold.eritqaa.com.tr/vendor/laravel/framework/src/Illuminate/Cookie/Middleware/EncryptCookies.php(66): Illuminate\\Routing\\Pipeline->Illuminate\\Routing\\{closure}(Object(Illuminate\\Http\\Request))
#38 /home/eritqaaa/public_html/crmold.eritqaa.com.tr/vendor/laravel/framework/src/Illuminate/Pipeline/Pipeline.php(163): Illuminate\\Cookie\\Middleware\\EncryptCookies->handle(Object(Illuminate\\Http\\Request), Object(Closure))
#39 /home/eritqaaa/public_html/crmold.eritqaa.com.tr/vendor/laravel/framework/src/Illuminate/Routing/Pipeline.php(53): Illuminate\\Pipeline\\Pipeline->Illuminate\\Pipeline\\{closure}(Object(Illuminate\\Http\\Request))
#40 /home/eritqaaa/public_html/crmold.eritqaa.com.tr/vendor/laravel/framework/src/Illuminate/Pipeline/Pipeline.php(104): Illuminate\\Routing\\Pipeline->Illuminate\\Routing\\{closure}(Object(Illuminate\\Http\\Request))
#41 /home/eritqaaa/public_html/crmold.eritqaa.com.tr/vendor/laravel/framework/src/Illuminate/Routing/Router.php(682): Illuminate\\Pipeline\\Pipeline->then(Object(Closure))
#42 /home/eritqaaa/public_html/crmold.eritqaa.com.tr/vendor/laravel/framework/src/Illuminate/Routing/Router.php(657): Illuminate\\Routing\\Router->runRouteWithinStack(Object(Illuminate\\Routing\\Route), Object(Illuminate\\Http\\Request))
#43 /home/eritqaaa/public_html/crmold.eritqaa.com.tr/vendor/laravel/framework/src/Illuminate/Routing/Router.php(623): Illuminate\\Routing\\Router->runRoute(Object(Illuminate\\Http\\Request), Object(Illuminate\\Routing\\Route))
#44 /home/eritqaaa/public_html/crmold.eritqaa.com.tr/vendor/laravel/framework/src/Illuminate/Routing/Router.php(612): Illuminate\\Routing\\Router->dispatchToRoute(Object(Illuminate\\Http\\Request))
#45 /home/eritqaaa/public_html/crmold.eritqaa.com.tr/vendor/laravel/framework/src/Illuminate/Foundation/Http/Kernel.php(176): Illuminate\\Routing\\Router->dispatch(Object(Illuminate\\Http\\Request))
#46 /home/eritqaaa/public_html/crmold.eritqaa.com.tr/vendor/laravel/framework/src/Illuminate/Routing/Pipeline.php(30): Illuminate\\Foundation\\Http\\Kernel->Illuminate\\Foundation\\Http\\{closure}(Object(Illuminate\\Http\\Request))
#47 /home/eritqaaa/public_html/crmold.eritqaa.com.tr/vendor/fideloper/proxy/src/TrustProxies.php(57): Illuminate\\Routing\\Pipeline->Illuminate\\Routing\\{closure}(Object(Illuminate\\Http\\Request))
#48 /home/eritqaaa/public_html/crmold.eritqaa.com.tr/vendor/laravel/framework/src/Illuminate/Pipeline/Pipeline.php(163): Fideloper\\Proxy\\TrustProxies->handle(Object(Illuminate\\Http\\Request), Object(Closure))
#49 /home/eritqaaa/public_html/crmold.eritqaa.com.tr/vendor/laravel/framework/src/Illuminate/Routing/Pipeline.php(53): Illuminate\\Pipeline\\Pipeline->Illuminate\\Pipeline\\{closure}(Object(Illuminate\\Http\\Request))
#50 /home/eritqaaa/public_html/crmold.eritqaa.com.tr/vendor/laravel/framework/src/Illuminate/Foundation/Http/Middleware/TransformsRequest.php(21): Illuminate\\Routing\\Pipeline->Illuminate\\Routing\\{closure}(Object(Illuminate\\Http\\Request))
#51 /home/eritqaaa/public_html/crmold.eritqaa.com.tr/vendor/laravel/framework/src/Illuminate/Pipeline/Pipeline.php(163): Illuminate\\Foundation\\Http\\Middleware\\TransformsRequest->handle(Object(Illuminate\\Http\\Request), Object(Closure))
#52 /home/eritqaaa/public_html/crmold.eritqaa.com.tr/vendor/laravel/framework/src/Illuminate/Routing/Pipeline.php(53): Illuminate\\Pipeline\\Pipeline->Illuminate\\Pipeline\\{closure}(Object(Illuminate\\Http\\Request))
#53 /home/eritqaaa/public_html/crmold.eritqaa.com.tr/vendor/laravel/framework/src/Illuminate/Foundation/Http/Middleware/TransformsRequest.php(21): Illuminate\\Routing\\Pipeline->Illuminate\\Routing\\{closure}(Object(Illuminate\\Http\\Request))
#54 /home/eritqaaa/public_html/crmold.eritqaa.com.tr/vendor/laravel/framework/src/Illuminate/Pipeline/Pipeline.php(163): Illuminate\\Foundation\\Http\\Middleware\\TransformsRequest->handle(Object(Illuminate\\Http\\Request), Object(Closure))
#55 /home/eritqaaa/public_html/crmold.eritqaa.com.tr/vendor/laravel/framework/src/Illuminate/Routing/Pipeline.php(53): Illuminate\\Pipeline\\Pipeline->Illuminate\\Pipeline\\{closure}(Object(Illuminate\\Http\\Request))
#56 /home/eritqaaa/public_html/crmold.eritqaa.com.tr/vendor/laravel/framework/src/Illuminate/Foundation/Http/Middleware/ValidatePostSize.php(27): Illuminate\\Routing\\Pipeline->Illuminate\\Routing\\{closure}(Object(Illuminate\\Http\\Request))
#57 /home/eritqaaa/public_html/crmold.eritqaa.com.tr/vendor/laravel/framework/src/Illuminate/Pipeline/Pipeline.php(163): Illuminate\\Foundation\\Http\\Middleware\\ValidatePostSize->handle(Object(Illuminate\\Http\\Request), Object(Closure))
#58 /home/eritqaaa/public_html/crmold.eritqaa.com.tr/vendor/laravel/framework/src/Illuminate/Routing/Pipeline.php(53): Illuminate\\Pipeline\\Pipeline->Illuminate\\Pipeline\\{closure}(Object(Illuminate\\Http\\Request))
#59 /home/eritqaaa/public_html/crmold.eritqaa.com.tr/vendor/laravel/framework/src/Illuminate/Foundation/Http/Middleware/CheckForMaintenanceMode.php(62): Illuminate\\Routing\\Pipeline->Illuminate\\Routing\\{closure}(Object(Illuminate\\Http\\Request))
#60 /home/eritqaaa/public_html/crmold.eritqaa.com.tr/vendor/laravel/framework/src/Illuminate/Pipeline/Pipeline.php(163): Illuminate\\Foundation\\Http\\Middleware\\CheckForMaintenanceMode->handle(Object(Illuminate\\Http\\Request), Object(Closure))
#61 /home/eritqaaa/public_html/crmold.eritqaa.com.tr/vendor/laravel/framework/src/Illuminate/Routing/Pipeline.php(53): Illuminate\\Pipeline\\Pipeline->Illuminate\\Pipeline\\{closure}(Object(Illuminate\\Http\\Request))
#62 /home/eritqaaa/public_html/crmold.eritqaa.com.tr/vendor/laravel/framework/src/Illuminate/Pipeline/Pipeline.php(104): Illuminate\\Routing\\Pipeline->Illuminate\\Routing\\{closure}(Object(Illuminate\\Http\\Request))
#63 /home/eritqaaa/public_html/crmold.eritqaa.com.tr/vendor/laravel/framework/src/Illuminate/Foundation/Http/Kernel.php(151): Illuminate\\Pipeline\\Pipeline->then(Object(Closure))
#64 /home/eritqaaa/public_html/crmold.eritqaa.com.tr/vendor/laravel/framework/src/Illuminate/Foundation/Http/Kernel.php(116): Illuminate\\Foundation\\Http\\Kernel->sendRequestThroughRouter(Object(Illuminate\\Http\\Request))
#65 /home/eritqaaa/public_html/crmold.eritqaa.com.tr/public/index.php(55): Illuminate\\Foundation\\Http\\Kernel->handle(Object(Illuminate\\Http\\Request))
#66 {main}
"} 
[2020-10-04 12:12:05] local.ERROR: Trying to access array offset on value of type bool {"userId":1,"exception":"[object] (ErrorException(code: 0): Trying to access array offset on value of type bool at /home/eritqaaa/public_html/crmold.eritqaa.com.tr/vendor/mpdf/mpdf/src/Mpdf.php:10918)
[stacktrace]
#0 /home/eritqaaa/public_html/crmold.eritqaa.com.tr/vendor/mpdf/mpdf/src/Mpdf.php(10918): Illuminate\\Foundation\\Bootstrap\\HandleExceptions->handleError(8, 'Trying to acces...', '/home/eritqaaa/...', 10918, Array)
#1 /home/eritqaaa/public_html/crmold.eritqaa.com.tr/vendor/mpdf/mpdf/src/Mpdf.php(10976): Mpdf\\Mpdf->_setLineYpos(3.8805555555556, Array, '5.6444444444444...')
#2 /home/eritqaaa/public_html/crmold.eritqaa.com.tr/vendor/mpdf/mpdf/src/Mpdf.php(6384): Mpdf\\Mpdf->_setInlineBlockHeights(Array, 5.6444444444444, Array, Array, true)
#3 /home/eritqaaa/public_html/crmold.eritqaa.com.tr/vendor/mpdf/mpdf/src/Mpdf.php(16280): Mpdf\\Mpdf->finishFlowingBlock(true)
#4 /home/eritqaaa/public_html/crmold.eritqaa.com.tr/vendor/mpdf/mpdf/src/Mpdf.php(20186): Mpdf\\Mpdf->printbuffer(Array, '', true, true)
#5 /home/eritqaaa/public_html/crmold.eritqaa.com.tr/vendor/mpdf/mpdf/src/Tag/Table.php(855): Mpdf\\Mpdf->_tableHeight(Array)
#6 /home/eritqaaa/public_html/crmold.eritqaa.com.tr/vendor/mpdf/mpdf/src/Tag.php(250): Mpdf\\Tag\\Table->close(Array, 91)
#7 /home/eritqaaa/public_html/crmold.eritqaa.com.tr/vendor/mpdf/mpdf/src/Mpdf.php(13505): Mpdf\\Tag->CloseTag('TABLE', Array, 91)
#8 /home/eritqaaa/public_html/crmold.eritqaa.com.tr/app/Http/Controllers/Accounting/Invoice_cont.php(444): Mpdf\\Mpdf->WriteHTML(' <div class=\"in...')
#9 [internal function]: App\\Http\\Controllers\\Accounting\\Invoice_cont->printinvoice('206', 'I')
#10 /home/eritqaaa/public_html/crmold.eritqaa.com.tr/vendor/laravel/framework/src/Illuminate/Routing/Controller.php(54): call_user_func_array(Array, Array)
#11 /home/eritqaaa/public_html/crmold.eritqaa.com.tr/vendor/laravel/framework/src/Illuminate/Routing/ControllerDispatcher.php(45): Illuminate\\Routing\\Controller->callAction('printinvoice', Array)
#12 /home/eritqaaa/public_html/crmold.eritqaa.com.tr/vendor/laravel/framework/src/Illuminate/Routing/Route.php(219): Illuminate\\Routing\\ControllerDispatcher->dispatch(Object(Illuminate\\Routing\\Route), Object(App\\Http\\Controllers\\Accounting\\Invoice_cont), 'printinvoice')
#13 /home/eritqaaa/public_html/crmold.eritqaa.com.tr/vendor/laravel/framework/src/Illuminate/Routing/Route.php(176): Illuminate\\Routing\\Route->runController()
#14 /home/eritqaaa/public_html/crmold.eritqaa.com.tr/vendor/laravel/framework/src/Illuminate/Routing/Router.php(680): Illuminate\\Routing\\Route->run()
#15 /home/eritqaaa/public_html/crmold.eritqaa.com.tr/vendor/laravel/framework/src/Illuminate/Routing/Pipeline.php(30): Illuminate\\Routing\\Router->Illuminate\\Routing\\{closure}(Object(Illuminate\\Http\\Request))
#16 /home/eritqaaa/public_html/crmold.eritqaa.com.tr/app/Http/Middleware/UserIsLogin.php(24): Illuminate\\Routing\\Pipeline->Illuminate\\Routing\\{closure}(Object(Illuminate\\Http\\Request))
#17 /home/eritqaaa/public_html/crmold.eritqaa.com.tr/vendor/laravel/framework/src/Illuminate/Pipeline/Pipeline.php(163): App\\Http\\Middleware\\UserIsLogin->handle(Object(Illuminate\\Http\\Request), Object(Closure))
#18 /home/eritqaaa/public_html/crmold.eritqaa.com.tr/vendor/laravel/framework/src/Illuminate/Routing/Pipeline.php(53): Illuminate\\Pipeline\\Pipeline->Illuminate\\Pipeline\\{closure}(Object(Illuminate\\Http\\Request))
#19 /home/eritqaaa/public_html/crmold.eritqaa.com.tr/app/Http/Middleware/Localization.php(23): Illuminate\\Routing\\Pipeline->Illuminate\\Routing\\{closure}(Object(Illuminate\\Http\\Request))
#20 /home/eritqaaa/public_html/crmold.eritqaa.com.tr/vendor/laravel/framework/src/Illuminate/Pipeline/Pipeline.php(163): App\\Http\\Middleware\\Localization->handle(Object(Illuminate\\Http\\Request), Object(Closure))
#21 /home/eritqaaa/public_html/crmold.eritqaa.com.tr/vendor/laravel/framework/src/Illuminate/Routing/Pipeline.php(53): Illuminate\\Pipeline\\Pipeline->Illuminate\\Pipeline\\{closure}(Object(Illuminate\\Http\\Request))
#22 /home/eritqaaa/public_html/crmold.eritqaa.com.tr/vendor/laravel/framework/src/Illuminate/Routing/Middleware/SubstituteBindings.php(41): Illuminate\\Routing\\Pipeline->Illuminate\\Routing\\{closure}(Object(Illuminate\\Http\\Request))
#23 /home/eritqaaa/public_html/crmold.eritqaa.com.tr/vendor/laravel/framework/src/Illuminate/Pipeline/Pipeline.php(163): Illuminate\\Routing\\Middleware\\SubstituteBindings->handle(Object(Illuminate\\Http\\Request), Object(Closure))
#24 /home/eritqaaa/public_html/crmold.eritqaa.com.tr/vendor/laravel/framework/src/Illuminate/Routing/Pipeline.php(53): Illuminate\\Pipeline\\Pipeline->Illuminate\\Pipeline\\{closure}(Object(Illuminate\\Http\\Request))
#25 /home/eritqaaa/public_html/crmold.eritqaa.com.tr/vendor/laravel/framework/src/Illuminate/Foundation/Http/Middleware/VerifyCsrfToken.php(75): Illuminate\\Routing\\Pipeline->Illuminate\\Routing\\{closure}(Object(Illuminate\\Http\\Request))
#26 /home/eritqaaa/public_html/crmold.eritqaa.com.tr/vendor/laravel/framework/src/Illuminate/Pipeline/Pipeline.php(163): Illuminate\\Foundation\\Http\\Middleware\\VerifyCsrfToken->handle(Object(Illuminate\\Http\\Request), Object(Closure))
#27 /home/eritqaaa/public_html/crmold.eritqaa.com.tr/vendor/laravel/framework/src/Illuminate/Routing/Pipeline.php(53): Illuminate\\Pipeline\\Pipeline->Illuminate\\Pipeline\\{closure}(Object(Illuminate\\Http\\Request))
#28 /home/eritqaaa/public_html/crmold.eritqaa.com.tr/vendor/laravel/framework/src/Illuminate/View/Middleware/ShareErrorsFromSession.php(49): Illuminate\\Routing\\Pipeline->Illuminate\\Routing\\{closure}(Object(Illuminate\\Http\\Request))
#29 /home/eritqaaa/public_html/crmold.eritqaa.com.tr/vendor/laravel/framework/src/Illuminate/Pipeline/Pipeline.php(163): Illuminate\\View\\Middleware\\ShareErrorsFromSession->handle(Object(Illuminate\\Http\\Request), Object(Closure))
#30 /home/eritqaaa/public_html/crmold.eritqaa.com.tr/vendor/laravel/framework/src/Illuminate/Routing/Pipeline.php(53): Illuminate\\Pipeline\\Pipeline->Illuminate\\Pipeline\\{closure}(Object(Illuminate\\Http\\Request))
#31 /home/eritqaaa/public_html/crmold.eritqaa.com.tr/vendor/laravel/framework/src/Illuminate/Session/Middleware/StartSession.php(56): Illuminate\\Routing\\Pipeline->Illuminate\\Routing\\{closure}(Object(Illuminate\\Http\\Request))
#32 /home/eritqaaa/public_html/crmold.eritqaa.com.tr/vendor/laravel/framework/src/Illuminate/Pipeline/Pipeline.php(163): Illuminate\\Session\\Middleware\\StartSession->handle(Object(Illuminate\\Http\\Request), Object(Closure))
#33 /home/eritqaaa/public_html/crmold.eritqaa.com.tr/vendor/laravel/framework/src/Illuminate/Routing/Pipeline.php(53): Illuminate\\Pipeline\\Pipeline->Illuminate\\Pipeline\\{closure}(Object(Illuminate\\Http\\Request))
#34 /home/eritqaaa/public_html/crmold.eritqaa.com.tr/vendor/laravel/framework/src/Illuminate/Cookie/Middleware/AddQueuedCookiesToResponse.php(37): Illuminate\\Routing\\Pipeline->Illuminate\\Routing\\{closure}(Object(Illuminate\\Http\\Request))
#35 /home/eritqaaa/public_html/crmold.eritqaa.com.tr/vendor/laravel/framework/src/Illuminate/Pipeline/Pipeline.php(163): Illuminate\\Cookie\\Middleware\\AddQueuedCookiesToResponse->handle(Object(Illuminate\\Http\\Request), Object(Closure))
#36 /home/eritqaaa/public_html/crmold.eritqaa.com.tr/vendor/laravel/framework/src/Illuminate/Routing/Pipeline.php(53): Illuminate\\Pipeline\\Pipeline->Illuminate\\Pipeline\\{closure}(Object(Illuminate\\Http\\Request))
#37 /home/eritqaaa/public_html/crmold.eritqaa.com.tr/vendor/laravel/framework/src/Illuminate/Cookie/Middleware/EncryptCookies.php(66): Illuminate\\Routing\\Pipeline->Illuminate\\Routing\\{closure}(Object(Illuminate\\Http\\Request))
#38 /home/eritqaaa/public_html/crmold.eritqaa.com.tr/vendor/laravel/framework/src/Illuminate/Pipeline/Pipeline.php(163): Illuminate\\Cookie\\Middleware\\EncryptCookies->handle(Object(Illuminate\\Http\\Request), Object(Closure))
#39 /home/eritqaaa/public_html/crmold.eritqaa.com.tr/vendor/laravel/framework/src/Illuminate/Routing/Pipeline.php(53): Illuminate\\Pipeline\\Pipeline->Illuminate\\Pipeline\\{closure}(Object(Illuminate\\Http\\Request))
#40 /home/eritqaaa/public_html/crmold.eritqaa.com.tr/vendor/laravel/framework/src/Illuminate/Pipeline/Pipeline.php(104): Illuminate\\Routing\\Pipeline->Illuminate\\Routing\\{closure}(Object(Illuminate\\Http\\Request))
#41 /home/eritqaaa/public_html/crmold.eritqaa.com.tr/vendor/laravel/framework/src/Illuminate/Routing/Router.php(682): Illuminate\\Pipeline\\Pipeline->then(Object(Closure))
#42 /home/eritqaaa/public_html/crmold.eritqaa.com.tr/vendor/laravel/framework/src/Illuminate/Routing/Router.php(657): Illuminate\\Routing\\Router->runRouteWithinStack(Object(Illuminate\\Routing\\Route), Object(Illuminate\\Http\\Request))
#43 /home/eritqaaa/public_html/crmold.eritqaa.com.tr/vendor/laravel/framework/src/Illuminate/Routing/Router.php(623): Illuminate\\Routing\\Router->runRoute(Object(Illuminate\\Http\\Request), Object(Illuminate\\Routing\\Route))
#44 /home/eritqaaa/public_html/crmold.eritqaa.com.tr/vendor/laravel/framework/src/Illuminate/Routing/Router.php(612): Illuminate\\Routing\\Router->dispatchToRoute(Object(Illuminate\\Http\\Request))
#45 /home/eritqaaa/public_html/crmold.eritqaa.com.tr/vendor/laravel/framework/src/Illuminate/Foundation/Http/Kernel.php(176): Illuminate\\Routing\\Router->dispatch(Object(Illuminate\\Http\\Request))
#46 /home/eritqaaa/public_html/crmold.eritqaa.com.tr/vendor/laravel/framework/src/Illuminate/Routing/Pipeline.php(30): Illuminate\\Foundation\\Http\\Kernel->Illuminate\\Foundation\\Http\\{closure}(Object(Illuminate\\Http\\Request))
#47 /home/eritqaaa/public_html/crmold.eritqaa.com.tr/vendor/fideloper/proxy/src/TrustProxies.php(57): Illuminate\\Routing\\Pipeline->Illuminate\\Routing\\{closure}(Object(Illuminate\\Http\\Request))
#48 /home/eritqaaa/public_html/crmold.eritqaa.com.tr/vendor/laravel/framework/src/Illuminate/Pipeline/Pipeline.php(163): Fideloper\\Proxy\\TrustProxies->handle(Object(Illuminate\\Http\\Request), Object(Closure))
#49 /home/eritqaaa/public_html/crmold.eritqaa.com.tr/vendor/laravel/framework/src/Illuminate/Routing/Pipeline.php(53): Illuminate\\Pipeline\\Pipeline->Illuminate\\Pipeline\\{closure}(Object(Illuminate\\Http\\Request))
#50 /home/eritqaaa/public_html/crmold.eritqaa.com.tr/vendor/laravel/framework/src/Illuminate/Foundation/Http/Middleware/TransformsRequest.php(21): Illuminate\\Routing\\Pipeline->Illuminate\\Routing\\{closure}(Object(Illuminate\\Http\\Request))
#51 /home/eritqaaa/public_html/crmold.eritqaa.com.tr/vendor/laravel/framework/src/Illuminate/Pipeline/Pipeline.php(163): Illuminate\\Foundation\\Http\\Middleware\\TransformsRequest->handle(Object(Illuminate\\Http\\Request), Object(Closure))
#52 /home/eritqaaa/public_html/crmold.eritqaa.com.tr/vendor/laravel/framework/src/Illuminate/Routing/Pipeline.php(53): Illuminate\\Pipeline\\Pipeline->Illuminate\\Pipeline\\{closure}(Object(Illuminate\\Http\\Request))
#53 /home/eritqaaa/public_html/crmold.eritqaa.com.tr/vendor/laravel/framework/src/Illuminate/Foundation/Http/Middleware/TransformsRequest.php(21): Illuminate\\Routing\\Pipeline->Illuminate\\Routing\\{closure}(Object(Illuminate\\Http\\Request))
#54 /home/eritqaaa/public_html/crmold.eritqaa.com.tr/vendor/laravel/framework/src/Illuminate/Pipeline/Pipeline.php(163): Illuminate\\Foundation\\Http\\Middleware\\TransformsRequest->handle(Object(Illuminate\\Http\\Request), Object(Closure))
#55 /home/eritqaaa/public_html/crmold.eritqaa.com.tr/vendor/laravel/framework/src/Illuminate/Routing/Pipeline.php(53): Illuminate\\Pipeline\\Pipeline->Illuminate\\Pipeline\\{closure}(Object(Illuminate\\Http\\Request))
#56 /home/eritqaaa/public_html/crmold.eritqaa.com.tr/vendor/laravel/framework/src/Illuminate/Foundation/Http/Middleware/ValidatePostSize.php(27): Illuminate\\Routing\\Pipeline->Illuminate\\Routing\\{closure}(Object(Illuminate\\Http\\Request))
#57 /home/eritqaaa/public_html/crmold.eritqaa.com.tr/vendor/laravel/framework/src/Illuminate/Pipeline/Pipeline.php(163): Illuminate\\Foundation\\Http\\Middleware\\ValidatePostSize->handle(Object(Illuminate\\Http\\Request), Object(Closure))
#58 /home/eritqaaa/public_html/crmold.eritqaa.com.tr/vendor/laravel/framework/src/Illuminate/Routing/Pipeline.php(53): Illuminate\\Pipeline\\Pipeline->Illuminate\\Pipeline\\{closure}(Object(Illuminate\\Http\\Request))
#59 /home/eritqaaa/public_html/crmold.eritqaa.com.tr/vendor/laravel/framework/src/Illuminate/Foundation/Http/Middleware/CheckForMaintenanceMode.php(62): Illuminate\\Routing\\Pipeline->Illuminate\\Routing\\{closure}(Object(Illuminate\\Http\\Request))
#60 /home/eritqaaa/public_html/crmold.eritqaa.com.tr/vendor/laravel/framework/src/Illuminate/Pipeline/Pipeline.php(163): Illuminate\\Foundation\\Http\\Middleware\\CheckForMaintenanceMode->handle(Object(Illuminate\\Http\\Request), Object(Closure))
#61 /home/eritqaaa/public_html/crmold.eritqaa.com.tr/vendor/laravel/framework/src/Illuminate/Routing/Pipeline.php(53): Illuminate\\Pipeline\\Pipeline->Illuminate\\Pipeline\\{closure}(Object(Illuminate\\Http\\Request))
#62 /home/eritqaaa/public_html/crmold.eritqaa.com.tr/vendor/laravel/framework/src/Illuminate/Pipeline/Pipeline.php(104): Illuminate\\Routing\\Pipeline->Illuminate\\Routing\\{closure}(Object(Illuminate\\Http\\Request))
#63 /home/eritqaaa/public_html/crmold.eritqaa.com.tr/vendor/laravel/framework/src/Illuminate/Foundation/Http/Kernel.php(151): Illuminate\\Pipeline\\Pipeline->then(Object(Closure))
#64 /home/eritqaaa/public_html/crmold.eritqaa.com.tr/vendor/laravel/framework/src/Illuminate/Foundation/Http/Kernel.php(116): Illuminate\\Foundation\\Http\\Kernel->sendRequestThroughRouter(Object(Illuminate\\Http\\Request))
#65 /home/eritqaaa/public_html/crmold.eritqaa.com.tr/public/index.php(55): Illuminate\\Foundation\\Http\\Kernel->handle(Object(Illuminate\\Http\\Request))
#66 {main}
"} 
[2020-10-04 12:13:10] local.ERROR: Trait 'Illuminate\Database\Eloquent\softDeletes' not found {"userId":1,"exception":"[object] (Symfony\\Component\\Debug\\Exception\\FatalErrorException(code: 1): Trait 'Illuminate\\Database\\Eloquent\\softDeletes' not found at /home/eritqaaa/public_html/crmold.eritqaa.com.tr/app/Model/Group.php:8)
[stacktrace]
#0 /home/eritqaaa/public_html/crmold.eritqaa.com.tr/vendor/laravel/framework/src/Illuminate/Foundation/Bootstrap/HandleExceptions.php(137): Symfony\\Component\\Debug\\Exception\\FatalErrorException->__construct()
#1 /home/eritqaaa/public_html/crmold.eritqaa.com.tr/vendor/laravel/framework/src/Illuminate/Foundation/Bootstrap/HandleExceptions.php(123): Illuminate\\Foundation\\Bootstrap\\HandleExceptions->fatalExceptionFromError()
#2 /home/eritqaaa/public_html/crmold.eritqaa.com.tr/vendor/laravel/framework/src/Illuminate/Foundation/Bootstrap/HandleExceptions.php(0): Illuminate\\Foundation\\Bootstrap\\HandleExceptions->handleShutdown()
#3 /home/eritqaaa/public_html/crmold.eritqaa.com.tr/vendor/composer/ClassLoader.php(444): ()
#4 /home/eritqaaa/public_html/crmold.eritqaa.com.tr/vendor/composer/ClassLoader.php(322): Composer\\Autoload\\includeFile()
#5 /home/eritqaaa/public_html/crmold.eritqaa.com.tr/app/Http/Controllers/MaatwebsiteDemoController.php(26): Composer\\Autoload\\ClassLoader->loadClass()
#6 /home/eritqaaa/public_html/crmold.eritqaa.com.tr/app/Http/Controllers/MaatwebsiteDemoController.php(26): spl_autoload_call()
#7 /home/eritqaaa/public_html/crmold.eritqaa.com.tr/vendor/laravel/framework/src/Illuminate/Routing/Controller.php(54): App\\Http\\Controllers\\MaatwebsiteDemoController->importExport()
#8 /home/eritqaaa/public_html/crmold.eritqaa.com.tr/vendor/laravel/framework/src/Illuminate/Routing/Controller.php(54): call_user_func_array:{/home/eritqaaa/public_html/crmold.eritqaa.com.tr/vendor/laravel/framework/src/Illuminate/Routing/Controller.php:54}()
#9 /home/eritqaaa/public_html/crmold.eritqaa.com.tr/vendor/laravel/framework/src/Illuminate/Routing/ControllerDispatcher.php(45): App\\Http\\Controllers\\MaatwebsiteDemoController->callAction()
#10 /home/eritqaaa/public_html/crmold.eritqaa.com.tr/vendor/laravel/framework/src/Illuminate/Routing/Route.php(219): Illuminate\\Routing\\ControllerDispatcher->dispatch()
#11 /home/eritqaaa/public_html/crmold.eritqaa.com.tr/vendor/laravel/framework/src/Illuminate/Routing/Route.php(176): Illuminate\\Routing\\Route->runController()
#12 /home/eritqaaa/public_html/crmold.eritqaa.com.tr/vendor/laravel/framework/src/Illuminate/Routing/Router.php(680): Illuminate\\Routing\\Route->run()
#13 /home/eritqaaa/public_html/crmold.eritqaa.com.tr/vendor/laravel/framework/src/Illuminate/Routing/Pipeline.php(30): Illuminate\\Routing\\Router->Illuminate\\Routing\\{closure:/home/eritqaaa/public_html/crmold.eritqaa.com.tr/vendor/laravel/framework/src/Illuminate/Routing/Router.php:678-682}()
#14 /home/eritqaaa/public_html/crmold.eritqaa.com.tr/app/Http/Middleware/Localization.php(23): Illuminate\\Routing\\Pipeline->Illuminate\\Routing\\{closure:/home/eritqaaa/public_html/crmold.eritqaa.com.tr/vendor/laravel/framework/src/Illuminate/Routing/Pipeline.php:28-36}()
#15 /home/eritqaaa/public_html/crmold.eritqaa.com.tr/vendor/laravel/framework/src/Illuminate/Pipeline/Pipeline.php(163): App\\Http\\Middleware\\Localization->handle()
#16 /home/eritqaaa/public_html/crmold.eritqaa.com.tr/vendor/laravel/framework/src/Illuminate/Routing/Pipeline.php(53): Illuminate\\Routing\\Pipeline->Illuminate\\Pipeline\\{closure:/home/eritqaaa/public_html/crmold.eritqaa.com.tr/vendor/laravel/framework/src/Illuminate/Pipeline/Pipeline.php:140-169}()
#17 /home/eritqaaa/public_html/crmold.eritqaa.com.tr/vendor/laravel/framework/src/Illuminate/Routing/Middleware/SubstituteBindings.php(41): Illuminate\\Routing\\Pipeline->Illuminate\\Routing\\{closure:/home/eritqaaa/public_html/crmold.eritqaa.com.tr/vendor/laravel/framework/src/Illuminate/Routing/Pipeline.php:47-59}()
#18 /home/eritqaaa/public_html/crmold.eritqaa.com.tr/vendor/laravel/framework/src/Illuminate/Pipeline/Pipeline.php(163): Illuminate\\Routing\\Middleware\\SubstituteBindings->handle()
#19 /home/eritqaaa/public_html/crmold.eritqaa.com.tr/vendor/laravel/framework/src/Illuminate/Routing/Pipeline.php(53): Illuminate\\Routing\\Pipeline->Illuminate\\Pipeline\\{closure:/home/eritqaaa/public_html/crmold.eritqaa.com.tr/vendor/laravel/framework/src/Illuminate/Pipeline/Pipeline.php:140-169}()
#20 /home/eritqaaa/public_html/crmold.eritqaa.com.tr/vendor/laravel/framework/src/Illuminate/Foundation/Http/Middleware/VerifyCsrfToken.php(75): Illuminate\\Routing\\Pipeline->Illuminate\\Routing\\{closure:/home/eritqaaa/public_html/crmold.eritqaa.com.tr/vendor/laravel/framework/src/Illuminate/Routing/Pipeline.php:47-59}()
#21 /home/eritqaaa/public_html/crmold.eritqaa.com.tr/vendor/laravel/framework/src/Illuminate/Pipeline/Pipeline.php(163): App\\Http\\Middleware\\VerifyCsrfToken->handle()
#22 /home/eritqaaa/public_html/crmold.eritqaa.com.tr/vendor/laravel/framework/src/Illuminate/Routing/Pipeline.php(53): Illuminate\\Routing\\Pipeline->Illuminate\\Pipeline\\{closure:/home/eritqaaa/public_html/crmold.eritqaa.com.tr/vendor/laravel/framework/src/Illuminate/Pipeline/Pipeline.php:140-169}()
#23 /home/eritqaaa/public_html/crmold.eritqaa.com.tr/vendor/laravel/framework/src/Illuminate/View/Middleware/ShareErrorsFromSession.php(49): Illuminate\\Routing\\Pipeline->Illuminate\\Routing\\{closure:/home/eritqaaa/public_html/crmold.eritqaa.com.tr/vendor/laravel/framework/src/Illuminate/Routing/Pipeline.php:47-59}()
#24 /home/eritqaaa/public_html/crmold.eritqaa.com.tr/vendor/laravel/framework/src/Illuminate/Pipeline/Pipeline.php(163): Illuminate\\View\\Middleware\\ShareErrorsFromSession->handle()
#25 /home/eritqaaa/public_html/crmold.eritqaa.com.tr/vendor/laravel/framework/src/Illuminate/Routing/Pipeline.php(53): Illuminate\\Routing\\Pipeline->Illuminate\\Pipeline\\{closure:/home/eritqaaa/public_html/crmold.eritqaa.com.tr/vendor/laravel/framework/src/Illuminate/Pipeline/Pipeline.php:140-169}()
#26 /home/eritqaaa/public_html/crmold.eritqaa.com.tr/vendor/laravel/framework/src/Illuminate/Session/Middleware/StartSession.php(56): Illuminate\\Routing\\Pipeline->Illuminate\\Routing\\{closure:/home/eritqaaa/public_html/crmold.eritqaa.com.tr/vendor/laravel/framework/src/Illuminate/Routing/Pipeline.php:47-59}()
#27 /home/eritqaaa/public_html/crmold.eritqaa.com.tr/vendor/laravel/framework/src/Illuminate/Pipeline/Pipeline.php(163): Illuminate\\Session\\Middleware\\StartSession->handle()
#28 /home/eritqaaa/public_html/crmold.eritqaa.com.tr/vendor/laravel/framework/src/Illuminate/Routing/Pipeline.php(53): Illuminate\\Routing\\Pipeline->Illuminate\\Pipeline\\{closure:/home/eritqaaa/public_html/crmold.eritqaa.com.tr/vendor/laravel/framework/src/Illuminate/Pipeline/Pipeline.php:140-169}()
#29 /home/eritqaaa/public_html/crmold.eritqaa.com.tr/vendor/laravel/framework/src/Illuminate/Cookie/Middleware/AddQueuedCookiesToResponse.php(37): Illuminate\\Routing\\Pipeline->Illuminate\\Routing\\{closure:/home/eritqaaa/public_html/crmold.eritqaa.com.tr/vendor/laravel/framework/src/Illuminate/Routing/Pipeline.php:47-59}()
#30 /home/eritqaaa/public_html/crmold.eritqaa.com.tr/vendor/laravel/framework/src/Illuminate/Pipeline/Pipeline.php(163): Illuminate\\Cookie\\Middleware\\AddQueuedCookiesToResponse->handle()
#31 /home/eritqaaa/public_html/crmold.eritqaa.com.tr/vendor/laravel/framework/src/Illuminate/Routing/Pipeline.php(53): Illuminate\\Routing\\Pipeline->Illuminate\\Pipeline\\{closure:/home/eritqaaa/public_html/crmold.eritqaa.com.tr/vendor/laravel/framework/src/Illuminate/Pipeline/Pipeline.php:140-169}()
#32 /home/eritqaaa/public_html/crmold.eritqaa.com.tr/vendor/laravel/framework/src/Illuminate/Cookie/Middleware/EncryptCookies.php(66): Illuminate\\Routing\\Pipeline->Illuminate\\Routing\\{closure:/home/eritqaaa/public_html/crmold.eritqaa.com.tr/vendor/laravel/framework/src/Illuminate/Routing/Pipeline.php:47-59}()
#33 /home/eritqaaa/public_html/crmold.eritqaa.com.tr/vendor/laravel/framework/src/Illuminate/Pipeline/Pipeline.php(163): App\\Http\\Middleware\\EncryptCookies->handle()
#34 /home/eritqaaa/public_html/crmold.eritqaa.com.tr/vendor/laravel/framework/src/Illuminate/Routing/Pipeline.php(53): Illuminate\\Routing\\Pipeline->Illuminate\\Pipeline\\{closure:/home/eritqaaa/public_html/crmold.eritqaa.com.tr/vendor/laravel/framework/src/Illuminate/Pipeline/Pipeline.php:140-169}()
#35 /home/eritqaaa/public_html/crmold.eritqaa.com.tr/vendor/laravel/framework/src/Illuminate/Pipeline/Pipeline.php(104): Illuminate\\Routing\\Pipeline->Illuminate\\Routing\\{closure:/home/eritqaaa/public_html/crmold.eritqaa.com.tr/vendor/laravel/framework/src/Illuminate/Routing/Pipeline.php:47-59}()
#36 /home/eritqaaa/public_html/crmold.eritqaa.com.tr/vendor/laravel/framework/src/Illuminate/Routing/Router.php(682): Illuminate\\Routing\\Pipeline->then()
#37 /home/eritqaaa/public_html/crmold.eritqaa.com.tr/vendor/laravel/framework/src/Illuminate/Routing/Router.php(657): Illuminate\\Routing\\Router->runRouteWithinStack()
#38 /home/eritqaaa/public_html/crmold.eritqaa.com.tr/vendor/laravel/framework/src/Illuminate/Routing/Router.php(623): Illuminate\\Routing\\Router->runRoute()
#39 /home/eritqaaa/public_html/crmold.eritqaa.com.tr/vendor/laravel/framework/src/Illuminate/Routing/Router.php(612): Illuminate\\Routing\\Router->dispatchToRoute()
#40 /home/eritqaaa/public_html/crmold.eritqaa.com.tr/vendor/laravel/framework/src/Illuminate/Foundation/Http/Kernel.php(176): Illuminate\\Routing\\Router->dispatch()
#41 /home/eritqaaa/public_html/crmold.eritqaa.com.tr/vendor/laravel/framework/src/Illuminate/Routing/Pipeline.php(30): App\\Http\\Kernel->Illuminate\\Foundation\\Http\\{closure:/home/eritqaaa/public_html/crmold.eritqaa.com.tr/vendor/laravel/framework/src/Illuminate/Foundation/Http/Kernel.php:173-177}()
#42 /home/eritqaaa/public_html/crmold.eritqaa.com.tr/vendor/fideloper/proxy/src/TrustProxies.php(57): Illuminate\\Routing\\Pipeline->Illuminate\\Routing\\{closure:/home/eritqaaa/public_html/crmold.eritqaa.com.tr/vendor/laravel/framework/src/Illuminate/Routing/Pipeline.php:28-36}()
#43 /home/eritqaaa/public_html/crmold.eritqaa.com.tr/vendor/laravel/framework/src/Illuminate/Pipeline/Pipeline.php(163): App\\Http\\Middleware\\TrustProxies->handle()
#44 /home/eritqaaa/public_html/crmold.eritqaa.com.tr/vendor/laravel/framework/src/Illuminate/Routing/Pipeline.php(53): Illuminate\\Routing\\Pipeline->Illuminate\\Pipeline\\{closure:/home/eritqaaa/public_html/crmold.eritqaa.com.tr/vendor/laravel/framework/src/Illuminate/Pipeline/Pipeline.php:140-169}()
#45 /home/eritqaaa/public_html/crmold.eritqaa.com.tr/vendor/laravel/framework/src/Illuminate/Foundation/Http/Middleware/TransformsRequest.php(21): Illuminate\\Routing\\Pipeline->Illuminate\\Routing\\{closure:/home/eritqaaa/public_html/crmold.eritqaa.com.tr/vendor/laravel/framework/src/Illuminate/Routing/Pipeline.php:47-59}()
#46 /home/eritqaaa/public_html/crmold.eritqaa.com.tr/vendor/laravel/framework/src/Illuminate/Pipeline/Pipeline.php(163): Illuminate\\Foundation\\Http\\Middleware\\ConvertEmptyStringsToNull->handle()
#47 /home/eritqaaa/public_html/crmold.eritqaa.com.tr/vendor/laravel/framework/src/Illuminate/Routing/Pipeline.php(53): Illuminate\\Routing\\Pipeline->Illuminate\\Pipeline\\{closure:/home/eritqaaa/public_html/crmold.eritqaa.com.tr/vendor/laravel/framework/src/Illuminate/Pipeline/Pipeline.php:140-169}()
#48 /home/eritqaaa/public_html/crmold.eritqaa.com.tr/vendor/laravel/framework/src/Illuminate/Foundation/Http/Middleware/TransformsRequest.php(21): Illuminate\\Routing\\Pipeline->Illuminate\\Routing\\{closure:/home/eritqaaa/public_html/crmold.eritqaa.com.tr/vendor/laravel/framework/src/Illuminate/Routing/Pipeline.php:47-59}()
#49 /home/eritqaaa/public_html/crmold.eritqaa.com.tr/vendor/laravel/framework/src/Illuminate/Pipeline/Pipeline.php(163): App\\Http\\Middleware\\TrimStrings->handle()
#50 /home/eritqaaa/public_html/crmold.eritqaa.com.tr/vendor/laravel/framework/src/Illuminate/Routing/Pipeline.php(53): Illuminate\\Routing\\Pipeline->Illuminate\\Pipeline\\{closure:/home/eritqaaa/public_html/crmold.eritqaa.com.tr/vendor/laravel/framework/src/Illuminate/Pipeline/Pipeline.php:140-169}()
#51 /home/eritqaaa/public_html/crmold.eritqaa.com.tr/vendor/laravel/framework/src/Illuminate/Foundation/Http/Middleware/ValidatePostSize.php(27): Illuminate\\Routing\\Pipeline->Illuminate\\Routing\\{closure:/home/eritqaaa/public_html/crmold.eritqaa.com.tr/vendor/laravel/framework/src/Illuminate/Routing/Pipeline.php:47-59}()
#52 /home/eritqaaa/public_html/crmold.eritqaa.com.tr/vendor/laravel/framework/src/Illuminate/Pipeline/Pipeline.php(163): Illuminate\\Foundation\\Http\\Middleware\\ValidatePostSize->handle()
#53 /home/eritqaaa/public_html/crmold.eritqaa.com.tr/vendor/laravel/framework/src/Illuminate/Routing/Pipeline.php(53): Illuminate\\Routing\\Pipeline->Illuminate\\Pipeline\\{closure:/home/eritqaaa/public_html/crmold.eritqaa.com.tr/vendor/laravel/framework/src/Illuminate/Pipeline/Pipeline.php:140-169}()
#54 /home/eritqaaa/public_html/crmold.eritqaa.com.tr/vendor/laravel/framework/src/Illuminate/Foundation/Http/Middleware/CheckForMaintenanceMode.php(62): Illuminate\\Routing\\Pipeline->Illuminate\\Routing\\{closure:/home/eritqaaa/public_html/crmold.eritqaa.com.tr/vendor/laravel/framework/src/Illuminate/Routing/Pipeline.php:47-59}()
#55 /home/eritqaaa/public_html/crmold.eritqaa.com.tr/vendor/laravel/framework/src/Illuminate/Pipeline/Pipeline.php(163): App\\Http\\Middleware\\CheckForMaintenanceMode->handle()
#56 /home/eritqaaa/public_html/crmold.eritqaa.com.tr/vendor/laravel/framework/src/Illuminate/Routing/Pipeline.php(53): Illuminate\\Routing\\Pipeline->Illuminate\\Pipeline\\{closure:/home/eritqaaa/public_html/crmold.eritqaa.com.tr/vendor/laravel/framework/src/Illuminate/Pipeline/Pipeline.php:140-169}()
#57 /home/eritqaaa/public_html/crmold.eritqaa.com.tr/vendor/laravel/framework/src/Illuminate/Pipeline/Pipeline.php(104): Illuminate\\Routing\\Pipeline->Illuminate\\Routing\\{closure:/home/eritqaaa/public_html/crmold.eritqaa.com.tr/vendor/laravel/framework/src/Illuminate/Routing/Pipeline.php:47-59}()
#58 /home/eritqaaa/public_html/crmold.eritqaa.com.tr/vendor/laravel/framework/src/Illuminate/Foundation/Http/Kernel.php(151): Illuminate\\Routing\\Pipeline->then()
#59 /home/eritqaaa/public_html/crmold.eritqaa.com.tr/vendor/laravel/framework/src/Illuminate/Foundation/Http/Kernel.php(116): App\\Http\\Kernel->sendRequestThroughRouter()
#60 /home/eritqaaa/public_html/crmold.eritqaa.com.tr/public/index.php(55): App\\Http\\Kernel->handle()
#61 /home/eritqaaa/public_html/crmold.eritqaa.com.tr/public/index.php(0): {main}()
#62 {main}
"} 
