[2019-10-14 16:06:59] local.ERROR: Trait 'Illuminate\Database\Eloquent\softDeletes' not found {"exception":"[object] (Symfony\\Component\\Debug\\Exception\\FatalErrorException(code: 1): Trait 'Illuminate\\Database\\Eloquent\\softDeletes' not found at /home/eritqaaa/public_html/crmold.eritqaa.com.tr/app/User.php:13)
[stacktrace]
#0 {main}
"} 
[2019-10-14 16:07:51] local.ERROR: Trait 'Illuminate\Database\Eloquent\softDeletes' not found {"exception":"[object] (Symfony\\Component\\Debug\\Exception\\FatalErrorException(code: 1): Trait 'Illuminate\\Database\\Eloquent\\softDeletes' not found at /home/eritqaaa/public_html/crmold.eritqaa.com.tr/app/User.php:13)
[stacktrace]
#0 {main}
"} 
[2019-10-14 16:09:00] local.ERROR: Trait 'Illuminate\Database\Eloquent\softDeletes' not found {"exception":"[object] (Symfony\\Component\\Debug\\Exception\\FatalErrorException(code: 1): Trait 'Illuminate\\Database\\Eloquent\\softDeletes' not found at /home/eritqaaa/public_html/crmold.eritqaa.com.tr/app/User.php:13)
[stacktrace]
#0 {main}
"} 
[2019-10-14 16:11:06] local.ERROR: Trait 'Illuminate\Database\Eloquent\softDeletes' not found {"exception":"[object] (Symfony\\Component\\Debug\\Exception\\FatalErrorException(code: 1): Trait 'Illuminate\\Database\\Eloquent\\softDeletes' not found at /home/eritqaaa/public_html/crmold.eritqaa.com.tr/app/User.php:13)
[stacktrace]
#0 {main}
"} 
[2019-10-14 16:21:35] local.ERROR: Trait 'Illuminate\Database\Eloquent\softDeletes' not found {"exception":"[object] (Symfony\\Component\\Debug\\Exception\\FatalErrorException(code: 1): Trait 'Illuminate\\Database\\Eloquent\\softDeletes' not found at /home/eritqaaa/public_html/crmold.eritqaa.com.tr/app/User.php:13)
[stacktrace]
#0 {main}
"} 
[2019-10-14 16:22:16] local.ERROR: Trait 'Illuminate\Database\Eloquent\softDeletes' not found {"exception":"[object] (Symfony\\Component\\Debug\\Exception\\FatalErrorException(code: 1): Trait 'Illuminate\\Database\\Eloquent\\softDeletes' not found at /home/eritqaaa/public_html/crmold.eritqaa.com.tr/app/User.php:13)
[stacktrace]
#0 {main}
"} 
[2019-10-14 16:22:21] local.ERROR: Trait 'Illuminate\Database\Eloquent\softDeletes' not found {"exception":"[object] (Symfony\\Component\\Debug\\Exception\\FatalErrorException(code: 1): Trait 'Illuminate\\Database\\Eloquent\\softDeletes' not found at /home/eritqaaa/public_html/crmold.eritqaa.com.tr/app/User.php:13)
[stacktrace]
#0 {main}
"} 
[2019-10-14 16:22:36] local.ERROR: Trait 'Illuminate\Database\Eloquent\softDeletes' not found {"exception":"[object] (Symfony\\Component\\Debug\\Exception\\FatalErrorException(code: 1): Trait 'Illuminate\\Database\\Eloquent\\softDeletes' not found at /home/eritqaaa/public_html/crmold.eritqaa.com.tr/app/User.php:13)
[stacktrace]
#0 {main}
"} 
[2019-10-14 16:22:52] local.ERROR: Trait 'Illuminate\Database\Eloquent\softDeletes' not found {"exception":"[object] (Symfony\\Component\\Debug\\Exception\\FatalErrorException(code: 1): Trait 'Illuminate\\Database\\Eloquent\\softDeletes' not found at /home/eritqaaa/public_html/crmold.eritqaa.com.tr/app/User.php:13)
[stacktrace]
#0 {main}
"} 
[2019-10-14 16:25:29] local.ERROR: Trait 'Illuminate\Database\Eloquent\softDeletes' not found {"exception":"[object] (Symfony\\Component\\Debug\\Exception\\FatalErrorException(code: 1): Trait 'Illuminate\\Database\\Eloquent\\softDeletes' not found at /home/eritqaaa/public_html/crmold.eritqaa.com.tr/app/User.php:13)
[stacktrace]
#0 {main}
"} 
[2019-10-14 16:26:19] local.ERROR: Trait 'Illuminate\Database\Eloquent\softDeletes' not found {"exception":"[object] (Symfony\\Component\\Debug\\Exception\\FatalErrorException(code: 1): Trait 'Illuminate\\Database\\Eloquent\\softDeletes' not found at /home/eritqaaa/public_html/crmold.eritqaa.com.tr/app/User.php:13)
[stacktrace]
#0 {main}
"} 
[2019-10-14 16:27:17] local.ERROR: Trait 'Illuminate\Database\Eloquent\softDeletes' not found {"exception":"[object] (Symfony\\Component\\Debug\\Exception\\FatalErrorException(code: 1): Trait 'Illuminate\\Database\\Eloquent\\softDeletes' not found at /home/eritqaaa/public_html/crmold.eritqaa.com.tr/app/User.php:13)
[stacktrace]
#0 {main}
"} 
[2019-10-14 16:27:33] local.ERROR: Trait 'Illuminate\Database\Eloquent\softDeletes' not found {"exception":"[object] (Symfony\\Component\\Debug\\Exception\\FatalErrorException(code: 1): Trait 'Illuminate\\Database\\Eloquent\\softDeletes' not found at /home/eritqaaa/public_html/crmold.eritqaa.com.tr/app/User.php:13)
[stacktrace]
#0 {main}
"} 
[2019-10-14 16:36:44] local.ERROR: Trait 'Illuminate\Database\Eloquent\softDeletes' not found {"exception":"[object] (Symfony\\Component\\Debug\\Exception\\FatalErrorException(code: 1): Trait 'Illuminate\\Database\\Eloquent\\softDeletes' not found at /home/eritqaaa/public_html/crmold.eritqaa.com.tr/app/User.php:13)
[stacktrace]
#0 {main}
"} 
[2019-10-14 16:36:59] local.ERROR: Trait 'Illuminate\Database\Eloquent\softDeletes' not found {"exception":"[object] (Symfony\\Component\\Debug\\Exception\\FatalErrorException(code: 1): Trait 'Illuminate\\Database\\Eloquent\\softDeletes' not found at /home/eritqaaa/public_html/crmold.eritqaa.com.tr/app/User.php:13)
[stacktrace]
#0 {main}
"} 
[2019-10-14 16:41:55] local.ERROR: Trait 'Illuminate\Database\Eloquent\softDeletes' not found {"exception":"[object] (Symfony\\Component\\Debug\\Exception\\FatalErrorException(code: 1): Trait 'Illuminate\\Database\\Eloquent\\softDeletes' not found at /home/eritqaaa/public_html/crmold.eritqaa.com.tr/app/User.php:13)
[stacktrace]
#0 {main}
"} 
[2019-10-14 16:42:26] local.ERROR: Trait 'App\Illuminate\Database\Eloquent\softDeletes' not found {"exception":"[object] (Symfony\\Component\\Debug\\Exception\\FatalErrorException(code: 1): Trait 'App\\Illuminate\\Database\\Eloquent\\softDeletes' not found at /home/eritqaaa/public_html/crmold.eritqaa.com.tr/app/User.php:13)
[stacktrace]
#0 {main}
"} 
[2019-10-14 16:43:01] local.ERROR: Trait 'Illuminate\Database\Eloquent\softDeletes' not found {"exception":"[object] (Symfony\\Component\\Debug\\Exception\\FatalErrorException(code: 1): Trait 'Illuminate\\Database\\Eloquent\\softDeletes' not found at /home/eritqaaa/public_html/crmold.eritqaa.com.tr/app/User.php:15)
[stacktrace]
#0 {main}
"} 
[2019-10-14 16:43:40] local.ERROR: Trait 'Illuminate\Database\Eloquent\softDeletes' not found {"exception":"[object] (Symfony\\Component\\Debug\\Exception\\FatalErrorException(code: 1): Trait 'Illuminate\\Database\\Eloquent\\softDeletes' not found at /home/eritqaaa/public_html/crmold.eritqaa.com.tr/app/User.php:41)
[stacktrace]
#0 {main}
"} 
[2019-10-14 16:45:58] local.ERROR: Trait 'Illuminate\Database\Eloquent\softdeletes' not found {"exception":"[object] (Symfony\\Component\\Debug\\Exception\\FatalErrorException(code: 1): Trait 'Illuminate\\Database\\Eloquent\\softdeletes' not found at /home/eritqaaa/public_html/crmold.eritqaa.com.tr/app/User.php:41)
[stacktrace]
#0 {main}
"} 
[2019-10-14 16:48:23] local.ERROR: Trait 'Illuminate\Database\Eloquent\softDeletes' not found {"userId":1,"exception":"[object] (Symfony\\Component\\Debug\\Exception\\FatalErrorException(code: 1): Trait 'Illuminate\\Database\\Eloquent\\softDeletes' not found at /home/eritqaaa/public_html/crmold.eritqaa.com.tr/app/Model/Customer.php:13)
[stacktrace]
#0 {main}
"} 
[2019-10-14 16:52:23] local.ERROR: Trait 'Illuminate\Database\Eloquent\SoftDeletingTrait' not found {"userId":1,"exception":"[object] (Symfony\\Component\\Debug\\Exception\\FatalErrorException(code: 1): Trait 'Illuminate\\Database\\Eloquent\\SoftDeletingTrait' not found at /home/eritqaaa/public_html/crmold.eritqaa.com.tr/app/User.php:13)
[stacktrace]
#0 {main}
"} 
[2019-10-14 16:52:30] local.ERROR: Trait 'Illuminate\Database\Eloquent\SoftDeletingTrait' not found {"userId":1,"exception":"[object] (Symfony\\Component\\Debug\\Exception\\FatalErrorException(code: 1): Trait 'Illuminate\\Database\\Eloquent\\SoftDeletingTrait' not found at /home/eritqaaa/public_html/crmold.eritqaa.com.tr/app/User.php:13)
[stacktrace]
#0 {main}
"} 
[2019-10-14 17:08:07] local.ERROR: Trait 'Illuminate\Database\Eloquent\softDeletes' not found {"exception":"[object] (Symfony\\Component\\Debug\\Exception\\FatalErrorException(code: 1): Trait 'Illuminate\\Database\\Eloquent\\softDeletes' not found at /home/eritqaaa/public_html/crmold.eritqaa.com.tr/app/Model/Customer.php:13)
[stacktrace]
#0 {main}
"} 
[2019-10-14 17:29:11] local.ERROR: Connection could not be established with host mail.eritqaa.org [Connection refused #111] {"exception":"[object] (Swift_TransportException(code: 0): Connection could not be established with host mail.eritqaa.org [Connection refused #111] at /home/eritqaaa/public_html/crmold.eritqaa.com.tr/vendor/swiftmailer/swiftmailer/lib/classes/Swift/Transport/StreamBuffer.php:269)
[stacktrace]
#0 /home/eritqaaa/public_html/crmold.eritqaa.com.tr/vendor/swiftmailer/swiftmailer/lib/classes/Swift/Transport/StreamBuffer.php(58): Swift_Transport_StreamBuffer->establishSocketConnection()
#1 /home/eritqaaa/public_html/crmold.eritqaa.com.tr/vendor/swiftmailer/swiftmailer/lib/classes/Swift/Transport/AbstractSmtpTransport.php(143): Swift_Transport_StreamBuffer->initialize(Array)
#2 /home/eritqaaa/public_html/crmold.eritqaa.com.tr/vendor/swiftmailer/swiftmailer/lib/classes/Swift/Mailer.php(65): Swift_Transport_AbstractSmtpTransport->start()
#3 /home/eritqaaa/public_html/crmold.eritqaa.com.tr/vendor/laravel/framework/src/Illuminate/Mail/Mailer.php(484): Swift_Mailer->send(Object(Swift_Message), Array)
#4 /home/eritqaaa/public_html/crmold.eritqaa.com.tr/vendor/laravel/framework/src/Illuminate/Mail/Mailer.php(259): Illuminate\\Mail\\Mailer->sendSwiftMessage(Object(Swift_Message))
#5 /home/eritqaaa/public_html/crmold.eritqaa.com.tr/vendor/laravel/framework/src/Illuminate/Notifications/Channels/MailChannel.php(65): Illuminate\\Mail\\Mailer->send(Object(Illuminate\\Support\\HtmlString), Array, Object(Closure))
#6 /home/eritqaaa/public_html/crmold.eritqaa.com.tr/vendor/laravel/framework/src/Illuminate/Notifications/NotificationSender.php(144): Illuminate\\Notifications\\Channels\\MailChannel->send(Object(App\\User), Object(Illuminate\\Auth\\Notifications\\ResetPassword))
#7 /home/eritqaaa/public_html/crmold.eritqaa.com.tr/vendor/laravel/framework/src/Illuminate/Notifications/NotificationSender.php(103): Illuminate\\Notifications\\NotificationSender->sendToNotifiable(Object(App\\User), '4341aa00-6212-4...', Object(Illuminate\\Auth\\Notifications\\ResetPassword), 'mail')
#8 /home/eritqaaa/public_html/crmold.eritqaa.com.tr/vendor/laravel/framework/src/Illuminate/Support/Traits/Localizable.php(19): Illuminate\\Notifications\\NotificationSender->Illuminate\\Notifications\\{closure}()
#9 /home/eritqaaa/public_html/crmold.eritqaa.com.tr/vendor/laravel/framework/src/Illuminate/Notifications/NotificationSender.php(105): Illuminate\\Notifications\\NotificationSender->withLocale(NULL, Object(Closure))
#10 /home/eritqaaa/public_html/crmold.eritqaa.com.tr/vendor/laravel/framework/src/Illuminate/Notifications/NotificationSender.php(77): Illuminate\\Notifications\\NotificationSender->sendNow(Object(Illuminate\\Database\\Eloquent\\Collection), Object(Illuminate\\Auth\\Notifications\\ResetPassword))
#11 /home/eritqaaa/public_html/crmold.eritqaa.com.tr/vendor/laravel/framework/src/Illuminate/Notifications/ChannelManager.php(39): Illuminate\\Notifications\\NotificationSender->send(Object(Illuminate\\Database\\Eloquent\\Collection), Object(Illuminate\\Auth\\Notifications\\ResetPassword))
#12 /home/eritqaaa/public_html/crmold.eritqaa.com.tr/vendor/laravel/framework/src/Illuminate/Notifications/RoutesNotifications.php(18): Illuminate\\Notifications\\ChannelManager->send(Object(App\\User), Object(Illuminate\\Auth\\Notifications\\ResetPassword))
#13 /home/eritqaaa/public_html/crmold.eritqaa.com.tr/vendor/laravel/framework/src/Illuminate/Auth/Passwords/CanResetPassword.php(27): App\\User->notify(Object(Illuminate\\Auth\\Notifications\\ResetPassword))
#14 /home/eritqaaa/public_html/crmold.eritqaa.com.tr/vendor/laravel/framework/src/Illuminate/Auth/Passwords/PasswordBroker.php(70): Illuminate\\Foundation\\Auth\\User->sendPasswordResetNotification('46b574fc0aa75ed...')
#15 /home/eritqaaa/public_html/crmold.eritqaa.com.tr/vendor/laravel/framework/src/Illuminate/Foundation/Auth/SendsPasswordResetEmails.php(34): Illuminate\\Auth\\Passwords\\PasswordBroker->sendResetLink(Array)
#16 [internal function]: App\\Http\\Controllers\\Auth\\ForgotPasswordController->sendResetLinkEmail(Object(Illuminate\\Http\\Request))
#17 /home/eritqaaa/public_html/crmold.eritqaa.com.tr/vendor/laravel/framework/src/Illuminate/Routing/Controller.php(54): call_user_func_array(Array, Array)
#18 /home/eritqaaa/public_html/crmold.eritqaa.com.tr/vendor/laravel/framework/src/Illuminate/Routing/ControllerDispatcher.php(45): Illuminate\\Routing\\Controller->callAction('sendResetLinkEm...', Array)
#19 /home/eritqaaa/public_html/crmold.eritqaa.com.tr/vendor/laravel/framework/src/Illuminate/Routing/Route.php(219): Illuminate\\Routing\\ControllerDispatcher->dispatch(Object(Illuminate\\Routing\\Route), Object(App\\Http\\Controllers\\Auth\\ForgotPasswordController), 'sendResetLinkEm...')
#20 /home/eritqaaa/public_html/crmold.eritqaa.com.tr/vendor/laravel/framework/src/Illuminate/Routing/Route.php(176): Illuminate\\Routing\\Route->runController()
#21 /home/eritqaaa/public_html/crmold.eritqaa.com.tr/vendor/laravel/framework/src/Illuminate/Routing/Router.php(680): Illuminate\\Routing\\Route->run()
#22 /home/eritqaaa/public_html/crmold.eritqaa.com.tr/vendor/laravel/framework/src/Illuminate/Routing/Pipeline.php(30): Illuminate\\Routing\\Router->Illuminate\\Routing\\{closure}(Object(Illuminate\\Http\\Request))
#23 /home/eritqaaa/public_html/crmold.eritqaa.com.tr/app/Http/Middleware/RedirectIfAuthenticated.php(24): Illuminate\\Routing\\Pipeline->Illuminate\\Routing\\{closure}(Object(Illuminate\\Http\\Request))
#24 /home/eritqaaa/public_html/crmold.eritqaa.com.tr/vendor/laravel/framework/src/Illuminate/Pipeline/Pipeline.php(163): App\\Http\\Middleware\\RedirectIfAuthenticated->handle(Object(Illuminate\\Http\\Request), Object(Closure))
#25 /home/eritqaaa/public_html/crmold.eritqaa.com.tr/vendor/laravel/framework/src/Illuminate/Routing/Pipeline.php(53): Illuminate\\Pipeline\\Pipeline->Illuminate\\Pipeline\\{closure}(Object(Illuminate\\Http\\Request))
#26 /home/eritqaaa/public_html/crmold.eritqaa.com.tr/app/Http/Middleware/Localization.php(23): Illuminate\\Routing\\Pipeline->Illuminate\\Routing\\{closure}(Object(Illuminate\\Http\\Request))
#27 /home/eritqaaa/public_html/crmold.eritqaa.com.tr/vendor/laravel/framework/src/Illuminate/Pipeline/Pipeline.php(163): App\\Http\\Middleware\\Localization->handle(Object(Illuminate\\Http\\Request), Object(Closure))
#28 /home/eritqaaa/public_html/crmold.eritqaa.com.tr/vendor/laravel/framework/src/Illuminate/Routing/Pipeline.php(53): Illuminate\\Pipeline\\Pipeline->Illuminate\\Pipeline\\{closure}(Object(Illuminate\\Http\\Request))
#29 /home/eritqaaa/public_html/crmold.eritqaa.com.tr/vendor/laravel/framework/src/Illuminate/Routing/Middleware/SubstituteBindings.php(41): Illuminate\\Routing\\Pipeline->Illuminate\\Routing\\{closure}(Object(Illuminate\\Http\\Request))
#30 /home/eritqaaa/public_html/crmold.eritqaa.com.tr/vendor/laravel/framework/src/Illuminate/Pipeline/Pipeline.php(163): Illuminate\\Routing\\Middleware\\SubstituteBindings->handle(Object(Illuminate\\Http\\Request), Object(Closure))
#31 /home/eritqaaa/public_html/crmold.eritqaa.com.tr/vendor/laravel/framework/src/Illuminate/Routing/Pipeline.php(53): Illuminate\\Pipeline\\Pipeline->Illuminate\\Pipeline\\{closure}(Object(Illuminate\\Http\\Request))
#32 /home/eritqaaa/public_html/crmold.eritqaa.com.tr/vendor/laravel/framework/src/Illuminate/Foundation/Http/Middleware/VerifyCsrfToken.php(75): Illuminate\\Routing\\Pipeline->Illuminate\\Routing\\{closure}(Object(Illuminate\\Http\\Request))
#33 /home/eritqaaa/public_html/crmold.eritqaa.com.tr/vendor/laravel/framework/src/Illuminate/Pipeline/Pipeline.php(163): Illuminate\\Foundation\\Http\\Middleware\\VerifyCsrfToken->handle(Object(Illuminate\\Http\\Request), Object(Closure))
#34 /home/eritqaaa/public_html/crmold.eritqaa.com.tr/vendor/laravel/framework/src/Illuminate/Routing/Pipeline.php(53): Illuminate\\Pipeline\\Pipeline->Illuminate\\Pipeline\\{closure}(Object(Illuminate\\Http\\Request))
#35 /home/eritqaaa/public_html/crmold.eritqaa.com.tr/vendor/laravel/framework/src/Illuminate/View/Middleware/ShareErrorsFromSession.php(49): Illuminate\\Routing\\Pipeline->Illuminate\\Routing\\{closure}(Object(Illuminate\\Http\\Request))
#36 /home/eritqaaa/public_html/crmold.eritqaa.com.tr/vendor/laravel/framework/src/Illuminate/Pipeline/Pipeline.php(163): Illuminate\\View\\Middleware\\ShareErrorsFromSession->handle(Object(Illuminate\\Http\\Request), Object(Closure))
#37 /home/eritqaaa/public_html/crmold.eritqaa.com.tr/vendor/laravel/framework/src/Illuminate/Routing/Pipeline.php(53): Illuminate\\Pipeline\\Pipeline->Illuminate\\Pipeline\\{closure}(Object(Illuminate\\Http\\Request))
#38 /home/eritqaaa/public_html/crmold.eritqaa.com.tr/vendor/laravel/framework/src/Illuminate/Session/Middleware/StartSession.php(56): Illuminate\\Routing\\Pipeline->Illuminate\\Routing\\{closure}(Object(Illuminate\\Http\\Request))
#39 /home/eritqaaa/public_html/crmold.eritqaa.com.tr/vendor/laravel/framework/src/Illuminate/Pipeline/Pipeline.php(163): Illuminate\\Session\\Middleware\\StartSession->handle(Object(Illuminate\\Http\\Request), Object(Closure))
#40 /home/eritqaaa/public_html/crmold.eritqaa.com.tr/vendor/laravel/framework/src/Illuminate/Routing/Pipeline.php(53): Illuminate\\Pipeline\\Pipeline->Illuminate\\Pipeline\\{closure}(Object(Illuminate\\Http\\Request))
#41 /home/eritqaaa/public_html/crmold.eritqaa.com.tr/vendor/laravel/framework/src/Illuminate/Cookie/Middleware/AddQueuedCookiesToResponse.php(37): Illuminate\\Routing\\Pipeline->Illuminate\\Routing\\{closure}(Object(Illuminate\\Http\\Request))
#42 /home/eritqaaa/public_html/crmold.eritqaa.com.tr/vendor/laravel/framework/src/Illuminate/Pipeline/Pipeline.php(163): Illuminate\\Cookie\\Middleware\\AddQueuedCookiesToResponse->handle(Object(Illuminate\\Http\\Request), Object(Closure))
#43 /home/eritqaaa/public_html/crmold.eritqaa.com.tr/vendor/laravel/framework/src/Illuminate/Routing/Pipeline.php(53): Illuminate\\Pipeline\\Pipeline->Illuminate\\Pipeline\\{closure}(Object(Illuminate\\Http\\Request))
#44 /home/eritqaaa/public_html/crmold.eritqaa.com.tr/vendor/laravel/framework/src/Illuminate/Cookie/Middleware/EncryptCookies.php(66): Illuminate\\Routing\\Pipeline->Illuminate\\Routing\\{closure}(Object(Illuminate\\Http\\Request))
#45 /home/eritqaaa/public_html/crmold.eritqaa.com.tr/vendor/laravel/framework/src/Illuminate/Pipeline/Pipeline.php(163): Illuminate\\Cookie\\Middleware\\EncryptCookies->handle(Object(Illuminate\\Http\\Request), Object(Closure))
#46 /home/eritqaaa/public_html/crmold.eritqaa.com.tr/vendor/laravel/framework/src/Illuminate/Routing/Pipeline.php(53): Illuminate\\Pipeline\\Pipeline->Illuminate\\Pipeline\\{closure}(Object(Illuminate\\Http\\Request))
#47 /home/eritqaaa/public_html/crmold.eritqaa.com.tr/vendor/laravel/framework/src/Illuminate/Pipeline/Pipeline.php(104): Illuminate\\Routing\\Pipeline->Illuminate\\Routing\\{closure}(Object(Illuminate\\Http\\Request))
#48 /home/eritqaaa/public_html/crmold.eritqaa.com.tr/vendor/laravel/framework/src/Illuminate/Routing/Router.php(682): Illuminate\\Pipeline\\Pipeline->then(Object(Closure))
#49 /home/eritqaaa/public_html/crmold.eritqaa.com.tr/vendor/laravel/framework/src/Illuminate/Routing/Router.php(657): Illuminate\\Routing\\Router->runRouteWithinStack(Object(Illuminate\\Routing\\Route), Object(Illuminate\\Http\\Request))
#50 /home/eritqaaa/public_html/crmold.eritqaa.com.tr/vendor/laravel/framework/src/Illuminate/Routing/Router.php(623): Illuminate\\Routing\\Router->runRoute(Object(Illuminate\\Http\\Request), Object(Illuminate\\Routing\\Route))
#51 /home/eritqaaa/public_html/crmold.eritqaa.com.tr/vendor/laravel/framework/src/Illuminate/Routing/Router.php(612): Illuminate\\Routing\\Router->dispatchToRoute(Object(Illuminate\\Http\\Request))
#52 /home/eritqaaa/public_html/crmold.eritqaa.com.tr/vendor/laravel/framework/src/Illuminate/Foundation/Http/Kernel.php(176): Illuminate\\Routing\\Router->dispatch(Object(Illuminate\\Http\\Request))
#53 /home/eritqaaa/public_html/crmold.eritqaa.com.tr/vendor/laravel/framework/src/Illuminate/Routing/Pipeline.php(30): Illuminate\\Foundation\\Http\\Kernel->Illuminate\\Foundation\\Http\\{closure}(Object(Illuminate\\Http\\Request))
#54 /home/eritqaaa/public_html/crmold.eritqaa.com.tr/vendor/fideloper/proxy/src/TrustProxies.php(57): Illuminate\\Routing\\Pipeline->Illuminate\\Routing\\{closure}(Object(Illuminate\\Http\\Request))
#55 /home/eritqaaa/public_html/crmold.eritqaa.com.tr/vendor/laravel/framework/src/Illuminate/Pipeline/Pipeline.php(163): Fideloper\\Proxy\\TrustProxies->handle(Object(Illuminate\\Http\\Request), Object(Closure))
#56 /home/eritqaaa/public_html/crmold.eritqaa.com.tr/vendor/laravel/framework/src/Illuminate/Routing/Pipeline.php(53): Illuminate\\Pipeline\\Pipeline->Illuminate\\Pipeline\\{closure}(Object(Illuminate\\Http\\Request))
#57 /home/eritqaaa/public_html/crmold.eritqaa.com.tr/vendor/laravel/framework/src/Illuminate/Foundation/Http/Middleware/TransformsRequest.php(21): Illuminate\\Routing\\Pipeline->Illuminate\\Routing\\{closure}(Object(Illuminate\\Http\\Request))
#58 /home/eritqaaa/public_html/crmold.eritqaa.com.tr/vendor/laravel/framework/src/Illuminate/Pipeline/Pipeline.php(163): Illuminate\\Foundation\\Http\\Middleware\\TransformsRequest->handle(Object(Illuminate\\Http\\Request), Object(Closure))
#59 /home/eritqaaa/public_html/crmold.eritqaa.com.tr/vendor/laravel/framework/src/Illuminate/Routing/Pipeline.php(53): Illuminate\\Pipeline\\Pipeline->Illuminate\\Pipeline\\{closure}(Object(Illuminate\\Http\\Request))
#60 /home/eritqaaa/public_html/crmold.eritqaa.com.tr/vendor/laravel/framework/src/Illuminate/Foundation/Http/Middleware/TransformsRequest.php(21): Illuminate\\Routing\\Pipeline->Illuminate\\Routing\\{closure}(Object(Illuminate\\Http\\Request))
#61 /home/eritqaaa/public_html/crmold.eritqaa.com.tr/vendor/laravel/framework/src/Illuminate/Pipeline/Pipeline.php(163): Illuminate\\Foundation\\Http\\Middleware\\TransformsRequest->handle(Object(Illuminate\\Http\\Request), Object(Closure))
#62 /home/eritqaaa/public_html/crmold.eritqaa.com.tr/vendor/laravel/framework/src/Illuminate/Routing/Pipeline.php(53): Illuminate\\Pipeline\\Pipeline->Illuminate\\Pipeline\\{closure}(Object(Illuminate\\Http\\Request))
#63 /home/eritqaaa/public_html/crmold.eritqaa.com.tr/vendor/laravel/framework/src/Illuminate/Foundation/Http/Middleware/ValidatePostSize.php(27): Illuminate\\Routing\\Pipeline->Illuminate\\Routing\\{closure}(Object(Illuminate\\Http\\Request))
#64 /home/eritqaaa/public_html/crmold.eritqaa.com.tr/vendor/laravel/framework/src/Illuminate/Pipeline/Pipeline.php(163): Illuminate\\Foundation\\Http\\Middleware\\ValidatePostSize->handle(Object(Illuminate\\Http\\Request), Object(Closure))
#65 /home/eritqaaa/public_html/crmold.eritqaa.com.tr/vendor/laravel/framework/src/Illuminate/Routing/Pipeline.php(53): Illuminate\\Pipeline\\Pipeline->Illuminate\\Pipeline\\{closure}(Object(Illuminate\\Http\\Request))
#66 /home/eritqaaa/public_html/crmold.eritqaa.com.tr/vendor/laravel/framework/src/Illuminate/Foundation/Http/Middleware/CheckForMaintenanceMode.php(62): Illuminate\\Routing\\Pipeline->Illuminate\\Routing\\{closure}(Object(Illuminate\\Http\\Request))
#67 /home/eritqaaa/public_html/crmold.eritqaa.com.tr/vendor/laravel/framework/src/Illuminate/Pipeline/Pipeline.php(163): Illuminate\\Foundation\\Http\\Middleware\\CheckForMaintenanceMode->handle(Object(Illuminate\\Http\\Request), Object(Closure))
#68 /home/eritqaaa/public_html/crmold.eritqaa.com.tr/vendor/laravel/framework/src/Illuminate/Routing/Pipeline.php(53): Illuminate\\Pipeline\\Pipeline->Illuminate\\Pipeline\\{closure}(Object(Illuminate\\Http\\Request))
#69 /home/eritqaaa/public_html/crmold.eritqaa.com.tr/vendor/laravel/framework/src/Illuminate/Pipeline/Pipeline.php(104): Illuminate\\Routing\\Pipeline->Illuminate\\Routing\\{closure}(Object(Illuminate\\Http\\Request))
#70 /home/eritqaaa/public_html/crmold.eritqaa.com.tr/vendor/laravel/framework/src/Illuminate/Foundation/Http/Kernel.php(151): Illuminate\\Pipeline\\Pipeline->then(Object(Closure))
#71 /home/eritqaaa/public_html/crmold.eritqaa.com.tr/vendor/laravel/framework/src/Illuminate/Foundation/Http/Kernel.php(116): Illuminate\\Foundation\\Http\\Kernel->sendRequestThroughRouter(Object(Illuminate\\Http\\Request))
#72 /home/eritqaaa/public_html/crmold.eritqaa.com.tr/public/index.php(55): Illuminate\\Foundation\\Http\\Kernel->handle(Object(Illuminate\\Http\\Request))
#73 {main}
"} 
[2019-10-14 17:29:26] local.ERROR: Connection could not be established with host mail.eritqaa.org [Connection refused #111] {"exception":"[object] (Swift_TransportException(code: 0): Connection could not be established with host mail.eritqaa.org [Connection refused #111] at /home/eritqaaa/public_html/crmold.eritqaa.com.tr/vendor/swiftmailer/swiftmailer/lib/classes/Swift/Transport/StreamBuffer.php:269)
[stacktrace]
#0 /home/eritqaaa/public_html/crmold.eritqaa.com.tr/vendor/swiftmailer/swiftmailer/lib/classes/Swift/Transport/StreamBuffer.php(58): Swift_Transport_StreamBuffer->establishSocketConnection()
#1 /home/eritqaaa/public_html/crmold.eritqaa.com.tr/vendor/swiftmailer/swiftmailer/lib/classes/Swift/Transport/AbstractSmtpTransport.php(143): Swift_Transport_StreamBuffer->initialize(Array)
#2 /home/eritqaaa/public_html/crmold.eritqaa.com.tr/vendor/swiftmailer/swiftmailer/lib/classes/Swift/Mailer.php(65): Swift_Transport_AbstractSmtpTransport->start()
#3 /home/eritqaaa/public_html/crmold.eritqaa.com.tr/vendor/laravel/framework/src/Illuminate/Mail/Mailer.php(484): Swift_Mailer->send(Object(Swift_Message), Array)
#4 /home/eritqaaa/public_html/crmold.eritqaa.com.tr/vendor/laravel/framework/src/Illuminate/Mail/Mailer.php(259): Illuminate\\Mail\\Mailer->sendSwiftMessage(Object(Swift_Message))
#5 /home/eritqaaa/public_html/crmold.eritqaa.com.tr/vendor/laravel/framework/src/Illuminate/Notifications/Channels/MailChannel.php(65): Illuminate\\Mail\\Mailer->send(Object(Illuminate\\Support\\HtmlString), Array, Object(Closure))
#6 /home/eritqaaa/public_html/crmold.eritqaa.com.tr/vendor/laravel/framework/src/Illuminate/Notifications/NotificationSender.php(144): Illuminate\\Notifications\\Channels\\MailChannel->send(Object(App\\User), Object(Illuminate\\Auth\\Notifications\\ResetPassword))
#7 /home/eritqaaa/public_html/crmold.eritqaa.com.tr/vendor/laravel/framework/src/Illuminate/Notifications/NotificationSender.php(103): Illuminate\\Notifications\\NotificationSender->sendToNotifiable(Object(App\\User), '0c97f91e-5dea-4...', Object(Illuminate\\Auth\\Notifications\\ResetPassword), 'mail')
#8 /home/eritqaaa/public_html/crmold.eritqaa.com.tr/vendor/laravel/framework/src/Illuminate/Support/Traits/Localizable.php(19): Illuminate\\Notifications\\NotificationSender->Illuminate\\Notifications\\{closure}()
#9 /home/eritqaaa/public_html/crmold.eritqaa.com.tr/vendor/laravel/framework/src/Illuminate/Notifications/NotificationSender.php(105): Illuminate\\Notifications\\NotificationSender->withLocale(NULL, Object(Closure))
#10 /home/eritqaaa/public_html/crmold.eritqaa.com.tr/vendor/laravel/framework/src/Illuminate/Notifications/NotificationSender.php(77): Illuminate\\Notifications\\NotificationSender->sendNow(Object(Illuminate\\Database\\Eloquent\\Collection), Object(Illuminate\\Auth\\Notifications\\ResetPassword))
#11 /home/eritqaaa/public_html/crmold.eritqaa.com.tr/vendor/laravel/framework/src/Illuminate/Notifications/ChannelManager.php(39): Illuminate\\Notifications\\NotificationSender->send(Object(Illuminate\\Database\\Eloquent\\Collection), Object(Illuminate\\Auth\\Notifications\\ResetPassword))
#12 /home/eritqaaa/public_html/crmold.eritqaa.com.tr/vendor/laravel/framework/src/Illuminate/Notifications/RoutesNotifications.php(18): Illuminate\\Notifications\\ChannelManager->send(Object(App\\User), Object(Illuminate\\Auth\\Notifications\\ResetPassword))
#13 /home/eritqaaa/public_html/crmold.eritqaa.com.tr/vendor/laravel/framework/src/Illuminate/Auth/Passwords/CanResetPassword.php(27): App\\User->notify(Object(Illuminate\\Auth\\Notifications\\ResetPassword))
#14 /home/eritqaaa/public_html/crmold.eritqaa.com.tr/vendor/laravel/framework/src/Illuminate/Auth/Passwords/PasswordBroker.php(70): Illuminate\\Foundation\\Auth\\User->sendPasswordResetNotification('d44cdc8724c7750...')
#15 /home/eritqaaa/public_html/crmold.eritqaa.com.tr/vendor/laravel/framework/src/Illuminate/Foundation/Auth/SendsPasswordResetEmails.php(34): Illuminate\\Auth\\Passwords\\PasswordBroker->sendResetLink(Array)
#16 [internal function]: App\\Http\\Controllers\\Auth\\ForgotPasswordController->sendResetLinkEmail(Object(Illuminate\\Http\\Request))
#17 /home/eritqaaa/public_html/crmold.eritqaa.com.tr/vendor/laravel/framework/src/Illuminate/Routing/Controller.php(54): call_user_func_array(Array, Array)
#18 /home/eritqaaa/public_html/crmold.eritqaa.com.tr/vendor/laravel/framework/src/Illuminate/Routing/ControllerDispatcher.php(45): Illuminate\\Routing\\Controller->callAction('sendResetLinkEm...', Array)
#19 /home/eritqaaa/public_html/crmold.eritqaa.com.tr/vendor/laravel/framework/src/Illuminate/Routing/Route.php(219): Illuminate\\Routing\\ControllerDispatcher->dispatch(Object(Illuminate\\Routing\\Route), Object(App\\Http\\Controllers\\Auth\\ForgotPasswordController), 'sendResetLinkEm...')
#20 /home/eritqaaa/public_html/crmold.eritqaa.com.tr/vendor/laravel/framework/src/Illuminate/Routing/Route.php(176): Illuminate\\Routing\\Route->runController()
#21 /home/eritqaaa/public_html/crmold.eritqaa.com.tr/vendor/laravel/framework/src/Illuminate/Routing/Router.php(680): Illuminate\\Routing\\Route->run()
#22 /home/eritqaaa/public_html/crmold.eritqaa.com.tr/vendor/laravel/framework/src/Illuminate/Routing/Pipeline.php(30): Illuminate\\Routing\\Router->Illuminate\\Routing\\{closure}(Object(Illuminate\\Http\\Request))
#23 /home/eritqaaa/public_html/crmold.eritqaa.com.tr/app/Http/Middleware/RedirectIfAuthenticated.php(24): Illuminate\\Routing\\Pipeline->Illuminate\\Routing\\{closure}(Object(Illuminate\\Http\\Request))
#24 /home/eritqaaa/public_html/crmold.eritqaa.com.tr/vendor/laravel/framework/src/Illuminate/Pipeline/Pipeline.php(163): App\\Http\\Middleware\\RedirectIfAuthenticated->handle(Object(Illuminate\\Http\\Request), Object(Closure))
#25 /home/eritqaaa/public_html/crmold.eritqaa.com.tr/vendor/laravel/framework/src/Illuminate/Routing/Pipeline.php(53): Illuminate\\Pipeline\\Pipeline->Illuminate\\Pipeline\\{closure}(Object(Illuminate\\Http\\Request))
#26 /home/eritqaaa/public_html/crmold.eritqaa.com.tr/app/Http/Middleware/Localization.php(23): Illuminate\\Routing\\Pipeline->Illuminate\\Routing\\{closure}(Object(Illuminate\\Http\\Request))
#27 /home/eritqaaa/public_html/crmold.eritqaa.com.tr/vendor/laravel/framework/src/Illuminate/Pipeline/Pipeline.php(163): App\\Http\\Middleware\\Localization->handle(Object(Illuminate\\Http\\Request), Object(Closure))
#28 /home/eritqaaa/public_html/crmold.eritqaa.com.tr/vendor/laravel/framework/src/Illuminate/Routing/Pipeline.php(53): Illuminate\\Pipeline\\Pipeline->Illuminate\\Pipeline\\{closure}(Object(Illuminate\\Http\\Request))
#29 /home/eritqaaa/public_html/crmold.eritqaa.com.tr/vendor/laravel/framework/src/Illuminate/Routing/Middleware/SubstituteBindings.php(41): Illuminate\\Routing\\Pipeline->Illuminate\\Routing\\{closure}(Object(Illuminate\\Http\\Request))
#30 /home/eritqaaa/public_html/crmold.eritqaa.com.tr/vendor/laravel/framework/src/Illuminate/Pipeline/Pipeline.php(163): Illuminate\\Routing\\Middleware\\SubstituteBindings->handle(Object(Illuminate\\Http\\Request), Object(Closure))
#31 /home/eritqaaa/public_html/crmold.eritqaa.com.tr/vendor/laravel/framework/src/Illuminate/Routing/Pipeline.php(53): Illuminate\\Pipeline\\Pipeline->Illuminate\\Pipeline\\{closure}(Object(Illuminate\\Http\\Request))
#32 /home/eritqaaa/public_html/crmold.eritqaa.com.tr/vendor/laravel/framework/src/Illuminate/Foundation/Http/Middleware/VerifyCsrfToken.php(75): Illuminate\\Routing\\Pipeline->Illuminate\\Routing\\{closure}(Object(Illuminate\\Http\\Request))
#33 /home/eritqaaa/public_html/crmold.eritqaa.com.tr/vendor/laravel/framework/src/Illuminate/Pipeline/Pipeline.php(163): Illuminate\\Foundation\\Http\\Middleware\\VerifyCsrfToken->handle(Object(Illuminate\\Http\\Request), Object(Closure))
#34 /home/eritqaaa/public_html/crmold.eritqaa.com.tr/vendor/laravel/framework/src/Illuminate/Routing/Pipeline.php(53): Illuminate\\Pipeline\\Pipeline->Illuminate\\Pipeline\\{closure}(Object(Illuminate\\Http\\Request))
#35 /home/eritqaaa/public_html/crmold.eritqaa.com.tr/vendor/laravel/framework/src/Illuminate/View/Middleware/ShareErrorsFromSession.php(49): Illuminate\\Routing\\Pipeline->Illuminate\\Routing\\{closure}(Object(Illuminate\\Http\\Request))
#36 /home/eritqaaa/public_html/crmold.eritqaa.com.tr/vendor/laravel/framework/src/Illuminate/Pipeline/Pipeline.php(163): Illuminate\\View\\Middleware\\ShareErrorsFromSession->handle(Object(Illuminate\\Http\\Request), Object(Closure))
#37 /home/eritqaaa/public_html/crmold.eritqaa.com.tr/vendor/laravel/framework/src/Illuminate/Routing/Pipeline.php(53): Illuminate\\Pipeline\\Pipeline->Illuminate\\Pipeline\\{closure}(Object(Illuminate\\Http\\Request))
#38 /home/eritqaaa/public_html/crmold.eritqaa.com.tr/vendor/laravel/framework/src/Illuminate/Session/Middleware/StartSession.php(56): Illuminate\\Routing\\Pipeline->Illuminate\\Routing\\{closure}(Object(Illuminate\\Http\\Request))
#39 /home/eritqaaa/public_html/crmold.eritqaa.com.tr/vendor/laravel/framework/src/Illuminate/Pipeline/Pipeline.php(163): Illuminate\\Session\\Middleware\\StartSession->handle(Object(Illuminate\\Http\\Request), Object(Closure))
#40 /home/eritqaaa/public_html/crmold.eritqaa.com.tr/vendor/laravel/framework/src/Illuminate/Routing/Pipeline.php(53): Illuminate\\Pipeline\\Pipeline->Illuminate\\Pipeline\\{closure}(Object(Illuminate\\Http\\Request))
#41 /home/eritqaaa/public_html/crmold.eritqaa.com.tr/vendor/laravel/framework/src/Illuminate/Cookie/Middleware/AddQueuedCookiesToResponse.php(37): Illuminate\\Routing\\Pipeline->Illuminate\\Routing\\{closure}(Object(Illuminate\\Http\\Request))
#42 /home/eritqaaa/public_html/crmold.eritqaa.com.tr/vendor/laravel/framework/src/Illuminate/Pipeline/Pipeline.php(163): Illuminate\\Cookie\\Middleware\\AddQueuedCookiesToResponse->handle(Object(Illuminate\\Http\\Request), Object(Closure))
#43 /home/eritqaaa/public_html/crmold.eritqaa.com.tr/vendor/laravel/framework/src/Illuminate/Routing/Pipeline.php(53): Illuminate\\Pipeline\\Pipeline->Illuminate\\Pipeline\\{closure}(Object(Illuminate\\Http\\Request))
#44 /home/eritqaaa/public_html/crmold.eritqaa.com.tr/vendor/laravel/framework/src/Illuminate/Cookie/Middleware/EncryptCookies.php(66): Illuminate\\Routing\\Pipeline->Illuminate\\Routing\\{closure}(Object(Illuminate\\Http\\Request))
#45 /home/eritqaaa/public_html/crmold.eritqaa.com.tr/vendor/laravel/framework/src/Illuminate/Pipeline/Pipeline.php(163): Illuminate\\Cookie\\Middleware\\EncryptCookies->handle(Object(Illuminate\\Http\\Request), Object(Closure))
#46 /home/eritqaaa/public_html/crmold.eritqaa.com.tr/vendor/laravel/framework/src/Illuminate/Routing/Pipeline.php(53): Illuminate\\Pipeline\\Pipeline->Illuminate\\Pipeline\\{closure}(Object(Illuminate\\Http\\Request))
#47 /home/eritqaaa/public_html/crmold.eritqaa.com.tr/vendor/laravel/framework/src/Illuminate/Pipeline/Pipeline.php(104): Illuminate\\Routing\\Pipeline->Illuminate\\Routing\\{closure}(Object(Illuminate\\Http\\Request))
#48 /home/eritqaaa/public_html/crmold.eritqaa.com.tr/vendor/laravel/framework/src/Illuminate/Routing/Router.php(682): Illuminate\\Pipeline\\Pipeline->then(Object(Closure))
#49 /home/eritqaaa/public_html/crmold.eritqaa.com.tr/vendor/laravel/framework/src/Illuminate/Routing/Router.php(657): Illuminate\\Routing\\Router->runRouteWithinStack(Object(Illuminate\\Routing\\Route), Object(Illuminate\\Http\\Request))
#50 /home/eritqaaa/public_html/crmold.eritqaa.com.tr/vendor/laravel/framework/src/Illuminate/Routing/Router.php(623): Illuminate\\Routing\\Router->runRoute(Object(Illuminate\\Http\\Request), Object(Illuminate\\Routing\\Route))
#51 /home/eritqaaa/public_html/crmold.eritqaa.com.tr/vendor/laravel/framework/src/Illuminate/Routing/Router.php(612): Illuminate\\Routing\\Router->dispatchToRoute(Object(Illuminate\\Http\\Request))
#52 /home/eritqaaa/public_html/crmold.eritqaa.com.tr/vendor/laravel/framework/src/Illuminate/Foundation/Http/Kernel.php(176): Illuminate\\Routing\\Router->dispatch(Object(Illuminate\\Http\\Request))
#53 /home/eritqaaa/public_html/crmold.eritqaa.com.tr/vendor/laravel/framework/src/Illuminate/Routing/Pipeline.php(30): Illuminate\\Foundation\\Http\\Kernel->Illuminate\\Foundation\\Http\\{closure}(Object(Illuminate\\Http\\Request))
#54 /home/eritqaaa/public_html/crmold.eritqaa.com.tr/vendor/fideloper/proxy/src/TrustProxies.php(57): Illuminate\\Routing\\Pipeline->Illuminate\\Routing\\{closure}(Object(Illuminate\\Http\\Request))
#55 /home/eritqaaa/public_html/crmold.eritqaa.com.tr/vendor/laravel/framework/src/Illuminate/Pipeline/Pipeline.php(163): Fideloper\\Proxy\\TrustProxies->handle(Object(Illuminate\\Http\\Request), Object(Closure))
#56 /home/eritqaaa/public_html/crmold.eritqaa.com.tr/vendor/laravel/framework/src/Illuminate/Routing/Pipeline.php(53): Illuminate\\Pipeline\\Pipeline->Illuminate\\Pipeline\\{closure}(Object(Illuminate\\Http\\Request))
#57 /home/eritqaaa/public_html/crmold.eritqaa.com.tr/vendor/laravel/framework/src/Illuminate/Foundation/Http/Middleware/TransformsRequest.php(21): Illuminate\\Routing\\Pipeline->Illuminate\\Routing\\{closure}(Object(Illuminate\\Http\\Request))
#58 /home/eritqaaa/public_html/crmold.eritqaa.com.tr/vendor/laravel/framework/src/Illuminate/Pipeline/Pipeline.php(163): Illuminate\\Foundation\\Http\\Middleware\\TransformsRequest->handle(Object(Illuminate\\Http\\Request), Object(Closure))
#59 /home/eritqaaa/public_html/crmold.eritqaa.com.tr/vendor/laravel/framework/src/Illuminate/Routing/Pipeline.php(53): Illuminate\\Pipeline\\Pipeline->Illuminate\\Pipeline\\{closure}(Object(Illuminate\\Http\\Request))
#60 /home/eritqaaa/public_html/crmold.eritqaa.com.tr/vendor/laravel/framework/src/Illuminate/Foundation/Http/Middleware/TransformsRequest.php(21): Illuminate\\Routing\\Pipeline->Illuminate\\Routing\\{closure}(Object(Illuminate\\Http\\Request))
#61 /home/eritqaaa/public_html/crmold.eritqaa.com.tr/vendor/laravel/framework/src/Illuminate/Pipeline/Pipeline.php(163): Illuminate\\Foundation\\Http\\Middleware\\TransformsRequest->handle(Object(Illuminate\\Http\\Request), Object(Closure))
#62 /home/eritqaaa/public_html/crmold.eritqaa.com.tr/vendor/laravel/framework/src/Illuminate/Routing/Pipeline.php(53): Illuminate\\Pipeline\\Pipeline->Illuminate\\Pipeline\\{closure}(Object(Illuminate\\Http\\Request))
#63 /home/eritqaaa/public_html/crmold.eritqaa.com.tr/vendor/laravel/framework/src/Illuminate/Foundation/Http/Middleware/ValidatePostSize.php(27): Illuminate\\Routing\\Pipeline->Illuminate\\Routing\\{closure}(Object(Illuminate\\Http\\Request))
#64 /home/eritqaaa/public_html/crmold.eritqaa.com.tr/vendor/laravel/framework/src/Illuminate/Pipeline/Pipeline.php(163): Illuminate\\Foundation\\Http\\Middleware\\ValidatePostSize->handle(Object(Illuminate\\Http\\Request), Object(Closure))
#65 /home/eritqaaa/public_html/crmold.eritqaa.com.tr/vendor/laravel/framework/src/Illuminate/Routing/Pipeline.php(53): Illuminate\\Pipeline\\Pipeline->Illuminate\\Pipeline\\{closure}(Object(Illuminate\\Http\\Request))
#66 /home/eritqaaa/public_html/crmold.eritqaa.com.tr/vendor/laravel/framework/src/Illuminate/Foundation/Http/Middleware/CheckForMaintenanceMode.php(62): Illuminate\\Routing\\Pipeline->Illuminate\\Routing\\{closure}(Object(Illuminate\\Http\\Request))
#67 /home/eritqaaa/public_html/crmold.eritqaa.com.tr/vendor/laravel/framework/src/Illuminate/Pipeline/Pipeline.php(163): Illuminate\\Foundation\\Http\\Middleware\\CheckForMaintenanceMode->handle(Object(Illuminate\\Http\\Request), Object(Closure))
#68 /home/eritqaaa/public_html/crmold.eritqaa.com.tr/vendor/laravel/framework/src/Illuminate/Routing/Pipeline.php(53): Illuminate\\Pipeline\\Pipeline->Illuminate\\Pipeline\\{closure}(Object(Illuminate\\Http\\Request))
#69 /home/eritqaaa/public_html/crmold.eritqaa.com.tr/vendor/laravel/framework/src/Illuminate/Pipeline/Pipeline.php(104): Illuminate\\Routing\\Pipeline->Illuminate\\Routing\\{closure}(Object(Illuminate\\Http\\Request))
#70 /home/eritqaaa/public_html/crmold.eritqaa.com.tr/vendor/laravel/framework/src/Illuminate/Foundation/Http/Kernel.php(151): Illuminate\\Pipeline\\Pipeline->then(Object(Closure))
#71 /home/eritqaaa/public_html/crmold.eritqaa.com.tr/vendor/laravel/framework/src/Illuminate/Foundation/Http/Kernel.php(116): Illuminate\\Foundation\\Http\\Kernel->sendRequestThroughRouter(Object(Illuminate\\Http\\Request))
#72 /home/eritqaaa/public_html/crmold.eritqaa.com.tr/public/index.php(55): Illuminate\\Foundation\\Http\\Kernel->handle(Object(Illuminate\\Http\\Request))
#73 {main}
"} 
[2019-10-14 17:33:56] local.ERROR: Trait 'Illuminate\Database\Eloquent\softDeletes' not found {"exception":"[object] (Symfony\\Component\\Debug\\Exception\\FatalErrorException(code: 1): Trait 'Illuminate\\Database\\Eloquent\\softDeletes' not found at /home/eritqaaa/public_html/crmold.eritqaa.com.tr/app/Model/Customer.php:13)
[stacktrace]
#0 {main}
"} 
[2019-10-14 17:38:33] local.ERROR: Connection could not be established with host mail.eritqaa.org [Connection refused #111] {"exception":"[object] (Swift_TransportException(code: 0): Connection could not be established with host mail.eritqaa.org [Connection refused #111] at /home/eritqaaa/public_html/crmold.eritqaa.com.tr/vendor/swiftmailer/swiftmailer/lib/classes/Swift/Transport/StreamBuffer.php:269)
[stacktrace]
#0 /home/eritqaaa/public_html/crmold.eritqaa.com.tr/vendor/swiftmailer/swiftmailer/lib/classes/Swift/Transport/StreamBuffer.php(58): Swift_Transport_StreamBuffer->establishSocketConnection()
#1 /home/eritqaaa/public_html/crmold.eritqaa.com.tr/vendor/swiftmailer/swiftmailer/lib/classes/Swift/Transport/AbstractSmtpTransport.php(143): Swift_Transport_StreamBuffer->initialize(Array)
#2 /home/eritqaaa/public_html/crmold.eritqaa.com.tr/vendor/swiftmailer/swiftmailer/lib/classes/Swift/Mailer.php(65): Swift_Transport_AbstractSmtpTransport->start()
#3 /home/eritqaaa/public_html/crmold.eritqaa.com.tr/vendor/laravel/framework/src/Illuminate/Mail/Mailer.php(484): Swift_Mailer->send(Object(Swift_Message), Array)
#4 /home/eritqaaa/public_html/crmold.eritqaa.com.tr/vendor/laravel/framework/src/Illuminate/Mail/Mailer.php(259): Illuminate\\Mail\\Mailer->sendSwiftMessage(Object(Swift_Message))
#5 /home/eritqaaa/public_html/crmold.eritqaa.com.tr/vendor/laravel/framework/src/Illuminate/Notifications/Channels/MailChannel.php(65): Illuminate\\Mail\\Mailer->send(Object(Illuminate\\Support\\HtmlString), Array, Object(Closure))
#6 /home/eritqaaa/public_html/crmold.eritqaa.com.tr/vendor/laravel/framework/src/Illuminate/Notifications/NotificationSender.php(144): Illuminate\\Notifications\\Channels\\MailChannel->send(Object(App\\User), Object(Illuminate\\Auth\\Notifications\\ResetPassword))
#7 /home/eritqaaa/public_html/crmold.eritqaa.com.tr/vendor/laravel/framework/src/Illuminate/Notifications/NotificationSender.php(103): Illuminate\\Notifications\\NotificationSender->sendToNotifiable(Object(App\\User), 'e9042c55-98ea-4...', Object(Illuminate\\Auth\\Notifications\\ResetPassword), 'mail')
#8 /home/eritqaaa/public_html/crmold.eritqaa.com.tr/vendor/laravel/framework/src/Illuminate/Support/Traits/Localizable.php(19): Illuminate\\Notifications\\NotificationSender->Illuminate\\Notifications\\{closure}()
#9 /home/eritqaaa/public_html/crmold.eritqaa.com.tr/vendor/laravel/framework/src/Illuminate/Notifications/NotificationSender.php(105): Illuminate\\Notifications\\NotificationSender->withLocale(NULL, Object(Closure))
#10 /home/eritqaaa/public_html/crmold.eritqaa.com.tr/vendor/laravel/framework/src/Illuminate/Notifications/NotificationSender.php(77): Illuminate\\Notifications\\NotificationSender->sendNow(Object(Illuminate\\Database\\Eloquent\\Collection), Object(Illuminate\\Auth\\Notifications\\ResetPassword))
#11 /home/eritqaaa/public_html/crmold.eritqaa.com.tr/vendor/laravel/framework/src/Illuminate/Notifications/ChannelManager.php(39): Illuminate\\Notifications\\NotificationSender->send(Object(Illuminate\\Database\\Eloquent\\Collection), Object(Illuminate\\Auth\\Notifications\\ResetPassword))
#12 /home/eritqaaa/public_html/crmold.eritqaa.com.tr/vendor/laravel/framework/src/Illuminate/Notifications/RoutesNotifications.php(18): Illuminate\\Notifications\\ChannelManager->send(Object(App\\User), Object(Illuminate\\Auth\\Notifications\\ResetPassword))
#13 /home/eritqaaa/public_html/crmold.eritqaa.com.tr/vendor/laravel/framework/src/Illuminate/Auth/Passwords/CanResetPassword.php(27): App\\User->notify(Object(Illuminate\\Auth\\Notifications\\ResetPassword))
#14 /home/eritqaaa/public_html/crmold.eritqaa.com.tr/vendor/laravel/framework/src/Illuminate/Auth/Passwords/PasswordBroker.php(70): Illuminate\\Foundation\\Auth\\User->sendPasswordResetNotification('768f80136cd4d82...')
#15 /home/eritqaaa/public_html/crmold.eritqaa.com.tr/vendor/laravel/framework/src/Illuminate/Foundation/Auth/SendsPasswordResetEmails.php(34): Illuminate\\Auth\\Passwords\\PasswordBroker->sendResetLink(Array)
#16 [internal function]: App\\Http\\Controllers\\Auth\\ForgotPasswordController->sendResetLinkEmail(Object(Illuminate\\Http\\Request))
#17 /home/eritqaaa/public_html/crmold.eritqaa.com.tr/vendor/laravel/framework/src/Illuminate/Routing/Controller.php(54): call_user_func_array(Array, Array)
#18 /home/eritqaaa/public_html/crmold.eritqaa.com.tr/vendor/laravel/framework/src/Illuminate/Routing/ControllerDispatcher.php(45): Illuminate\\Routing\\Controller->callAction('sendResetLinkEm...', Array)
#19 /home/eritqaaa/public_html/crmold.eritqaa.com.tr/vendor/laravel/framework/src/Illuminate/Routing/Route.php(219): Illuminate\\Routing\\ControllerDispatcher->dispatch(Object(Illuminate\\Routing\\Route), Object(App\\Http\\Controllers\\Auth\\ForgotPasswordController), 'sendResetLinkEm...')
#20 /home/eritqaaa/public_html/crmold.eritqaa.com.tr/vendor/laravel/framework/src/Illuminate/Routing/Route.php(176): Illuminate\\Routing\\Route->runController()
#21 /home/eritqaaa/public_html/crmold.eritqaa.com.tr/vendor/laravel/framework/src/Illuminate/Routing/Router.php(680): Illuminate\\Routing\\Route->run()
#22 /home/eritqaaa/public_html/crmold.eritqaa.com.tr/vendor/laravel/framework/src/Illuminate/Routing/Pipeline.php(30): Illuminate\\Routing\\Router->Illuminate\\Routing\\{closure}(Object(Illuminate\\Http\\Request))
#23 /home/eritqaaa/public_html/crmold.eritqaa.com.tr/app/Http/Middleware/RedirectIfAuthenticated.php(24): Illuminate\\Routing\\Pipeline->Illuminate\\Routing\\{closure}(Object(Illuminate\\Http\\Request))
#24 /home/eritqaaa/public_html/crmold.eritqaa.com.tr/vendor/laravel/framework/src/Illuminate/Pipeline/Pipeline.php(163): App\\Http\\Middleware\\RedirectIfAuthenticated->handle(Object(Illuminate\\Http\\Request), Object(Closure))
#25 /home/eritqaaa/public_html/crmold.eritqaa.com.tr/vendor/laravel/framework/src/Illuminate/Routing/Pipeline.php(53): Illuminate\\Pipeline\\Pipeline->Illuminate\\Pipeline\\{closure}(Object(Illuminate\\Http\\Request))
#26 /home/eritqaaa/public_html/crmold.eritqaa.com.tr/app/Http/Middleware/Localization.php(23): Illuminate\\Routing\\Pipeline->Illuminate\\Routing\\{closure}(Object(Illuminate\\Http\\Request))
#27 /home/eritqaaa/public_html/crmold.eritqaa.com.tr/vendor/laravel/framework/src/Illuminate/Pipeline/Pipeline.php(163): App\\Http\\Middleware\\Localization->handle(Object(Illuminate\\Http\\Request), Object(Closure))
#28 /home/eritqaaa/public_html/crmold.eritqaa.com.tr/vendor/laravel/framework/src/Illuminate/Routing/Pipeline.php(53): Illuminate\\Pipeline\\Pipeline->Illuminate\\Pipeline\\{closure}(Object(Illuminate\\Http\\Request))
#29 /home/eritqaaa/public_html/crmold.eritqaa.com.tr/vendor/laravel/framework/src/Illuminate/Routing/Middleware/SubstituteBindings.php(41): Illuminate\\Routing\\Pipeline->Illuminate\\Routing\\{closure}(Object(Illuminate\\Http\\Request))
#30 /home/eritqaaa/public_html/crmold.eritqaa.com.tr/vendor/laravel/framework/src/Illuminate/Pipeline/Pipeline.php(163): Illuminate\\Routing\\Middleware\\SubstituteBindings->handle(Object(Illuminate\\Http\\Request), Object(Closure))
#31 /home/eritqaaa/public_html/crmold.eritqaa.com.tr/vendor/laravel/framework/src/Illuminate/Routing/Pipeline.php(53): Illuminate\\Pipeline\\Pipeline->Illuminate\\Pipeline\\{closure}(Object(Illuminate\\Http\\Request))
#32 /home/eritqaaa/public_html/crmold.eritqaa.com.tr/vendor/laravel/framework/src/Illuminate/Foundation/Http/Middleware/VerifyCsrfToken.php(75): Illuminate\\Routing\\Pipeline->Illuminate\\Routing\\{closure}(Object(Illuminate\\Http\\Request))
#33 /home/eritqaaa/public_html/crmold.eritqaa.com.tr/vendor/laravel/framework/src/Illuminate/Pipeline/Pipeline.php(163): Illuminate\\Foundation\\Http\\Middleware\\VerifyCsrfToken->handle(Object(Illuminate\\Http\\Request), Object(Closure))
#34 /home/eritqaaa/public_html/crmold.eritqaa.com.tr/vendor/laravel/framework/src/Illuminate/Routing/Pipeline.php(53): Illuminate\\Pipeline\\Pipeline->Illuminate\\Pipeline\\{closure}(Object(Illuminate\\Http\\Request))
#35 /home/eritqaaa/public_html/crmold.eritqaa.com.tr/vendor/laravel/framework/src/Illuminate/View/Middleware/ShareErrorsFromSession.php(49): Illuminate\\Routing\\Pipeline->Illuminate\\Routing\\{closure}(Object(Illuminate\\Http\\Request))
#36 /home/eritqaaa/public_html/crmold.eritqaa.com.tr/vendor/laravel/framework/src/Illuminate/Pipeline/Pipeline.php(163): Illuminate\\View\\Middleware\\ShareErrorsFromSession->handle(Object(Illuminate\\Http\\Request), Object(Closure))
#37 /home/eritqaaa/public_html/crmold.eritqaa.com.tr/vendor/laravel/framework/src/Illuminate/Routing/Pipeline.php(53): Illuminate\\Pipeline\\Pipeline->Illuminate\\Pipeline\\{closure}(Object(Illuminate\\Http\\Request))
#38 /home/eritqaaa/public_html/crmold.eritqaa.com.tr/vendor/laravel/framework/src/Illuminate/Session/Middleware/StartSession.php(56): Illuminate\\Routing\\Pipeline->Illuminate\\Routing\\{closure}(Object(Illuminate\\Http\\Request))
#39 /home/eritqaaa/public_html/crmold.eritqaa.com.tr/vendor/laravel/framework/src/Illuminate/Pipeline/Pipeline.php(163): Illuminate\\Session\\Middleware\\StartSession->handle(Object(Illuminate\\Http\\Request), Object(Closure))
#40 /home/eritqaaa/public_html/crmold.eritqaa.com.tr/vendor/laravel/framework/src/Illuminate/Routing/Pipeline.php(53): Illuminate\\Pipeline\\Pipeline->Illuminate\\Pipeline\\{closure}(Object(Illuminate\\Http\\Request))
#41 /home/eritqaaa/public_html/crmold.eritqaa.com.tr/vendor/laravel/framework/src/Illuminate/Cookie/Middleware/AddQueuedCookiesToResponse.php(37): Illuminate\\Routing\\Pipeline->Illuminate\\Routing\\{closure}(Object(Illuminate\\Http\\Request))
#42 /home/eritqaaa/public_html/crmold.eritqaa.com.tr/vendor/laravel/framework/src/Illuminate/Pipeline/Pipeline.php(163): Illuminate\\Cookie\\Middleware\\AddQueuedCookiesToResponse->handle(Object(Illuminate\\Http\\Request), Object(Closure))
#43 /home/eritqaaa/public_html/crmold.eritqaa.com.tr/vendor/laravel/framework/src/Illuminate/Routing/Pipeline.php(53): Illuminate\\Pipeline\\Pipeline->Illuminate\\Pipeline\\{closure}(Object(Illuminate\\Http\\Request))
#44 /home/eritqaaa/public_html/crmold.eritqaa.com.tr/vendor/laravel/framework/src/Illuminate/Cookie/Middleware/EncryptCookies.php(66): Illuminate\\Routing\\Pipeline->Illuminate\\Routing\\{closure}(Object(Illuminate\\Http\\Request))
#45 /home/eritqaaa/public_html/crmold.eritqaa.com.tr/vendor/laravel/framework/src/Illuminate/Pipeline/Pipeline.php(163): Illuminate\\Cookie\\Middleware\\EncryptCookies->handle(Object(Illuminate\\Http\\Request), Object(Closure))
#46 /home/eritqaaa/public_html/crmold.eritqaa.com.tr/vendor/laravel/framework/src/Illuminate/Routing/Pipeline.php(53): Illuminate\\Pipeline\\Pipeline->Illuminate\\Pipeline\\{closure}(Object(Illuminate\\Http\\Request))
#47 /home/eritqaaa/public_html/crmold.eritqaa.com.tr/vendor/laravel/framework/src/Illuminate/Pipeline/Pipeline.php(104): Illuminate\\Routing\\Pipeline->Illuminate\\Routing\\{closure}(Object(Illuminate\\Http\\Request))
#48 /home/eritqaaa/public_html/crmold.eritqaa.com.tr/vendor/laravel/framework/src/Illuminate/Routing/Router.php(682): Illuminate\\Pipeline\\Pipeline->then(Object(Closure))
#49 /home/eritqaaa/public_html/crmold.eritqaa.com.tr/vendor/laravel/framework/src/Illuminate/Routing/Router.php(657): Illuminate\\Routing\\Router->runRouteWithinStack(Object(Illuminate\\Routing\\Route), Object(Illuminate\\Http\\Request))
#50 /home/eritqaaa/public_html/crmold.eritqaa.com.tr/vendor/laravel/framework/src/Illuminate/Routing/Router.php(623): Illuminate\\Routing\\Router->runRoute(Object(Illuminate\\Http\\Request), Object(Illuminate\\Routing\\Route))
#51 /home/eritqaaa/public_html/crmold.eritqaa.com.tr/vendor/laravel/framework/src/Illuminate/Routing/Router.php(612): Illuminate\\Routing\\Router->dispatchToRoute(Object(Illuminate\\Http\\Request))
#52 /home/eritqaaa/public_html/crmold.eritqaa.com.tr/vendor/laravel/framework/src/Illuminate/Foundation/Http/Kernel.php(176): Illuminate\\Routing\\Router->dispatch(Object(Illuminate\\Http\\Request))
#53 /home/eritqaaa/public_html/crmold.eritqaa.com.tr/vendor/laravel/framework/src/Illuminate/Routing/Pipeline.php(30): Illuminate\\Foundation\\Http\\Kernel->Illuminate\\Foundation\\Http\\{closure}(Object(Illuminate\\Http\\Request))
#54 /home/eritqaaa/public_html/crmold.eritqaa.com.tr/vendor/fideloper/proxy/src/TrustProxies.php(57): Illuminate\\Routing\\Pipeline->Illuminate\\Routing\\{closure}(Object(Illuminate\\Http\\Request))
#55 /home/eritqaaa/public_html/crmold.eritqaa.com.tr/vendor/laravel/framework/src/Illuminate/Pipeline/Pipeline.php(163): Fideloper\\Proxy\\TrustProxies->handle(Object(Illuminate\\Http\\Request), Object(Closure))
#56 /home/eritqaaa/public_html/crmold.eritqaa.com.tr/vendor/laravel/framework/src/Illuminate/Routing/Pipeline.php(53): Illuminate\\Pipeline\\Pipeline->Illuminate\\Pipeline\\{closure}(Object(Illuminate\\Http\\Request))
#57 /home/eritqaaa/public_html/crmold.eritqaa.com.tr/vendor/laravel/framework/src/Illuminate/Foundation/Http/Middleware/TransformsRequest.php(21): Illuminate\\Routing\\Pipeline->Illuminate\\Routing\\{closure}(Object(Illuminate\\Http\\Request))
#58 /home/eritqaaa/public_html/crmold.eritqaa.com.tr/vendor/laravel/framework/src/Illuminate/Pipeline/Pipeline.php(163): Illuminate\\Foundation\\Http\\Middleware\\TransformsRequest->handle(Object(Illuminate\\Http\\Request), Object(Closure))
#59 /home/eritqaaa/public_html/crmold.eritqaa.com.tr/vendor/laravel/framework/src/Illuminate/Routing/Pipeline.php(53): Illuminate\\Pipeline\\Pipeline->Illuminate\\Pipeline\\{closure}(Object(Illuminate\\Http\\Request))
#60 /home/eritqaaa/public_html/crmold.eritqaa.com.tr/vendor/laravel/framework/src/Illuminate/Foundation/Http/Middleware/TransformsRequest.php(21): Illuminate\\Routing\\Pipeline->Illuminate\\Routing\\{closure}(Object(Illuminate\\Http\\Request))
#61 /home/eritqaaa/public_html/crmold.eritqaa.com.tr/vendor/laravel/framework/src/Illuminate/Pipeline/Pipeline.php(163): Illuminate\\Foundation\\Http\\Middleware\\TransformsRequest->handle(Object(Illuminate\\Http\\Request), Object(Closure))
#62 /home/eritqaaa/public_html/crmold.eritqaa.com.tr/vendor/laravel/framework/src/Illuminate/Routing/Pipeline.php(53): Illuminate\\Pipeline\\Pipeline->Illuminate\\Pipeline\\{closure}(Object(Illuminate\\Http\\Request))
#63 /home/eritqaaa/public_html/crmold.eritqaa.com.tr/vendor/laravel/framework/src/Illuminate/Foundation/Http/Middleware/ValidatePostSize.php(27): Illuminate\\Routing\\Pipeline->Illuminate\\Routing\\{closure}(Object(Illuminate\\Http\\Request))
#64 /home/eritqaaa/public_html/crmold.eritqaa.com.tr/vendor/laravel/framework/src/Illuminate/Pipeline/Pipeline.php(163): Illuminate\\Foundation\\Http\\Middleware\\ValidatePostSize->handle(Object(Illuminate\\Http\\Request), Object(Closure))
#65 /home/eritqaaa/public_html/crmold.eritqaa.com.tr/vendor/laravel/framework/src/Illuminate/Routing/Pipeline.php(53): Illuminate\\Pipeline\\Pipeline->Illuminate\\Pipeline\\{closure}(Object(Illuminate\\Http\\Request))
#66 /home/eritqaaa/public_html/crmold.eritqaa.com.tr/vendor/laravel/framework/src/Illuminate/Foundation/Http/Middleware/CheckForMaintenanceMode.php(62): Illuminate\\Routing\\Pipeline->Illuminate\\Routing\\{closure}(Object(Illuminate\\Http\\Request))
#67 /home/eritqaaa/public_html/crmold.eritqaa.com.tr/vendor/laravel/framework/src/Illuminate/Pipeline/Pipeline.php(163): Illuminate\\Foundation\\Http\\Middleware\\CheckForMaintenanceMode->handle(Object(Illuminate\\Http\\Request), Object(Closure))
#68 /home/eritqaaa/public_html/crmold.eritqaa.com.tr/vendor/laravel/framework/src/Illuminate/Routing/Pipeline.php(53): Illuminate\\Pipeline\\Pipeline->Illuminate\\Pipeline\\{closure}(Object(Illuminate\\Http\\Request))
#69 /home/eritqaaa/public_html/crmold.eritqaa.com.tr/vendor/laravel/framework/src/Illuminate/Pipeline/Pipeline.php(104): Illuminate\\Routing\\Pipeline->Illuminate\\Routing\\{closure}(Object(Illuminate\\Http\\Request))
#70 /home/eritqaaa/public_html/crmold.eritqaa.com.tr/vendor/laravel/framework/src/Illuminate/Foundation/Http/Kernel.php(151): Illuminate\\Pipeline\\Pipeline->then(Object(Closure))
#71 /home/eritqaaa/public_html/crmold.eritqaa.com.tr/vendor/laravel/framework/src/Illuminate/Foundation/Http/Kernel.php(116): Illuminate\\Foundation\\Http\\Kernel->sendRequestThroughRouter(Object(Illuminate\\Http\\Request))
#72 /home/eritqaaa/public_html/crmold.eritqaa.com.tr/public/index.php(55): Illuminate\\Foundation\\Http\\Kernel->handle(Object(Illuminate\\Http\\Request))
#73 {main}
"} 
[2019-10-14 17:45:20] local.ERROR: Trait 'Illuminate\Database\Eloquent\softDeletes' not found {"exception":"[object] (Symfony\\Component\\Debug\\Exception\\FatalErrorException(code: 1): Trait 'Illuminate\\Database\\Eloquent\\softDeletes' not found at /home/eritqaaa/public_html/crmold.eritqaa.com.tr/app/Model/Customer.php:13)
[stacktrace]
#0 {main}
"} 
[2019-10-14 17:46:17] local.ERROR: Trait 'Illuminate\Database\Eloquent\softDeletes' not found {"exception":"[object] (Symfony\\Component\\Debug\\Exception\\FatalErrorException(code: 1): Trait 'Illuminate\\Database\\Eloquent\\softDeletes' not found at /home/eritqaaa/public_html/crmold.eritqaa.com.tr/app/Model/Customer.php:13)
[stacktrace]
#0 {main}
"} 
[2019-10-14 17:47:10] local.ERROR: Trait 'Illuminate\Database\Eloquent\softDeletes' not found {"exception":"[object] (Symfony\\Component\\Debug\\Exception\\FatalErrorException(code: 1): Trait 'Illuminate\\Database\\Eloquent\\softDeletes' not found at /home/eritqaaa/public_html/crmold.eritqaa.com.tr/app/Model/Customer.php:13)
[stacktrace]
#0 {main}
"} 
[2019-10-14 17:47:41] local.ERROR: Trait 'Illuminate\Database\Eloquent\softDeletes' not found {"exception":"[object] (Symfony\\Component\\Debug\\Exception\\FatalErrorException(code: 1): Trait 'Illuminate\\Database\\Eloquent\\softDeletes' not found at /home/eritqaaa/public_html/crmold.eritqaa.com.tr/app/Model/Customer.php:13)
[stacktrace]
#0 {main}
"} 
[2019-10-14 17:50:01] local.ERROR: Trait 'Illuminate\Database\Eloquent\softDeletes' not found {"exception":"[object] (Symfony\\Component\\Debug\\Exception\\FatalErrorException(code: 1): Trait 'Illuminate\\Database\\Eloquent\\softDeletes' not found at /home/eritqaaa/public_html/crmold.eritqaa.com.tr/app/Model/Customer.php:13)
[stacktrace]
#0 {main}
"} 
[2019-10-14 17:51:21] local.ERROR: Trait 'Illuminate\Database\Eloquent\softDeletes' not found {"exception":"[object] (Symfony\\Component\\Debug\\Exception\\FatalErrorException(code: 1): Trait 'Illuminate\\Database\\Eloquent\\softDeletes' not found at /home/eritqaaa/public_html/crmold.eritqaa.com.tr/app/Model/Customer.php:13)
[stacktrace]
#0 {main}
"} 
