[2019-10-17 14:21:43] local.ERROR: SQLSTATE[22001]: String data, right truncated: 1406 Data too long for column 'notes' at row 1 (SQL: update `invoices` set `user_id` = 1, `subtotal` = 700, `discount` = 0, `tax` = 0, `taxstatus` = yes, `total` = 700, `notes` = تنتهي مسؤولية الشركة قانونية وضريبية بتاريخ 17/10/2019 ولم تعد شركتنا لها اي صلة او علاقة مباشرة أو غير مباشرة بالشركة المصدر لها الفاتورة بتوقيع المدير المخول للشركة الأستاذ محمد بإقرار صاحبة الشأن الست عبير, `invoices`.`updated_at` = 2019-10-17 14:21:43 where `id` = 150) {"userId":1,"exception":"[object] (Illuminate\\Database\\QueryException(code: 22001): SQLSTATE[22001]: String data, right truncated: 1406 Data too long for column 'notes' at row 1 (SQL: update `invoices` set `user_id` = 1, `subtotal` = 700, `discount` = 0, `tax` = 0, `taxstatus` = yes, `total` = 700, `notes` = تنتهي مسؤولية الشركة قانونية وضريبية بتاريخ 17/10/2019 ولم تعد شركتنا لها اي صلة او علاقة مباشرة أو غير مباشرة بالشركة المصدر لها الفاتورة بتوقيع المدير المخول للشركة الأستاذ محمد بإقرار صاحبة الشأن الست عبير, `invoices`.`updated_at` = 2019-10-17 14:21:43 where `id` = 150) at /home/eritqaaa/public_html/crmold.eritqaa.com.tr/vendor/laravel/framework/src/Illuminate/Database/Connection.php:664, PDOException(code: 22001): SQLSTATE[22001]: String data, right truncated: 1406 Data too long for column 'notes' at row 1 at /home/eritqaaa/public_html/crmold.eritqaa.com.tr/vendor/laravel/framework/src/Illuminate/Database/Connection.php:483)
[stacktrace]
#0 /home/eritqaaa/public_html/crmold.eritqaa.com.tr/vendor/laravel/framework/src/Illuminate/Database/Connection.php(624): Illuminate\\Database\\Connection->runQueryCallback('update `invoice...', Array, Object(Closure))
#1 /home/eritqaaa/public_html/crmold.eritqaa.com.tr/vendor/laravel/framework/src/Illuminate/Database/Connection.php(490): Illuminate\\Database\\Connection->run('update `invoice...', Array, Object(Closure))
#2 /home/eritqaaa/public_html/crmold.eritqaa.com.tr/vendor/laravel/framework/src/Illuminate/Database/Connection.php(423): Illuminate\\Database\\Connection->affectingStatement('update `invoice...', Array)
#3 /home/eritqaaa/public_html/crmold.eritqaa.com.tr/vendor/laravel/framework/src/Illuminate/Database/Query/Builder.php(2664): Illuminate\\Database\\Connection->update('update `invoice...', Array)
#4 /home/eritqaaa/public_html/crmold.eritqaa.com.tr/vendor/laravel/framework/src/Illuminate/Database/Eloquent/Builder.php(818): Illuminate\\Database\\Query\\Builder->update(Array)
#5 /home/eritqaaa/public_html/crmold.eritqaa.com.tr/vendor/laravel/framework/src/Illuminate/Database/Eloquent/Model.php(741): Illuminate\\Database\\Eloquent\\Builder->update(Array)
#6 /home/eritqaaa/public_html/crmold.eritqaa.com.tr/vendor/laravel/framework/src/Illuminate/Database/Eloquent/Model.php(656): Illuminate\\Database\\Eloquent\\Model->performUpdate(Object(Illuminate\\Database\\Eloquent\\Builder))
#7 /home/eritqaaa/public_html/crmold.eritqaa.com.tr/vendor/laravel/framework/src/Illuminate/Database/Eloquent/Model.php(603): Illuminate\\Database\\Eloquent\\Model->save(Array)
#8 /home/eritqaaa/public_html/crmold.eritqaa.com.tr/app/Http/Controllers/Accounting/Invoice_cont.php(117): Illuminate\\Database\\Eloquent\\Model->update(Array)
#9 [internal function]: App\\Http\\Controllers\\Accounting\\Invoice_cont->update(Object(Illuminate\\Http\\Request), '150')
#10 /home/eritqaaa/public_html/crmold.eritqaa.com.tr/vendor/laravel/framework/src/Illuminate/Routing/Controller.php(54): call_user_func_array(Array, Array)
#11 /home/eritqaaa/public_html/crmold.eritqaa.com.tr/vendor/laravel/framework/src/Illuminate/Routing/ControllerDispatcher.php(45): Illuminate\\Routing\\Controller->callAction('update', Array)
#12 /home/eritqaaa/public_html/crmold.eritqaa.com.tr/vendor/laravel/framework/src/Illuminate/Routing/Route.php(219): Illuminate\\Routing\\ControllerDispatcher->dispatch(Object(Illuminate\\Routing\\Route), Object(App\\Http\\Controllers\\Accounting\\Invoice_cont), 'update')
#13 /home/eritqaaa/public_html/crmold.eritqaa.com.tr/vendor/laravel/framework/src/Illuminate/Routing/Route.php(176): Illuminate\\Routing\\Route->runController()
#14 /home/eritqaaa/public_html/crmold.eritqaa.com.tr/vendor/laravel/framework/src/Illuminate/Routing/Router.php(680): Illuminate\\Routing\\Route->run()
#15 /home/eritqaaa/public_html/crmold.eritqaa.com.tr/vendor/laravel/framework/src/Illuminate/Routing/Pipeline.php(30): Illuminate\\Routing\\Router->Illuminate\\Routing\\{closure}(Object(Illuminate\\Http\\Request))
#16 /home/eritqaaa/public_html/crmold.eritqaa.com.tr/app/Http/Middleware/UserIsLogin.php(24): Illuminate\\Routing\\Pipeline->Illuminate\\Routing\\{closure}(Object(Illuminate\\Http\\Request))
#17 /home/eritqaaa/public_html/crmold.eritqaa.com.tr/vendor/laravel/framework/src/Illuminate/Pipeline/Pipeline.php(163): App\\Http\\Middleware\\UserIsLogin->handle(Object(Illuminate\\Http\\Request), Object(Closure))
#18 /home/eritqaaa/public_html/crmold.eritqaa.com.tr/vendor/laravel/framework/src/Illuminate/Routing/Pipeline.php(53): Illuminate\\Pipeline\\Pipeline->Illuminate\\Pipeline\\{closure}(Object(Illuminate\\Http\\Request))
#19 /home/eritqaaa/public_html/crmold.eritqaa.com.tr/app/Http/Middleware/Localization.php(23): Illuminate\\Routing\\Pipeline->Illuminate\\Routing\\{closure}(Object(Illuminate\\Http\\Request))
#20 /home/eritqaaa/public_html/crmold.eritqaa.com.tr/vendor/laravel/framework/src/Illuminate/Pipeline/Pipeline.php(163): App\\Http\\Middleware\\Localization->handle(Object(Illuminate\\Http\\Request), Object(Closure))
#21 /home/eritqaaa/public_html/crmold.eritqaa.com.tr/vendor/laravel/framework/src/Illuminate/Routing/Pipeline.php(53): Illuminate\\Pipeline\\Pipeline->Illuminate\\Pipeline\\{closure}(Object(Illuminate\\Http\\Request))
#22 /home/eritqaaa/public_html/crmold.eritqaa.com.tr/vendor/laravel/framework/src/Illuminate/Routing/Middleware/SubstituteBindings.php(41): Illuminate\\Routing\\Pipeline->Illuminate\\Routing\\{closure}(Object(Illuminate\\Http\\Request))
#23 /home/eritqaaa/public_html/crmold.eritqaa.com.tr/vendor/laravel/framework/src/Illuminate/Pipeline/Pipeline.php(163): Illuminate\\Routing\\Middleware\\SubstituteBindings->handle(Object(Illuminate\\Http\\Request), Object(Closure))
#24 /home/eritqaaa/public_html/crmold.eritqaa.com.tr/vendor/laravel/framework/src/Illuminate/Routing/Pipeline.php(53): Illuminate\\Pipeline\\Pipeline->Illuminate\\Pipeline\\{closure}(Object(Illuminate\\Http\\Request))
#25 /home/eritqaaa/public_html/crmold.eritqaa.com.tr/vendor/laravel/framework/src/Illuminate/Foundation/Http/Middleware/VerifyCsrfToken.php(75): Illuminate\\Routing\\Pipeline->Illuminate\\Routing\\{closure}(Object(Illuminate\\Http\\Request))
#26 /home/eritqaaa/public_html/crmold.eritqaa.com.tr/vendor/laravel/framework/src/Illuminate/Pipeline/Pipeline.php(163): Illuminate\\Foundation\\Http\\Middleware\\VerifyCsrfToken->handle(Object(Illuminate\\Http\\Request), Object(Closure))
#27 /home/eritqaaa/public_html/crmold.eritqaa.com.tr/vendor/laravel/framework/src/Illuminate/Routing/Pipeline.php(53): Illuminate\\Pipeline\\Pipeline->Illuminate\\Pipeline\\{closure}(Object(Illuminate\\Http\\Request))
#28 /home/eritqaaa/public_html/crmold.eritqaa.com.tr/vendor/laravel/framework/src/Illuminate/View/Middleware/ShareErrorsFromSession.php(49): Illuminate\\Routing\\Pipeline->Illuminate\\Routing\\{closure}(Object(Illuminate\\Http\\Request))
#29 /home/eritqaaa/public_html/crmold.eritqaa.com.tr/vendor/laravel/framework/src/Illuminate/Pipeline/Pipeline.php(163): Illuminate\\View\\Middleware\\ShareErrorsFromSession->handle(Object(Illuminate\\Http\\Request), Object(Closure))
#30 /home/eritqaaa/public_html/crmold.eritqaa.com.tr/vendor/laravel/framework/src/Illuminate/Routing/Pipeline.php(53): Illuminate\\Pipeline\\Pipeline->Illuminate\\Pipeline\\{closure}(Object(Illuminate\\Http\\Request))
#31 /home/eritqaaa/public_html/crmold.eritqaa.com.tr/vendor/laravel/framework/src/Illuminate/Session/Middleware/StartSession.php(56): Illuminate\\Routing\\Pipeline->Illuminate\\Routing\\{closure}(Object(Illuminate\\Http\\Request))
#32 /home/eritqaaa/public_html/crmold.eritqaa.com.tr/vendor/laravel/framework/src/Illuminate/Pipeline/Pipeline.php(163): Illuminate\\Session\\Middleware\\StartSession->handle(Object(Illuminate\\Http\\Request), Object(Closure))
#33 /home/eritqaaa/public_html/crmold.eritqaa.com.tr/vendor/laravel/framework/src/Illuminate/Routing/Pipeline.php(53): Illuminate\\Pipeline\\Pipeline->Illuminate\\Pipeline\\{closure}(Object(Illuminate\\Http\\Request))
#34 /home/eritqaaa/public_html/crmold.eritqaa.com.tr/vendor/laravel/framework/src/Illuminate/Cookie/Middleware/AddQueuedCookiesToResponse.php(37): Illuminate\\Routing\\Pipeline->Illuminate\\Routing\\{closure}(Object(Illuminate\\Http\\Request))
#35 /home/eritqaaa/public_html/crmold.eritqaa.com.tr/vendor/laravel/framework/src/Illuminate/Pipeline/Pipeline.php(163): Illuminate\\Cookie\\Middleware\\AddQueuedCookiesToResponse->handle(Object(Illuminate\\Http\\Request), Object(Closure))
#36 /home/eritqaaa/public_html/crmold.eritqaa.com.tr/vendor/laravel/framework/src/Illuminate/Routing/Pipeline.php(53): Illuminate\\Pipeline\\Pipeline->Illuminate\\Pipeline\\{closure}(Object(Illuminate\\Http\\Request))
#37 /home/eritqaaa/public_html/crmold.eritqaa.com.tr/vendor/laravel/framework/src/Illuminate/Cookie/Middleware/EncryptCookies.php(66): Illuminate\\Routing\\Pipeline->Illuminate\\Routing\\{closure}(Object(Illuminate\\Http\\Request))
#38 /home/eritqaaa/public_html/crmold.eritqaa.com.tr/vendor/laravel/framework/src/Illuminate/Pipeline/Pipeline.php(163): Illuminate\\Cookie\\Middleware\\EncryptCookies->handle(Object(Illuminate\\Http\\Request), Object(Closure))
#39 /home/eritqaaa/public_html/crmold.eritqaa.com.tr/vendor/laravel/framework/src/Illuminate/Routing/Pipeline.php(53): Illuminate\\Pipeline\\Pipeline->Illuminate\\Pipeline\\{closure}(Object(Illuminate\\Http\\Request))
#40 /home/eritqaaa/public_html/crmold.eritqaa.com.tr/vendor/laravel/framework/src/Illuminate/Pipeline/Pipeline.php(104): Illuminate\\Routing\\Pipeline->Illuminate\\Routing\\{closure}(Object(Illuminate\\Http\\Request))
#41 /home/eritqaaa/public_html/crmold.eritqaa.com.tr/vendor/laravel/framework/src/Illuminate/Routing/Router.php(682): Illuminate\\Pipeline\\Pipeline->then(Object(Closure))
#42 /home/eritqaaa/public_html/crmold.eritqaa.com.tr/vendor/laravel/framework/src/Illuminate/Routing/Router.php(657): Illuminate\\Routing\\Router->runRouteWithinStack(Object(Illuminate\\Routing\\Route), Object(Illuminate\\Http\\Request))
#43 /home/eritqaaa/public_html/crmold.eritqaa.com.tr/vendor/laravel/framework/src/Illuminate/Routing/Router.php(623): Illuminate\\Routing\\Router->runRoute(Object(Illuminate\\Http\\Request), Object(Illuminate\\Routing\\Route))
#44 /home/eritqaaa/public_html/crmold.eritqaa.com.tr/vendor/laravel/framework/src/Illuminate/Routing/Router.php(612): Illuminate\\Routing\\Router->dispatchToRoute(Object(Illuminate\\Http\\Request))
#45 /home/eritqaaa/public_html/crmold.eritqaa.com.tr/vendor/laravel/framework/src/Illuminate/Foundation/Http/Kernel.php(176): Illuminate\\Routing\\Router->dispatch(Object(Illuminate\\Http\\Request))
#46 /home/eritqaaa/public_html/crmold.eritqaa.com.tr/vendor/laravel/framework/src/Illuminate/Routing/Pipeline.php(30): Illuminate\\Foundation\\Http\\Kernel->Illuminate\\Foundation\\Http\\{closure}(Object(Illuminate\\Http\\Request))
#47 /home/eritqaaa/public_html/crmold.eritqaa.com.tr/vendor/fideloper/proxy/src/TrustProxies.php(57): Illuminate\\Routing\\Pipeline->Illuminate\\Routing\\{closure}(Object(Illuminate\\Http\\Request))
#48 /home/eritqaaa/public_html/crmold.eritqaa.com.tr/vendor/laravel/framework/src/Illuminate/Pipeline/Pipeline.php(163): Fideloper\\Proxy\\TrustProxies->handle(Object(Illuminate\\Http\\Request), Object(Closure))
#49 /home/eritqaaa/public_html/crmold.eritqaa.com.tr/vendor/laravel/framework/src/Illuminate/Routing/Pipeline.php(53): Illuminate\\Pipeline\\Pipeline->Illuminate\\Pipeline\\{closure}(Object(Illuminate\\Http\\Request))
#50 /home/eritqaaa/public_html/crmold.eritqaa.com.tr/vendor/laravel/framework/src/Illuminate/Foundation/Http/Middleware/TransformsRequest.php(21): Illuminate\\Routing\\Pipeline->Illuminate\\Routing\\{closure}(Object(Illuminate\\Http\\Request))
#51 /home/eritqaaa/public_html/crmold.eritqaa.com.tr/vendor/laravel/framework/src/Illuminate/Pipeline/Pipeline.php(163): Illuminate\\Foundation\\Http\\Middleware\\TransformsRequest->handle(Object(Illuminate\\Http\\Request), Object(Closure))
#52 /home/eritqaaa/public_html/crmold.eritqaa.com.tr/vendor/laravel/framework/src/Illuminate/Routing/Pipeline.php(53): Illuminate\\Pipeline\\Pipeline->Illuminate\\Pipeline\\{closure}(Object(Illuminate\\Http\\Request))
#53 /home/eritqaaa/public_html/crmold.eritqaa.com.tr/vendor/laravel/framework/src/Illuminate/Foundation/Http/Middleware/TransformsRequest.php(21): Illuminate\\Routing\\Pipeline->Illuminate\\Routing\\{closure}(Object(Illuminate\\Http\\Request))
#54 /home/eritqaaa/public_html/crmold.eritqaa.com.tr/vendor/laravel/framework/src/Illuminate/Pipeline/Pipeline.php(163): Illuminate\\Foundation\\Http\\Middleware\\TransformsRequest->handle(Object(Illuminate\\Http\\Request), Object(Closure))
#55 /home/eritqaaa/public_html/crmold.eritqaa.com.tr/vendor/laravel/framework/src/Illuminate/Routing/Pipeline.php(53): Illuminate\\Pipeline\\Pipeline->Illuminate\\Pipeline\\{closure}(Object(Illuminate\\Http\\Request))
#56 /home/eritqaaa/public_html/crmold.eritqaa.com.tr/vendor/laravel/framework/src/Illuminate/Foundation/Http/Middleware/ValidatePostSize.php(27): Illuminate\\Routing\\Pipeline->Illuminate\\Routing\\{closure}(Object(Illuminate\\Http\\Request))
#57 /home/eritqaaa/public_html/crmold.eritqaa.com.tr/vendor/laravel/framework/src/Illuminate/Pipeline/Pipeline.php(163): Illuminate\\Foundation\\Http\\Middleware\\ValidatePostSize->handle(Object(Illuminate\\Http\\Request), Object(Closure))
#58 /home/eritqaaa/public_html/crmold.eritqaa.com.tr/vendor/laravel/framework/src/Illuminate/Routing/Pipeline.php(53): Illuminate\\Pipeline\\Pipeline->Illuminate\\Pipeline\\{closure}(Object(Illuminate\\Http\\Request))
#59 /home/eritqaaa/public_html/crmold.eritqaa.com.tr/vendor/laravel/framework/src/Illuminate/Foundation/Http/Middleware/CheckForMaintenanceMode.php(62): Illuminate\\Routing\\Pipeline->Illuminate\\Routing\\{closure}(Object(Illuminate\\Http\\Request))
#60 /home/eritqaaa/public_html/crmold.eritqaa.com.tr/vendor/laravel/framework/src/Illuminate/Pipeline/Pipeline.php(163): Illuminate\\Foundation\\Http\\Middleware\\CheckForMaintenanceMode->handle(Object(Illuminate\\Http\\Request), Object(Closure))
#61 /home/eritqaaa/public_html/crmold.eritqaa.com.tr/vendor/laravel/framework/src/Illuminate/Routing/Pipeline.php(53): Illuminate\\Pipeline\\Pipeline->Illuminate\\Pipeline\\{closure}(Object(Illuminate\\Http\\Request))
#62 /home/eritqaaa/public_html/crmold.eritqaa.com.tr/vendor/laravel/framework/src/Illuminate/Pipeline/Pipeline.php(104): Illuminate\\Routing\\Pipeline->Illuminate\\Routing\\{closure}(Object(Illuminate\\Http\\Request))
#63 /home/eritqaaa/public_html/crmold.eritqaa.com.tr/vendor/laravel/framework/src/Illuminate/Foundation/Http/Kernel.php(151): Illuminate\\Pipeline\\Pipeline->then(Object(Closure))
#64 /home/eritqaaa/public_html/crmold.eritqaa.com.tr/vendor/laravel/framework/src/Illuminate/Foundation/Http/Kernel.php(116): Illuminate\\Foundation\\Http\\Kernel->sendRequestThroughRouter(Object(Illuminate\\Http\\Request))
#65 /home/eritqaaa/public_html/crmold.eritqaa.com.tr/public/index.php(55): Illuminate\\Foundation\\Http\\Kernel->handle(Object(Illuminate\\Http\\Request))
#66 {main}
"} 
[2019-10-17 14:21:55] local.ERROR: SQLSTATE[22001]: String data, right truncated: 1406 Data too long for column 'notes' at row 1 (SQL: update `invoices` set `user_id` = 1, `subtotal` = 8500, `discount` = 0, `tax` = 0, `taxstatus` = yes, `total` = 700, `notes` = تنتهي مسؤولية الشركة قانونية وضريبية بتاريخ 17/10/2019 ولم تعد شركتنا لها اي صلة او علاقة مباشرة أو غير مباشرة بالشركة المصدر لها الفاتورة بتوقيع المدير المخول للشركة الأستاذ محمد بإقرار صاحبة الشأن الست عبير, `invoices`.`updated_at` = 2019-10-17 14:21:55 where `id` = 150) {"userId":1,"exception":"[object] (Illuminate\\Database\\QueryException(code: 22001): SQLSTATE[22001]: String data, right truncated: 1406 Data too long for column 'notes' at row 1 (SQL: update `invoices` set `user_id` = 1, `subtotal` = 8500, `discount` = 0, `tax` = 0, `taxstatus` = yes, `total` = 700, `notes` = تنتهي مسؤولية الشركة قانونية وضريبية بتاريخ 17/10/2019 ولم تعد شركتنا لها اي صلة او علاقة مباشرة أو غير مباشرة بالشركة المصدر لها الفاتورة بتوقيع المدير المخول للشركة الأستاذ محمد بإقرار صاحبة الشأن الست عبير, `invoices`.`updated_at` = 2019-10-17 14:21:55 where `id` = 150) at /home/eritqaaa/public_html/crmold.eritqaa.com.tr/vendor/laravel/framework/src/Illuminate/Database/Connection.php:664, PDOException(code: 22001): SQLSTATE[22001]: String data, right truncated: 1406 Data too long for column 'notes' at row 1 at /home/eritqaaa/public_html/crmold.eritqaa.com.tr/vendor/laravel/framework/src/Illuminate/Database/Connection.php:483)
[stacktrace]
#0 /home/eritqaaa/public_html/crmold.eritqaa.com.tr/vendor/laravel/framework/src/Illuminate/Database/Connection.php(624): Illuminate\\Database\\Connection->runQueryCallback('update `invoice...', Array, Object(Closure))
#1 /home/eritqaaa/public_html/crmold.eritqaa.com.tr/vendor/laravel/framework/src/Illuminate/Database/Connection.php(490): Illuminate\\Database\\Connection->run('update `invoice...', Array, Object(Closure))
#2 /home/eritqaaa/public_html/crmold.eritqaa.com.tr/vendor/laravel/framework/src/Illuminate/Database/Connection.php(423): Illuminate\\Database\\Connection->affectingStatement('update `invoice...', Array)
#3 /home/eritqaaa/public_html/crmold.eritqaa.com.tr/vendor/laravel/framework/src/Illuminate/Database/Query/Builder.php(2664): Illuminate\\Database\\Connection->update('update `invoice...', Array)
#4 /home/eritqaaa/public_html/crmold.eritqaa.com.tr/vendor/laravel/framework/src/Illuminate/Database/Eloquent/Builder.php(818): Illuminate\\Database\\Query\\Builder->update(Array)
#5 /home/eritqaaa/public_html/crmold.eritqaa.com.tr/vendor/laravel/framework/src/Illuminate/Database/Eloquent/Model.php(741): Illuminate\\Database\\Eloquent\\Builder->update(Array)
#6 /home/eritqaaa/public_html/crmold.eritqaa.com.tr/vendor/laravel/framework/src/Illuminate/Database/Eloquent/Model.php(656): Illuminate\\Database\\Eloquent\\Model->performUpdate(Object(Illuminate\\Database\\Eloquent\\Builder))
#7 /home/eritqaaa/public_html/crmold.eritqaa.com.tr/vendor/laravel/framework/src/Illuminate/Database/Eloquent/Model.php(603): Illuminate\\Database\\Eloquent\\Model->save(Array)
#8 /home/eritqaaa/public_html/crmold.eritqaa.com.tr/app/Http/Controllers/Accounting/Invoice_cont.php(117): Illuminate\\Database\\Eloquent\\Model->update(Array)
#9 [internal function]: App\\Http\\Controllers\\Accounting\\Invoice_cont->update(Object(Illuminate\\Http\\Request), '150')
#10 /home/eritqaaa/public_html/crmold.eritqaa.com.tr/vendor/laravel/framework/src/Illuminate/Routing/Controller.php(54): call_user_func_array(Array, Array)
#11 /home/eritqaaa/public_html/crmold.eritqaa.com.tr/vendor/laravel/framework/src/Illuminate/Routing/ControllerDispatcher.php(45): Illuminate\\Routing\\Controller->callAction('update', Array)
#12 /home/eritqaaa/public_html/crmold.eritqaa.com.tr/vendor/laravel/framework/src/Illuminate/Routing/Route.php(219): Illuminate\\Routing\\ControllerDispatcher->dispatch(Object(Illuminate\\Routing\\Route), Object(App\\Http\\Controllers\\Accounting\\Invoice_cont), 'update')
#13 /home/eritqaaa/public_html/crmold.eritqaa.com.tr/vendor/laravel/framework/src/Illuminate/Routing/Route.php(176): Illuminate\\Routing\\Route->runController()
#14 /home/eritqaaa/public_html/crmold.eritqaa.com.tr/vendor/laravel/framework/src/Illuminate/Routing/Router.php(680): Illuminate\\Routing\\Route->run()
#15 /home/eritqaaa/public_html/crmold.eritqaa.com.tr/vendor/laravel/framework/src/Illuminate/Routing/Pipeline.php(30): Illuminate\\Routing\\Router->Illuminate\\Routing\\{closure}(Object(Illuminate\\Http\\Request))
#16 /home/eritqaaa/public_html/crmold.eritqaa.com.tr/app/Http/Middleware/UserIsLogin.php(24): Illuminate\\Routing\\Pipeline->Illuminate\\Routing\\{closure}(Object(Illuminate\\Http\\Request))
#17 /home/eritqaaa/public_html/crmold.eritqaa.com.tr/vendor/laravel/framework/src/Illuminate/Pipeline/Pipeline.php(163): App\\Http\\Middleware\\UserIsLogin->handle(Object(Illuminate\\Http\\Request), Object(Closure))
#18 /home/eritqaaa/public_html/crmold.eritqaa.com.tr/vendor/laravel/framework/src/Illuminate/Routing/Pipeline.php(53): Illuminate\\Pipeline\\Pipeline->Illuminate\\Pipeline\\{closure}(Object(Illuminate\\Http\\Request))
#19 /home/eritqaaa/public_html/crmold.eritqaa.com.tr/app/Http/Middleware/Localization.php(23): Illuminate\\Routing\\Pipeline->Illuminate\\Routing\\{closure}(Object(Illuminate\\Http\\Request))
#20 /home/eritqaaa/public_html/crmold.eritqaa.com.tr/vendor/laravel/framework/src/Illuminate/Pipeline/Pipeline.php(163): App\\Http\\Middleware\\Localization->handle(Object(Illuminate\\Http\\Request), Object(Closure))
#21 /home/eritqaaa/public_html/crmold.eritqaa.com.tr/vendor/laravel/framework/src/Illuminate/Routing/Pipeline.php(53): Illuminate\\Pipeline\\Pipeline->Illuminate\\Pipeline\\{closure}(Object(Illuminate\\Http\\Request))
#22 /home/eritqaaa/public_html/crmold.eritqaa.com.tr/vendor/laravel/framework/src/Illuminate/Routing/Middleware/SubstituteBindings.php(41): Illuminate\\Routing\\Pipeline->Illuminate\\Routing\\{closure}(Object(Illuminate\\Http\\Request))
#23 /home/eritqaaa/public_html/crmold.eritqaa.com.tr/vendor/laravel/framework/src/Illuminate/Pipeline/Pipeline.php(163): Illuminate\\Routing\\Middleware\\SubstituteBindings->handle(Object(Illuminate\\Http\\Request), Object(Closure))
#24 /home/eritqaaa/public_html/crmold.eritqaa.com.tr/vendor/laravel/framework/src/Illuminate/Routing/Pipeline.php(53): Illuminate\\Pipeline\\Pipeline->Illuminate\\Pipeline\\{closure}(Object(Illuminate\\Http\\Request))
#25 /home/eritqaaa/public_html/crmold.eritqaa.com.tr/vendor/laravel/framework/src/Illuminate/Foundation/Http/Middleware/VerifyCsrfToken.php(75): Illuminate\\Routing\\Pipeline->Illuminate\\Routing\\{closure}(Object(Illuminate\\Http\\Request))
#26 /home/eritqaaa/public_html/crmold.eritqaa.com.tr/vendor/laravel/framework/src/Illuminate/Pipeline/Pipeline.php(163): Illuminate\\Foundation\\Http\\Middleware\\VerifyCsrfToken->handle(Object(Illuminate\\Http\\Request), Object(Closure))
#27 /home/eritqaaa/public_html/crmold.eritqaa.com.tr/vendor/laravel/framework/src/Illuminate/Routing/Pipeline.php(53): Illuminate\\Pipeline\\Pipeline->Illuminate\\Pipeline\\{closure}(Object(Illuminate\\Http\\Request))
#28 /home/eritqaaa/public_html/crmold.eritqaa.com.tr/vendor/laravel/framework/src/Illuminate/View/Middleware/ShareErrorsFromSession.php(49): Illuminate\\Routing\\Pipeline->Illuminate\\Routing\\{closure}(Object(Illuminate\\Http\\Request))
#29 /home/eritqaaa/public_html/crmold.eritqaa.com.tr/vendor/laravel/framework/src/Illuminate/Pipeline/Pipeline.php(163): Illuminate\\View\\Middleware\\ShareErrorsFromSession->handle(Object(Illuminate\\Http\\Request), Object(Closure))
#30 /home/eritqaaa/public_html/crmold.eritqaa.com.tr/vendor/laravel/framework/src/Illuminate/Routing/Pipeline.php(53): Illuminate\\Pipeline\\Pipeline->Illuminate\\Pipeline\\{closure}(Object(Illuminate\\Http\\Request))
#31 /home/eritqaaa/public_html/crmold.eritqaa.com.tr/vendor/laravel/framework/src/Illuminate/Session/Middleware/StartSession.php(56): Illuminate\\Routing\\Pipeline->Illuminate\\Routing\\{closure}(Object(Illuminate\\Http\\Request))
#32 /home/eritqaaa/public_html/crmold.eritqaa.com.tr/vendor/laravel/framework/src/Illuminate/Pipeline/Pipeline.php(163): Illuminate\\Session\\Middleware\\StartSession->handle(Object(Illuminate\\Http\\Request), Object(Closure))
#33 /home/eritqaaa/public_html/crmold.eritqaa.com.tr/vendor/laravel/framework/src/Illuminate/Routing/Pipeline.php(53): Illuminate\\Pipeline\\Pipeline->Illuminate\\Pipeline\\{closure}(Object(Illuminate\\Http\\Request))
#34 /home/eritqaaa/public_html/crmold.eritqaa.com.tr/vendor/laravel/framework/src/Illuminate/Cookie/Middleware/AddQueuedCookiesToResponse.php(37): Illuminate\\Routing\\Pipeline->Illuminate\\Routing\\{closure}(Object(Illuminate\\Http\\Request))
#35 /home/eritqaaa/public_html/crmold.eritqaa.com.tr/vendor/laravel/framework/src/Illuminate/Pipeline/Pipeline.php(163): Illuminate\\Cookie\\Middleware\\AddQueuedCookiesToResponse->handle(Object(Illuminate\\Http\\Request), Object(Closure))
#36 /home/eritqaaa/public_html/crmold.eritqaa.com.tr/vendor/laravel/framework/src/Illuminate/Routing/Pipeline.php(53): Illuminate\\Pipeline\\Pipeline->Illuminate\\Pipeline\\{closure}(Object(Illuminate\\Http\\Request))
#37 /home/eritqaaa/public_html/crmold.eritqaa.com.tr/vendor/laravel/framework/src/Illuminate/Cookie/Middleware/EncryptCookies.php(66): Illuminate\\Routing\\Pipeline->Illuminate\\Routing\\{closure}(Object(Illuminate\\Http\\Request))
#38 /home/eritqaaa/public_html/crmold.eritqaa.com.tr/vendor/laravel/framework/src/Illuminate/Pipeline/Pipeline.php(163): Illuminate\\Cookie\\Middleware\\EncryptCookies->handle(Object(Illuminate\\Http\\Request), Object(Closure))
#39 /home/eritqaaa/public_html/crmold.eritqaa.com.tr/vendor/laravel/framework/src/Illuminate/Routing/Pipeline.php(53): Illuminate\\Pipeline\\Pipeline->Illuminate\\Pipeline\\{closure}(Object(Illuminate\\Http\\Request))
#40 /home/eritqaaa/public_html/crmold.eritqaa.com.tr/vendor/laravel/framework/src/Illuminate/Pipeline/Pipeline.php(104): Illuminate\\Routing\\Pipeline->Illuminate\\Routing\\{closure}(Object(Illuminate\\Http\\Request))
#41 /home/eritqaaa/public_html/crmold.eritqaa.com.tr/vendor/laravel/framework/src/Illuminate/Routing/Router.php(682): Illuminate\\Pipeline\\Pipeline->then(Object(Closure))
#42 /home/eritqaaa/public_html/crmold.eritqaa.com.tr/vendor/laravel/framework/src/Illuminate/Routing/Router.php(657): Illuminate\\Routing\\Router->runRouteWithinStack(Object(Illuminate\\Routing\\Route), Object(Illuminate\\Http\\Request))
#43 /home/eritqaaa/public_html/crmold.eritqaa.com.tr/vendor/laravel/framework/src/Illuminate/Routing/Router.php(623): Illuminate\\Routing\\Router->runRoute(Object(Illuminate\\Http\\Request), Object(Illuminate\\Routing\\Route))
#44 /home/eritqaaa/public_html/crmold.eritqaa.com.tr/vendor/laravel/framework/src/Illuminate/Routing/Router.php(612): Illuminate\\Routing\\Router->dispatchToRoute(Object(Illuminate\\Http\\Request))
#45 /home/eritqaaa/public_html/crmold.eritqaa.com.tr/vendor/laravel/framework/src/Illuminate/Foundation/Http/Kernel.php(176): Illuminate\\Routing\\Router->dispatch(Object(Illuminate\\Http\\Request))
#46 /home/eritqaaa/public_html/crmold.eritqaa.com.tr/vendor/laravel/framework/src/Illuminate/Routing/Pipeline.php(30): Illuminate\\Foundation\\Http\\Kernel->Illuminate\\Foundation\\Http\\{closure}(Object(Illuminate\\Http\\Request))
#47 /home/eritqaaa/public_html/crmold.eritqaa.com.tr/vendor/fideloper/proxy/src/TrustProxies.php(57): Illuminate\\Routing\\Pipeline->Illuminate\\Routing\\{closure}(Object(Illuminate\\Http\\Request))
#48 /home/eritqaaa/public_html/crmold.eritqaa.com.tr/vendor/laravel/framework/src/Illuminate/Pipeline/Pipeline.php(163): Fideloper\\Proxy\\TrustProxies->handle(Object(Illuminate\\Http\\Request), Object(Closure))
#49 /home/eritqaaa/public_html/crmold.eritqaa.com.tr/vendor/laravel/framework/src/Illuminate/Routing/Pipeline.php(53): Illuminate\\Pipeline\\Pipeline->Illuminate\\Pipeline\\{closure}(Object(Illuminate\\Http\\Request))
#50 /home/eritqaaa/public_html/crmold.eritqaa.com.tr/vendor/laravel/framework/src/Illuminate/Foundation/Http/Middleware/TransformsRequest.php(21): Illuminate\\Routing\\Pipeline->Illuminate\\Routing\\{closure}(Object(Illuminate\\Http\\Request))
#51 /home/eritqaaa/public_html/crmold.eritqaa.com.tr/vendor/laravel/framework/src/Illuminate/Pipeline/Pipeline.php(163): Illuminate\\Foundation\\Http\\Middleware\\TransformsRequest->handle(Object(Illuminate\\Http\\Request), Object(Closure))
#52 /home/eritqaaa/public_html/crmold.eritqaa.com.tr/vendor/laravel/framework/src/Illuminate/Routing/Pipeline.php(53): Illuminate\\Pipeline\\Pipeline->Illuminate\\Pipeline\\{closure}(Object(Illuminate\\Http\\Request))
#53 /home/eritqaaa/public_html/crmold.eritqaa.com.tr/vendor/laravel/framework/src/Illuminate/Foundation/Http/Middleware/TransformsRequest.php(21): Illuminate\\Routing\\Pipeline->Illuminate\\Routing\\{closure}(Object(Illuminate\\Http\\Request))
#54 /home/eritqaaa/public_html/crmold.eritqaa.com.tr/vendor/laravel/framework/src/Illuminate/Pipeline/Pipeline.php(163): Illuminate\\Foundation\\Http\\Middleware\\TransformsRequest->handle(Object(Illuminate\\Http\\Request), Object(Closure))
#55 /home/eritqaaa/public_html/crmold.eritqaa.com.tr/vendor/laravel/framework/src/Illuminate/Routing/Pipeline.php(53): Illuminate\\Pipeline\\Pipeline->Illuminate\\Pipeline\\{closure}(Object(Illuminate\\Http\\Request))
#56 /home/eritqaaa/public_html/crmold.eritqaa.com.tr/vendor/laravel/framework/src/Illuminate/Foundation/Http/Middleware/ValidatePostSize.php(27): Illuminate\\Routing\\Pipeline->Illuminate\\Routing\\{closure}(Object(Illuminate\\Http\\Request))
#57 /home/eritqaaa/public_html/crmold.eritqaa.com.tr/vendor/laravel/framework/src/Illuminate/Pipeline/Pipeline.php(163): Illuminate\\Foundation\\Http\\Middleware\\ValidatePostSize->handle(Object(Illuminate\\Http\\Request), Object(Closure))
#58 /home/eritqaaa/public_html/crmold.eritqaa.com.tr/vendor/laravel/framework/src/Illuminate/Routing/Pipeline.php(53): Illuminate\\Pipeline\\Pipeline->Illuminate\\Pipeline\\{closure}(Object(Illuminate\\Http\\Request))
#59 /home/eritqaaa/public_html/crmold.eritqaa.com.tr/vendor/laravel/framework/src/Illuminate/Foundation/Http/Middleware/CheckForMaintenanceMode.php(62): Illuminate\\Routing\\Pipeline->Illuminate\\Routing\\{closure}(Object(Illuminate\\Http\\Request))
#60 /home/eritqaaa/public_html/crmold.eritqaa.com.tr/vendor/laravel/framework/src/Illuminate/Pipeline/Pipeline.php(163): Illuminate\\Foundation\\Http\\Middleware\\CheckForMaintenanceMode->handle(Object(Illuminate\\Http\\Request), Object(Closure))
#61 /home/eritqaaa/public_html/crmold.eritqaa.com.tr/vendor/laravel/framework/src/Illuminate/Routing/Pipeline.php(53): Illuminate\\Pipeline\\Pipeline->Illuminate\\Pipeline\\{closure}(Object(Illuminate\\Http\\Request))
#62 /home/eritqaaa/public_html/crmold.eritqaa.com.tr/vendor/laravel/framework/src/Illuminate/Pipeline/Pipeline.php(104): Illuminate\\Routing\\Pipeline->Illuminate\\Routing\\{closure}(Object(Illuminate\\Http\\Request))
#63 /home/eritqaaa/public_html/crmold.eritqaa.com.tr/vendor/laravel/framework/src/Illuminate/Foundation/Http/Kernel.php(151): Illuminate\\Pipeline\\Pipeline->then(Object(Closure))
#64 /home/eritqaaa/public_html/crmold.eritqaa.com.tr/vendor/laravel/framework/src/Illuminate/Foundation/Http/Kernel.php(116): Illuminate\\Foundation\\Http\\Kernel->sendRequestThroughRouter(Object(Illuminate\\Http\\Request))
#65 /home/eritqaaa/public_html/crmold.eritqaa.com.tr/public/index.php(55): Illuminate\\Foundation\\Http\\Kernel->handle(Object(Illuminate\\Http\\Request))
#66 {main}
"} 
[2019-10-17 14:23:23] local.ERROR: SQLSTATE[22001]: String data, right truncated: 1406 Data too long for column 'notes' at row 1 (SQL: insert into `invoices` (`tid`, `customer_id`, `user_id`, `invoicedate`, `invoiceduedate`, `subtotal`, `discount`, `discstatus`, `format_discount`, `tax`, `taxstatus`, `total`, `notes`, `updated_at`, `created_at`) values (1152, 1067, 1, 2019-10-17, 2019-10-17, 700, 0, 1, %, 0, no, 700, تنتهي مسؤولية الشركة قانونية وضريبية بتاريخ 17/10/2019 ولم تعد شركتنا لها اي صلة او علاقة مباشرة أو غير مباشرة بالشركة المصدر لها الفاتورة بتوقيع المدير المخول للشركة الأستاذ محمد بإقرار صاحبة الشأن الست عبير, 2019-10-17 14:23:23, 2019-10-17 14:23:23)) {"userId":1,"exception":"[object] (Illuminate\\Database\\QueryException(code: 22001): SQLSTATE[22001]: String data, right truncated: 1406 Data too long for column 'notes' at row 1 (SQL: insert into `invoices` (`tid`, `customer_id`, `user_id`, `invoicedate`, `invoiceduedate`, `subtotal`, `discount`, `discstatus`, `format_discount`, `tax`, `taxstatus`, `total`, `notes`, `updated_at`, `created_at`) values (1152, 1067, 1, 2019-10-17, 2019-10-17, 700, 0, 1, %, 0, no, 700, تنتهي مسؤولية الشركة قانونية وضريبية بتاريخ 17/10/2019 ولم تعد شركتنا لها اي صلة او علاقة مباشرة أو غير مباشرة بالشركة المصدر لها الفاتورة بتوقيع المدير المخول للشركة الأستاذ محمد بإقرار صاحبة الشأن الست عبير, 2019-10-17 14:23:23, 2019-10-17 14:23:23)) at /home/eritqaaa/public_html/crmold.eritqaa.com.tr/vendor/laravel/framework/src/Illuminate/Database/Connection.php:664, PDOException(code: 22001): SQLSTATE[22001]: String data, right truncated: 1406 Data too long for column 'notes' at row 1 at /home/eritqaaa/public_html/crmold.eritqaa.com.tr/vendor/laravel/framework/src/Illuminate/Database/Connection.php:458)
[stacktrace]
#0 /home/eritqaaa/public_html/crmold.eritqaa.com.tr/vendor/laravel/framework/src/Illuminate/Database/Connection.php(624): Illuminate\\Database\\Connection->runQueryCallback('insert into `in...', Array, Object(Closure))
#1 /home/eritqaaa/public_html/crmold.eritqaa.com.tr/vendor/laravel/framework/src/Illuminate/Database/Connection.php(459): Illuminate\\Database\\Connection->run('insert into `in...', Array, Object(Closure))
#2 /home/eritqaaa/public_html/crmold.eritqaa.com.tr/vendor/laravel/framework/src/Illuminate/Database/Connection.php(411): Illuminate\\Database\\Connection->statement('insert into `in...', Array)
#3 /home/eritqaaa/public_html/crmold.eritqaa.com.tr/vendor/laravel/framework/src/Illuminate/Database/Query/Processors/Processor.php(32): Illuminate\\Database\\Connection->insert('insert into `in...', Array)
#4 /home/eritqaaa/public_html/crmold.eritqaa.com.tr/vendor/laravel/framework/src/Illuminate/Database/Query/Builder.php(2633): Illuminate\\Database\\Query\\Processors\\Processor->processInsertGetId(Object(Illuminate\\Database\\Query\\Builder), 'insert into `in...', Array, 'id')
#5 /home/eritqaaa/public_html/crmold.eritqaa.com.tr/vendor/laravel/framework/src/Illuminate/Database/Eloquent/Builder.php(1347): Illuminate\\Database\\Query\\Builder->insertGetId(Array, 'id')
#6 /home/eritqaaa/public_html/crmold.eritqaa.com.tr/vendor/laravel/framework/src/Illuminate/Database/Eloquent/Model.php(835): Illuminate\\Database\\Eloquent\\Builder->__call('insertGetId', Array)
#7 /home/eritqaaa/public_html/crmold.eritqaa.com.tr/vendor/laravel/framework/src/Illuminate/Database/Eloquent/Model.php(800): Illuminate\\Database\\Eloquent\\Model->insertAndSetId(Object(Illuminate\\Database\\Eloquent\\Builder), Array)
#8 /home/eritqaaa/public_html/crmold.eritqaa.com.tr/vendor/laravel/framework/src/Illuminate/Database/Eloquent/Model.php(663): Illuminate\\Database\\Eloquent\\Model->performInsert(Object(Illuminate\\Database\\Eloquent\\Builder))
#9 /home/eritqaaa/public_html/crmold.eritqaa.com.tr/vendor/laravel/framework/src/Illuminate/Database/Eloquent/Builder.php(793): Illuminate\\Database\\Eloquent\\Model->save()
#10 /home/eritqaaa/public_html/crmold.eritqaa.com.tr/vendor/laravel/framework/src/Illuminate/Support/helpers.php(1122): Illuminate\\Database\\Eloquent\\Builder->Illuminate\\Database\\Eloquent\\{closure}(Object(App\\Model\\Invoice))
#11 /home/eritqaaa/public_html/crmold.eritqaa.com.tr/vendor/laravel/framework/src/Illuminate/Database/Eloquent/Builder.php(794): tap(Object(App\\Model\\Invoice), Object(Closure))
#12 /home/eritqaaa/public_html/crmold.eritqaa.com.tr/vendor/laravel/framework/src/Illuminate/Support/Traits/ForwardsCalls.php(23): Illuminate\\Database\\Eloquent\\Builder->create(Array)
#13 /home/eritqaaa/public_html/crmold.eritqaa.com.tr/vendor/laravel/framework/src/Illuminate/Database/Eloquent/Model.php(1614): Illuminate\\Database\\Eloquent\\Model->forwardCallTo(Object(Illuminate\\Database\\Eloquent\\Builder), 'create', Array)
#14 /home/eritqaaa/public_html/crmold.eritqaa.com.tr/vendor/laravel/framework/src/Illuminate/Database/Eloquent/Model.php(1626): Illuminate\\Database\\Eloquent\\Model->__call('create', Array)
#15 /home/eritqaaa/public_html/crmold.eritqaa.com.tr/app/Http/Controllers/Accounting/Invoice_cont.php(268): Illuminate\\Database\\Eloquent\\Model::__callStatic('create', Array)
#16 [internal function]: App\\Http\\Controllers\\Accounting\\Invoice_cont->add(Object(Illuminate\\Http\\Request))
#17 /home/eritqaaa/public_html/crmold.eritqaa.com.tr/vendor/laravel/framework/src/Illuminate/Routing/Controller.php(54): call_user_func_array(Array, Array)
#18 /home/eritqaaa/public_html/crmold.eritqaa.com.tr/vendor/laravel/framework/src/Illuminate/Routing/ControllerDispatcher.php(45): Illuminate\\Routing\\Controller->callAction('add', Array)
#19 /home/eritqaaa/public_html/crmold.eritqaa.com.tr/vendor/laravel/framework/src/Illuminate/Routing/Route.php(219): Illuminate\\Routing\\ControllerDispatcher->dispatch(Object(Illuminate\\Routing\\Route), Object(App\\Http\\Controllers\\Accounting\\Invoice_cont), 'add')
#20 /home/eritqaaa/public_html/crmold.eritqaa.com.tr/vendor/laravel/framework/src/Illuminate/Routing/Route.php(176): Illuminate\\Routing\\Route->runController()
#21 /home/eritqaaa/public_html/crmold.eritqaa.com.tr/vendor/laravel/framework/src/Illuminate/Routing/Router.php(680): Illuminate\\Routing\\Route->run()
#22 /home/eritqaaa/public_html/crmold.eritqaa.com.tr/vendor/laravel/framework/src/Illuminate/Routing/Pipeline.php(30): Illuminate\\Routing\\Router->Illuminate\\Routing\\{closure}(Object(Illuminate\\Http\\Request))
#23 /home/eritqaaa/public_html/crmold.eritqaa.com.tr/app/Http/Middleware/UserIsLogin.php(24): Illuminate\\Routing\\Pipeline->Illuminate\\Routing\\{closure}(Object(Illuminate\\Http\\Request))
#24 /home/eritqaaa/public_html/crmold.eritqaa.com.tr/vendor/laravel/framework/src/Illuminate/Pipeline/Pipeline.php(163): App\\Http\\Middleware\\UserIsLogin->handle(Object(Illuminate\\Http\\Request), Object(Closure))
#25 /home/eritqaaa/public_html/crmold.eritqaa.com.tr/vendor/laravel/framework/src/Illuminate/Routing/Pipeline.php(53): Illuminate\\Pipeline\\Pipeline->Illuminate\\Pipeline\\{closure}(Object(Illuminate\\Http\\Request))
#26 /home/eritqaaa/public_html/crmold.eritqaa.com.tr/app/Http/Middleware/Localization.php(23): Illuminate\\Routing\\Pipeline->Illuminate\\Routing\\{closure}(Object(Illuminate\\Http\\Request))
#27 /home/eritqaaa/public_html/crmold.eritqaa.com.tr/vendor/laravel/framework/src/Illuminate/Pipeline/Pipeline.php(163): App\\Http\\Middleware\\Localization->handle(Object(Illuminate\\Http\\Request), Object(Closure))
#28 /home/eritqaaa/public_html/crmold.eritqaa.com.tr/vendor/laravel/framework/src/Illuminate/Routing/Pipeline.php(53): Illuminate\\Pipeline\\Pipeline->Illuminate\\Pipeline\\{closure}(Object(Illuminate\\Http\\Request))
#29 /home/eritqaaa/public_html/crmold.eritqaa.com.tr/vendor/laravel/framework/src/Illuminate/Routing/Middleware/SubstituteBindings.php(41): Illuminate\\Routing\\Pipeline->Illuminate\\Routing\\{closure}(Object(Illuminate\\Http\\Request))
#30 /home/eritqaaa/public_html/crmold.eritqaa.com.tr/vendor/laravel/framework/src/Illuminate/Pipeline/Pipeline.php(163): Illuminate\\Routing\\Middleware\\SubstituteBindings->handle(Object(Illuminate\\Http\\Request), Object(Closure))
#31 /home/eritqaaa/public_html/crmold.eritqaa.com.tr/vendor/laravel/framework/src/Illuminate/Routing/Pipeline.php(53): Illuminate\\Pipeline\\Pipeline->Illuminate\\Pipeline\\{closure}(Object(Illuminate\\Http\\Request))
#32 /home/eritqaaa/public_html/crmold.eritqaa.com.tr/vendor/laravel/framework/src/Illuminate/Foundation/Http/Middleware/VerifyCsrfToken.php(75): Illuminate\\Routing\\Pipeline->Illuminate\\Routing\\{closure}(Object(Illuminate\\Http\\Request))
#33 /home/eritqaaa/public_html/crmold.eritqaa.com.tr/vendor/laravel/framework/src/Illuminate/Pipeline/Pipeline.php(163): Illuminate\\Foundation\\Http\\Middleware\\VerifyCsrfToken->handle(Object(Illuminate\\Http\\Request), Object(Closure))
#34 /home/eritqaaa/public_html/crmold.eritqaa.com.tr/vendor/laravel/framework/src/Illuminate/Routing/Pipeline.php(53): Illuminate\\Pipeline\\Pipeline->Illuminate\\Pipeline\\{closure}(Object(Illuminate\\Http\\Request))
#35 /home/eritqaaa/public_html/crmold.eritqaa.com.tr/vendor/laravel/framework/src/Illuminate/View/Middleware/ShareErrorsFromSession.php(49): Illuminate\\Routing\\Pipeline->Illuminate\\Routing\\{closure}(Object(Illuminate\\Http\\Request))
#36 /home/eritqaaa/public_html/crmold.eritqaa.com.tr/vendor/laravel/framework/src/Illuminate/Pipeline/Pipeline.php(163): Illuminate\\View\\Middleware\\ShareErrorsFromSession->handle(Object(Illuminate\\Http\\Request), Object(Closure))
#37 /home/eritqaaa/public_html/crmold.eritqaa.com.tr/vendor/laravel/framework/src/Illuminate/Routing/Pipeline.php(53): Illuminate\\Pipeline\\Pipeline->Illuminate\\Pipeline\\{closure}(Object(Illuminate\\Http\\Request))
#38 /home/eritqaaa/public_html/crmold.eritqaa.com.tr/vendor/laravel/framework/src/Illuminate/Session/Middleware/StartSession.php(56): Illuminate\\Routing\\Pipeline->Illuminate\\Routing\\{closure}(Object(Illuminate\\Http\\Request))
#39 /home/eritqaaa/public_html/crmold.eritqaa.com.tr/vendor/laravel/framework/src/Illuminate/Pipeline/Pipeline.php(163): Illuminate\\Session\\Middleware\\StartSession->handle(Object(Illuminate\\Http\\Request), Object(Closure))
#40 /home/eritqaaa/public_html/crmold.eritqaa.com.tr/vendor/laravel/framework/src/Illuminate/Routing/Pipeline.php(53): Illuminate\\Pipeline\\Pipeline->Illuminate\\Pipeline\\{closure}(Object(Illuminate\\Http\\Request))
#41 /home/eritqaaa/public_html/crmold.eritqaa.com.tr/vendor/laravel/framework/src/Illuminate/Cookie/Middleware/AddQueuedCookiesToResponse.php(37): Illuminate\\Routing\\Pipeline->Illuminate\\Routing\\{closure}(Object(Illuminate\\Http\\Request))
#42 /home/eritqaaa/public_html/crmold.eritqaa.com.tr/vendor/laravel/framework/src/Illuminate/Pipeline/Pipeline.php(163): Illuminate\\Cookie\\Middleware\\AddQueuedCookiesToResponse->handle(Object(Illuminate\\Http\\Request), Object(Closure))
#43 /home/eritqaaa/public_html/crmold.eritqaa.com.tr/vendor/laravel/framework/src/Illuminate/Routing/Pipeline.php(53): Illuminate\\Pipeline\\Pipeline->Illuminate\\Pipeline\\{closure}(Object(Illuminate\\Http\\Request))
#44 /home/eritqaaa/public_html/crmold.eritqaa.com.tr/vendor/laravel/framework/src/Illuminate/Cookie/Middleware/EncryptCookies.php(66): Illuminate\\Routing\\Pipeline->Illuminate\\Routing\\{closure}(Object(Illuminate\\Http\\Request))
#45 /home/eritqaaa/public_html/crmold.eritqaa.com.tr/vendor/laravel/framework/src/Illuminate/Pipeline/Pipeline.php(163): Illuminate\\Cookie\\Middleware\\EncryptCookies->handle(Object(Illuminate\\Http\\Request), Object(Closure))
#46 /home/eritqaaa/public_html/crmold.eritqaa.com.tr/vendor/laravel/framework/src/Illuminate/Routing/Pipeline.php(53): Illuminate\\Pipeline\\Pipeline->Illuminate\\Pipeline\\{closure}(Object(Illuminate\\Http\\Request))
#47 /home/eritqaaa/public_html/crmold.eritqaa.com.tr/vendor/laravel/framework/src/Illuminate/Pipeline/Pipeline.php(104): Illuminate\\Routing\\Pipeline->Illuminate\\Routing\\{closure}(Object(Illuminate\\Http\\Request))
#48 /home/eritqaaa/public_html/crmold.eritqaa.com.tr/vendor/laravel/framework/src/Illuminate/Routing/Router.php(682): Illuminate\\Pipeline\\Pipeline->then(Object(Closure))
#49 /home/eritqaaa/public_html/crmold.eritqaa.com.tr/vendor/laravel/framework/src/Illuminate/Routing/Router.php(657): Illuminate\\Routing\\Router->runRouteWithinStack(Object(Illuminate\\Routing\\Route), Object(Illuminate\\Http\\Request))
#50 /home/eritqaaa/public_html/crmold.eritqaa.com.tr/vendor/laravel/framework/src/Illuminate/Routing/Router.php(623): Illuminate\\Routing\\Router->runRoute(Object(Illuminate\\Http\\Request), Object(Illuminate\\Routing\\Route))
#51 /home/eritqaaa/public_html/crmold.eritqaa.com.tr/vendor/laravel/framework/src/Illuminate/Routing/Router.php(612): Illuminate\\Routing\\Router->dispatchToRoute(Object(Illuminate\\Http\\Request))
#52 /home/eritqaaa/public_html/crmold.eritqaa.com.tr/vendor/laravel/framework/src/Illuminate/Foundation/Http/Kernel.php(176): Illuminate\\Routing\\Router->dispatch(Object(Illuminate\\Http\\Request))
#53 /home/eritqaaa/public_html/crmold.eritqaa.com.tr/vendor/laravel/framework/src/Illuminate/Routing/Pipeline.php(30): Illuminate\\Foundation\\Http\\Kernel->Illuminate\\Foundation\\Http\\{closure}(Object(Illuminate\\Http\\Request))
#54 /home/eritqaaa/public_html/crmold.eritqaa.com.tr/vendor/fideloper/proxy/src/TrustProxies.php(57): Illuminate\\Routing\\Pipeline->Illuminate\\Routing\\{closure}(Object(Illuminate\\Http\\Request))
#55 /home/eritqaaa/public_html/crmold.eritqaa.com.tr/vendor/laravel/framework/src/Illuminate/Pipeline/Pipeline.php(163): Fideloper\\Proxy\\TrustProxies->handle(Object(Illuminate\\Http\\Request), Object(Closure))
#56 /home/eritqaaa/public_html/crmold.eritqaa.com.tr/vendor/laravel/framework/src/Illuminate/Routing/Pipeline.php(53): Illuminate\\Pipeline\\Pipeline->Illuminate\\Pipeline\\{closure}(Object(Illuminate\\Http\\Request))
#57 /home/eritqaaa/public_html/crmold.eritqaa.com.tr/vendor/laravel/framework/src/Illuminate/Foundation/Http/Middleware/TransformsRequest.php(21): Illuminate\\Routing\\Pipeline->Illuminate\\Routing\\{closure}(Object(Illuminate\\Http\\Request))
#58 /home/eritqaaa/public_html/crmold.eritqaa.com.tr/vendor/laravel/framework/src/Illuminate/Pipeline/Pipeline.php(163): Illuminate\\Foundation\\Http\\Middleware\\TransformsRequest->handle(Object(Illuminate\\Http\\Request), Object(Closure))
#59 /home/eritqaaa/public_html/crmold.eritqaa.com.tr/vendor/laravel/framework/src/Illuminate/Routing/Pipeline.php(53): Illuminate\\Pipeline\\Pipeline->Illuminate\\Pipeline\\{closure}(Object(Illuminate\\Http\\Request))
#60 /home/eritqaaa/public_html/crmold.eritqaa.com.tr/vendor/laravel/framework/src/Illuminate/Foundation/Http/Middleware/TransformsRequest.php(21): Illuminate\\Routing\\Pipeline->Illuminate\\Routing\\{closure}(Object(Illuminate\\Http\\Request))
#61 /home/eritqaaa/public_html/crmold.eritqaa.com.tr/vendor/laravel/framework/src/Illuminate/Pipeline/Pipeline.php(163): Illuminate\\Foundation\\Http\\Middleware\\TransformsRequest->handle(Object(Illuminate\\Http\\Request), Object(Closure))
#62 /home/eritqaaa/public_html/crmold.eritqaa.com.tr/vendor/laravel/framework/src/Illuminate/Routing/Pipeline.php(53): Illuminate\\Pipeline\\Pipeline->Illuminate\\Pipeline\\{closure}(Object(Illuminate\\Http\\Request))
#63 /home/eritqaaa/public_html/crmold.eritqaa.com.tr/vendor/laravel/framework/src/Illuminate/Foundation/Http/Middleware/ValidatePostSize.php(27): Illuminate\\Routing\\Pipeline->Illuminate\\Routing\\{closure}(Object(Illuminate\\Http\\Request))
#64 /home/eritqaaa/public_html/crmold.eritqaa.com.tr/vendor/laravel/framework/src/Illuminate/Pipeline/Pipeline.php(163): Illuminate\\Foundation\\Http\\Middleware\\ValidatePostSize->handle(Object(Illuminate\\Http\\Request), Object(Closure))
#65 /home/eritqaaa/public_html/crmold.eritqaa.com.tr/vendor/laravel/framework/src/Illuminate/Routing/Pipeline.php(53): Illuminate\\Pipeline\\Pipeline->Illuminate\\Pipeline\\{closure}(Object(Illuminate\\Http\\Request))
#66 /home/eritqaaa/public_html/crmold.eritqaa.com.tr/vendor/laravel/framework/src/Illuminate/Foundation/Http/Middleware/CheckForMaintenanceMode.php(62): Illuminate\\Routing\\Pipeline->Illuminate\\Routing\\{closure}(Object(Illuminate\\Http\\Request))
#67 /home/eritqaaa/public_html/crmold.eritqaa.com.tr/vendor/laravel/framework/src/Illuminate/Pipeline/Pipeline.php(163): Illuminate\\Foundation\\Http\\Middleware\\CheckForMaintenanceMode->handle(Object(Illuminate\\Http\\Request), Object(Closure))
#68 /home/eritqaaa/public_html/crmold.eritqaa.com.tr/vendor/laravel/framework/src/Illuminate/Routing/Pipeline.php(53): Illuminate\\Pipeline\\Pipeline->Illuminate\\Pipeline\\{closure}(Object(Illuminate\\Http\\Request))
#69 /home/eritqaaa/public_html/crmold.eritqaa.com.tr/vendor/laravel/framework/src/Illuminate/Pipeline/Pipeline.php(104): Illuminate\\Routing\\Pipeline->Illuminate\\Routing\\{closure}(Object(Illuminate\\Http\\Request))
#70 /home/eritqaaa/public_html/crmold.eritqaa.com.tr/vendor/laravel/framework/src/Illuminate/Foundation/Http/Kernel.php(151): Illuminate\\Pipeline\\Pipeline->then(Object(Closure))
#71 /home/eritqaaa/public_html/crmold.eritqaa.com.tr/vendor/laravel/framework/src/Illuminate/Foundation/Http/Kernel.php(116): Illuminate\\Foundation\\Http\\Kernel->sendRequestThroughRouter(Object(Illuminate\\Http\\Request))
#72 /home/eritqaaa/public_html/crmold.eritqaa.com.tr/public/index.php(55): Illuminate\\Foundation\\Http\\Kernel->handle(Object(Illuminate\\Http\\Request))
#73 {main}
"} 
[2019-10-17 14:25:12] local.ERROR: SQLSTATE[22001]: String data, right truncated: 1406 Data too long for column 'product_des' at row 1 (SQL: insert into `invoice__items` (`invoice_id`, `product`, `qty`, `price`, `tax`, `totaltax`, `discount`, `totaldiscount`, `subtotal`, `product_des`, `updated_at`, `created_at`) values (159, إخلاء مسؤولية, 1, 700, 0, 0, 0, 0.00, 700, تنتهي مسؤولية الشركة قانونية وضريبية بتاريخ 17/10/2019 ولم تعد شركتنا لها اي صلة او علاقة مباشرة أو غير مباشرة بالشركة المصدر لها الفاتورة بتوقيع المدير المخول للشركة الأستاذ محمد بإقرار صاحبة الشأن الست عبير, 2019-10-17 14:25:12, 2019-10-17 14:25:12)) {"userId":1,"exception":"[object] (Illuminate\\Database\\QueryException(code: 22001): SQLSTATE[22001]: String data, right truncated: 1406 Data too long for column 'product_des' at row 1 (SQL: insert into `invoice__items` (`invoice_id`, `product`, `qty`, `price`, `tax`, `totaltax`, `discount`, `totaldiscount`, `subtotal`, `product_des`, `updated_at`, `created_at`) values (159, إخلاء مسؤولية, 1, 700, 0, 0, 0, 0.00, 700, تنتهي مسؤولية الشركة قانونية وضريبية بتاريخ 17/10/2019 ولم تعد شركتنا لها اي صلة او علاقة مباشرة أو غير مباشرة بالشركة المصدر لها الفاتورة بتوقيع المدير المخول للشركة الأستاذ محمد بإقرار صاحبة الشأن الست عبير, 2019-10-17 14:25:12, 2019-10-17 14:25:12)) at /home/eritqaaa/public_html/crmold.eritqaa.com.tr/vendor/laravel/framework/src/Illuminate/Database/Connection.php:664, PDOException(code: 22001): SQLSTATE[22001]: String data, right truncated: 1406 Data too long for column 'product_des' at row 1 at /home/eritqaaa/public_html/crmold.eritqaa.com.tr/vendor/laravel/framework/src/Illuminate/Database/Connection.php:458)
[stacktrace]
#0 /home/eritqaaa/public_html/crmold.eritqaa.com.tr/vendor/laravel/framework/src/Illuminate/Database/Connection.php(624): Illuminate\\Database\\Connection->runQueryCallback('insert into `in...', Array, Object(Closure))
#1 /home/eritqaaa/public_html/crmold.eritqaa.com.tr/vendor/laravel/framework/src/Illuminate/Database/Connection.php(459): Illuminate\\Database\\Connection->run('insert into `in...', Array, Object(Closure))
#2 /home/eritqaaa/public_html/crmold.eritqaa.com.tr/vendor/laravel/framework/src/Illuminate/Database/Connection.php(411): Illuminate\\Database\\Connection->statement('insert into `in...', Array)
#3 /home/eritqaaa/public_html/crmold.eritqaa.com.tr/vendor/laravel/framework/src/Illuminate/Database/Query/Processors/Processor.php(32): Illuminate\\Database\\Connection->insert('insert into `in...', Array)
#4 /home/eritqaaa/public_html/crmold.eritqaa.com.tr/vendor/laravel/framework/src/Illuminate/Database/Query/Builder.php(2633): Illuminate\\Database\\Query\\Processors\\Processor->processInsertGetId(Object(Illuminate\\Database\\Query\\Builder), 'insert into `in...', Array, 'id')
#5 /home/eritqaaa/public_html/crmold.eritqaa.com.tr/vendor/laravel/framework/src/Illuminate/Database/Eloquent/Builder.php(1347): Illuminate\\Database\\Query\\Builder->insertGetId(Array, 'id')
#6 /home/eritqaaa/public_html/crmold.eritqaa.com.tr/vendor/laravel/framework/src/Illuminate/Database/Eloquent/Model.php(835): Illuminate\\Database\\Eloquent\\Builder->__call('insertGetId', Array)
#7 /home/eritqaaa/public_html/crmold.eritqaa.com.tr/vendor/laravel/framework/src/Illuminate/Database/Eloquent/Model.php(800): Illuminate\\Database\\Eloquent\\Model->insertAndSetId(Object(Illuminate\\Database\\Eloquent\\Builder), Array)
#8 /home/eritqaaa/public_html/crmold.eritqaa.com.tr/vendor/laravel/framework/src/Illuminate/Database/Eloquent/Model.php(663): Illuminate\\Database\\Eloquent\\Model->performInsert(Object(Illuminate\\Database\\Eloquent\\Builder))
#9 /home/eritqaaa/public_html/crmold.eritqaa.com.tr/vendor/laravel/framework/src/Illuminate/Database/Eloquent/Builder.php(793): Illuminate\\Database\\Eloquent\\Model->save()
#10 /home/eritqaaa/public_html/crmold.eritqaa.com.tr/vendor/laravel/framework/src/Illuminate/Support/helpers.php(1122): Illuminate\\Database\\Eloquent\\Builder->Illuminate\\Database\\Eloquent\\{closure}(Object(App\\Model\\Invoice_Item))
#11 /home/eritqaaa/public_html/crmold.eritqaa.com.tr/vendor/laravel/framework/src/Illuminate/Database/Eloquent/Builder.php(794): tap(Object(App\\Model\\Invoice_Item), Object(Closure))
#12 /home/eritqaaa/public_html/crmold.eritqaa.com.tr/vendor/laravel/framework/src/Illuminate/Support/Traits/ForwardsCalls.php(23): Illuminate\\Database\\Eloquent\\Builder->create(Array)
#13 /home/eritqaaa/public_html/crmold.eritqaa.com.tr/vendor/laravel/framework/src/Illuminate/Database/Eloquent/Model.php(1614): Illuminate\\Database\\Eloquent\\Model->forwardCallTo(Object(Illuminate\\Database\\Eloquent\\Builder), 'create', Array)
#14 /home/eritqaaa/public_html/crmold.eritqaa.com.tr/vendor/laravel/framework/src/Illuminate/Database/Eloquent/Model.php(1626): Illuminate\\Database\\Eloquent\\Model->__call('create', Array)
#15 /home/eritqaaa/public_html/crmold.eritqaa.com.tr/app/Http/Controllers/Accounting/Invoice_cont.php(298): Illuminate\\Database\\Eloquent\\Model::__callStatic('create', Array)
#16 [internal function]: App\\Http\\Controllers\\Accounting\\Invoice_cont->add(Object(Illuminate\\Http\\Request))
#17 /home/eritqaaa/public_html/crmold.eritqaa.com.tr/vendor/laravel/framework/src/Illuminate/Routing/Controller.php(54): call_user_func_array(Array, Array)
#18 /home/eritqaaa/public_html/crmold.eritqaa.com.tr/vendor/laravel/framework/src/Illuminate/Routing/ControllerDispatcher.php(45): Illuminate\\Routing\\Controller->callAction('add', Array)
#19 /home/eritqaaa/public_html/crmold.eritqaa.com.tr/vendor/laravel/framework/src/Illuminate/Routing/Route.php(219): Illuminate\\Routing\\ControllerDispatcher->dispatch(Object(Illuminate\\Routing\\Route), Object(App\\Http\\Controllers\\Accounting\\Invoice_cont), 'add')
#20 /home/eritqaaa/public_html/crmold.eritqaa.com.tr/vendor/laravel/framework/src/Illuminate/Routing/Route.php(176): Illuminate\\Routing\\Route->runController()
#21 /home/eritqaaa/public_html/crmold.eritqaa.com.tr/vendor/laravel/framework/src/Illuminate/Routing/Router.php(680): Illuminate\\Routing\\Route->run()
#22 /home/eritqaaa/public_html/crmold.eritqaa.com.tr/vendor/laravel/framework/src/Illuminate/Routing/Pipeline.php(30): Illuminate\\Routing\\Router->Illuminate\\Routing\\{closure}(Object(Illuminate\\Http\\Request))
#23 /home/eritqaaa/public_html/crmold.eritqaa.com.tr/app/Http/Middleware/UserIsLogin.php(24): Illuminate\\Routing\\Pipeline->Illuminate\\Routing\\{closure}(Object(Illuminate\\Http\\Request))
#24 /home/eritqaaa/public_html/crmold.eritqaa.com.tr/vendor/laravel/framework/src/Illuminate/Pipeline/Pipeline.php(163): App\\Http\\Middleware\\UserIsLogin->handle(Object(Illuminate\\Http\\Request), Object(Closure))
#25 /home/eritqaaa/public_html/crmold.eritqaa.com.tr/vendor/laravel/framework/src/Illuminate/Routing/Pipeline.php(53): Illuminate\\Pipeline\\Pipeline->Illuminate\\Pipeline\\{closure}(Object(Illuminate\\Http\\Request))
#26 /home/eritqaaa/public_html/crmold.eritqaa.com.tr/app/Http/Middleware/Localization.php(23): Illuminate\\Routing\\Pipeline->Illuminate\\Routing\\{closure}(Object(Illuminate\\Http\\Request))
#27 /home/eritqaaa/public_html/crmold.eritqaa.com.tr/vendor/laravel/framework/src/Illuminate/Pipeline/Pipeline.php(163): App\\Http\\Middleware\\Localization->handle(Object(Illuminate\\Http\\Request), Object(Closure))
#28 /home/eritqaaa/public_html/crmold.eritqaa.com.tr/vendor/laravel/framework/src/Illuminate/Routing/Pipeline.php(53): Illuminate\\Pipeline\\Pipeline->Illuminate\\Pipeline\\{closure}(Object(Illuminate\\Http\\Request))
#29 /home/eritqaaa/public_html/crmold.eritqaa.com.tr/vendor/laravel/framework/src/Illuminate/Routing/Middleware/SubstituteBindings.php(41): Illuminate\\Routing\\Pipeline->Illuminate\\Routing\\{closure}(Object(Illuminate\\Http\\Request))
#30 /home/eritqaaa/public_html/crmold.eritqaa.com.tr/vendor/laravel/framework/src/Illuminate/Pipeline/Pipeline.php(163): Illuminate\\Routing\\Middleware\\SubstituteBindings->handle(Object(Illuminate\\Http\\Request), Object(Closure))
#31 /home/eritqaaa/public_html/crmold.eritqaa.com.tr/vendor/laravel/framework/src/Illuminate/Routing/Pipeline.php(53): Illuminate\\Pipeline\\Pipeline->Illuminate\\Pipeline\\{closure}(Object(Illuminate\\Http\\Request))
#32 /home/eritqaaa/public_html/crmold.eritqaa.com.tr/vendor/laravel/framework/src/Illuminate/Foundation/Http/Middleware/VerifyCsrfToken.php(75): Illuminate\\Routing\\Pipeline->Illuminate\\Routing\\{closure}(Object(Illuminate\\Http\\Request))
#33 /home/eritqaaa/public_html/crmold.eritqaa.com.tr/vendor/laravel/framework/src/Illuminate/Pipeline/Pipeline.php(163): Illuminate\\Foundation\\Http\\Middleware\\VerifyCsrfToken->handle(Object(Illuminate\\Http\\Request), Object(Closure))
#34 /home/eritqaaa/public_html/crmold.eritqaa.com.tr/vendor/laravel/framework/src/Illuminate/Routing/Pipeline.php(53): Illuminate\\Pipeline\\Pipeline->Illuminate\\Pipeline\\{closure}(Object(Illuminate\\Http\\Request))
#35 /home/eritqaaa/public_html/crmold.eritqaa.com.tr/vendor/laravel/framework/src/Illuminate/View/Middleware/ShareErrorsFromSession.php(49): Illuminate\\Routing\\Pipeline->Illuminate\\Routing\\{closure}(Object(Illuminate\\Http\\Request))
#36 /home/eritqaaa/public_html/crmold.eritqaa.com.tr/vendor/laravel/framework/src/Illuminate/Pipeline/Pipeline.php(163): Illuminate\\View\\Middleware\\ShareErrorsFromSession->handle(Object(Illuminate\\Http\\Request), Object(Closure))
#37 /home/eritqaaa/public_html/crmold.eritqaa.com.tr/vendor/laravel/framework/src/Illuminate/Routing/Pipeline.php(53): Illuminate\\Pipeline\\Pipeline->Illuminate\\Pipeline\\{closure}(Object(Illuminate\\Http\\Request))
#38 /home/eritqaaa/public_html/crmold.eritqaa.com.tr/vendor/laravel/framework/src/Illuminate/Session/Middleware/StartSession.php(56): Illuminate\\Routing\\Pipeline->Illuminate\\Routing\\{closure}(Object(Illuminate\\Http\\Request))
#39 /home/eritqaaa/public_html/crmold.eritqaa.com.tr/vendor/laravel/framework/src/Illuminate/Pipeline/Pipeline.php(163): Illuminate\\Session\\Middleware\\StartSession->handle(Object(Illuminate\\Http\\Request), Object(Closure))
#40 /home/eritqaaa/public_html/crmold.eritqaa.com.tr/vendor/laravel/framework/src/Illuminate/Routing/Pipeline.php(53): Illuminate\\Pipeline\\Pipeline->Illuminate\\Pipeline\\{closure}(Object(Illuminate\\Http\\Request))
#41 /home/eritqaaa/public_html/crmold.eritqaa.com.tr/vendor/laravel/framework/src/Illuminate/Cookie/Middleware/AddQueuedCookiesToResponse.php(37): Illuminate\\Routing\\Pipeline->Illuminate\\Routing\\{closure}(Object(Illuminate\\Http\\Request))
#42 /home/eritqaaa/public_html/crmold.eritqaa.com.tr/vendor/laravel/framework/src/Illuminate/Pipeline/Pipeline.php(163): Illuminate\\Cookie\\Middleware\\AddQueuedCookiesToResponse->handle(Object(Illuminate\\Http\\Request), Object(Closure))
#43 /home/eritqaaa/public_html/crmold.eritqaa.com.tr/vendor/laravel/framework/src/Illuminate/Routing/Pipeline.php(53): Illuminate\\Pipeline\\Pipeline->Illuminate\\Pipeline\\{closure}(Object(Illuminate\\Http\\Request))
#44 /home/eritqaaa/public_html/crmold.eritqaa.com.tr/vendor/laravel/framework/src/Illuminate/Cookie/Middleware/EncryptCookies.php(66): Illuminate\\Routing\\Pipeline->Illuminate\\Routing\\{closure}(Object(Illuminate\\Http\\Request))
#45 /home/eritqaaa/public_html/crmold.eritqaa.com.tr/vendor/laravel/framework/src/Illuminate/Pipeline/Pipeline.php(163): Illuminate\\Cookie\\Middleware\\EncryptCookies->handle(Object(Illuminate\\Http\\Request), Object(Closure))
#46 /home/eritqaaa/public_html/crmold.eritqaa.com.tr/vendor/laravel/framework/src/Illuminate/Routing/Pipeline.php(53): Illuminate\\Pipeline\\Pipeline->Illuminate\\Pipeline\\{closure}(Object(Illuminate\\Http\\Request))
#47 /home/eritqaaa/public_html/crmold.eritqaa.com.tr/vendor/laravel/framework/src/Illuminate/Pipeline/Pipeline.php(104): Illuminate\\Routing\\Pipeline->Illuminate\\Routing\\{closure}(Object(Illuminate\\Http\\Request))
#48 /home/eritqaaa/public_html/crmold.eritqaa.com.tr/vendor/laravel/framework/src/Illuminate/Routing/Router.php(682): Illuminate\\Pipeline\\Pipeline->then(Object(Closure))
#49 /home/eritqaaa/public_html/crmold.eritqaa.com.tr/vendor/laravel/framework/src/Illuminate/Routing/Router.php(657): Illuminate\\Routing\\Router->runRouteWithinStack(Object(Illuminate\\Routing\\Route), Object(Illuminate\\Http\\Request))
#50 /home/eritqaaa/public_html/crmold.eritqaa.com.tr/vendor/laravel/framework/src/Illuminate/Routing/Router.php(623): Illuminate\\Routing\\Router->runRoute(Object(Illuminate\\Http\\Request), Object(Illuminate\\Routing\\Route))
#51 /home/eritqaaa/public_html/crmold.eritqaa.com.tr/vendor/laravel/framework/src/Illuminate/Routing/Router.php(612): Illuminate\\Routing\\Router->dispatchToRoute(Object(Illuminate\\Http\\Request))
#52 /home/eritqaaa/public_html/crmold.eritqaa.com.tr/vendor/laravel/framework/src/Illuminate/Foundation/Http/Kernel.php(176): Illuminate\\Routing\\Router->dispatch(Object(Illuminate\\Http\\Request))
#53 /home/eritqaaa/public_html/crmold.eritqaa.com.tr/vendor/laravel/framework/src/Illuminate/Routing/Pipeline.php(30): Illuminate\\Foundation\\Http\\Kernel->Illuminate\\Foundation\\Http\\{closure}(Object(Illuminate\\Http\\Request))
#54 /home/eritqaaa/public_html/crmold.eritqaa.com.tr/vendor/fideloper/proxy/src/TrustProxies.php(57): Illuminate\\Routing\\Pipeline->Illuminate\\Routing\\{closure}(Object(Illuminate\\Http\\Request))
#55 /home/eritqaaa/public_html/crmold.eritqaa.com.tr/vendor/laravel/framework/src/Illuminate/Pipeline/Pipeline.php(163): Fideloper\\Proxy\\TrustProxies->handle(Object(Illuminate\\Http\\Request), Object(Closure))
#56 /home/eritqaaa/public_html/crmold.eritqaa.com.tr/vendor/laravel/framework/src/Illuminate/Routing/Pipeline.php(53): Illuminate\\Pipeline\\Pipeline->Illuminate\\Pipeline\\{closure}(Object(Illuminate\\Http\\Request))
#57 /home/eritqaaa/public_html/crmold.eritqaa.com.tr/vendor/laravel/framework/src/Illuminate/Foundation/Http/Middleware/TransformsRequest.php(21): Illuminate\\Routing\\Pipeline->Illuminate\\Routing\\{closure}(Object(Illuminate\\Http\\Request))
#58 /home/eritqaaa/public_html/crmold.eritqaa.com.tr/vendor/laravel/framework/src/Illuminate/Pipeline/Pipeline.php(163): Illuminate\\Foundation\\Http\\Middleware\\TransformsRequest->handle(Object(Illuminate\\Http\\Request), Object(Closure))
#59 /home/eritqaaa/public_html/crmold.eritqaa.com.tr/vendor/laravel/framework/src/Illuminate/Routing/Pipeline.php(53): Illuminate\\Pipeline\\Pipeline->Illuminate\\Pipeline\\{closure}(Object(Illuminate\\Http\\Request))
#60 /home/eritqaaa/public_html/crmold.eritqaa.com.tr/vendor/laravel/framework/src/Illuminate/Foundation/Http/Middleware/TransformsRequest.php(21): Illuminate\\Routing\\Pipeline->Illuminate\\Routing\\{closure}(Object(Illuminate\\Http\\Request))
#61 /home/eritqaaa/public_html/crmold.eritqaa.com.tr/vendor/laravel/framework/src/Illuminate/Pipeline/Pipeline.php(163): Illuminate\\Foundation\\Http\\Middleware\\TransformsRequest->handle(Object(Illuminate\\Http\\Request), Object(Closure))
#62 /home/eritqaaa/public_html/crmold.eritqaa.com.tr/vendor/laravel/framework/src/Illuminate/Routing/Pipeline.php(53): Illuminate\\Pipeline\\Pipeline->Illuminate\\Pipeline\\{closure}(Object(Illuminate\\Http\\Request))
#63 /home/eritqaaa/public_html/crmold.eritqaa.com.tr/vendor/laravel/framework/src/Illuminate/Foundation/Http/Middleware/ValidatePostSize.php(27): Illuminate\\Routing\\Pipeline->Illuminate\\Routing\\{closure}(Object(Illuminate\\Http\\Request))
#64 /home/eritqaaa/public_html/crmold.eritqaa.com.tr/vendor/laravel/framework/src/Illuminate/Pipeline/Pipeline.php(163): Illuminate\\Foundation\\Http\\Middleware\\ValidatePostSize->handle(Object(Illuminate\\Http\\Request), Object(Closure))
#65 /home/eritqaaa/public_html/crmold.eritqaa.com.tr/vendor/laravel/framework/src/Illuminate/Routing/Pipeline.php(53): Illuminate\\Pipeline\\Pipeline->Illuminate\\Pipeline\\{closure}(Object(Illuminate\\Http\\Request))
#66 /home/eritqaaa/public_html/crmold.eritqaa.com.tr/vendor/laravel/framework/src/Illuminate/Foundation/Http/Middleware/CheckForMaintenanceMode.php(62): Illuminate\\Routing\\Pipeline->Illuminate\\Routing\\{closure}(Object(Illuminate\\Http\\Request))
#67 /home/eritqaaa/public_html/crmold.eritqaa.com.tr/vendor/laravel/framework/src/Illuminate/Pipeline/Pipeline.php(163): Illuminate\\Foundation\\Http\\Middleware\\CheckForMaintenanceMode->handle(Object(Illuminate\\Http\\Request), Object(Closure))
#68 /home/eritqaaa/public_html/crmold.eritqaa.com.tr/vendor/laravel/framework/src/Illuminate/Routing/Pipeline.php(53): Illuminate\\Pipeline\\Pipeline->Illuminate\\Pipeline\\{closure}(Object(Illuminate\\Http\\Request))
#69 /home/eritqaaa/public_html/crmold.eritqaa.com.tr/vendor/laravel/framework/src/Illuminate/Pipeline/Pipeline.php(104): Illuminate\\Routing\\Pipeline->Illuminate\\Routing\\{closure}(Object(Illuminate\\Http\\Request))
#70 /home/eritqaaa/public_html/crmold.eritqaa.com.tr/vendor/laravel/framework/src/Illuminate/Foundation/Http/Kernel.php(151): Illuminate\\Pipeline\\Pipeline->then(Object(Closure))
#71 /home/eritqaaa/public_html/crmold.eritqaa.com.tr/vendor/laravel/framework/src/Illuminate/Foundation/Http/Kernel.php(116): Illuminate\\Foundation\\Http\\Kernel->sendRequestThroughRouter(Object(Illuminate\\Http\\Request))
#72 /home/eritqaaa/public_html/crmold.eritqaa.com.tr/public/index.php(55): Illuminate\\Foundation\\Http\\Kernel->handle(Object(Illuminate\\Http\\Request))
#73 {main}
"} 
